<?xml version="1.0" encoding="UTF-8"?>
<testsuite name="com.ssafy.queant.model.repository.product.SearchRepositoryImplTest" tests="1" skipped="0" failures="0" errors="0" timestamp="2022-08-15T12:44:00" hostname="JunSunyoungui-MacBookAir.local" time="0.563">
  <properties/>
  <testcase name="searchBank()" classname="com.ssafy.queant.model.repository.product.SearchRepositoryImplTest" time="0.563"/>
  <system-out><![CDATA[21:43:40.869 [Test worker] DEBUG org.springframework.test.context.BootstrapUtils - Instantiating CacheAwareContextLoaderDelegate from class [org.springframework.test.context.cache.DefaultCacheAwareContextLoaderDelegate]
21:43:40.879 [Test worker] DEBUG org.springframework.test.context.BootstrapUtils - Instantiating BootstrapContext using constructor [public org.springframework.test.context.support.DefaultBootstrapContext(java.lang.Class,org.springframework.test.context.CacheAwareContextLoaderDelegate)]
21:43:40.918 [Test worker] DEBUG org.springframework.test.context.BootstrapUtils - Instantiating TestContextBootstrapper for test class [com.ssafy.queant.model.repository.product.SearchRepositoryImplTest] from class [org.springframework.boot.test.context.SpringBootTestContextBootstrapper]
21:43:40.930 [Test worker] INFO org.springframework.boot.test.context.SpringBootTestContextBootstrapper - Neither @ContextConfiguration nor @ContextHierarchy found for test class [com.ssafy.queant.model.repository.product.SearchRepositoryImplTest], using SpringBootContextLoader
21:43:40.934 [Test worker] DEBUG org.springframework.test.context.support.AbstractContextLoader - Did not detect default resource location for test class [com.ssafy.queant.model.repository.product.SearchRepositoryImplTest]: class path resource [com/ssafy/queant/model/repository/product/SearchRepositoryImplTest-context.xml] does not exist
21:43:40.935 [Test worker] DEBUG org.springframework.test.context.support.AbstractContextLoader - Did not detect default resource location for test class [com.ssafy.queant.model.repository.product.SearchRepositoryImplTest]: class path resource [com/ssafy/queant/model/repository/product/SearchRepositoryImplTestContext.groovy] does not exist
21:43:40.935 [Test worker] INFO org.springframework.test.context.support.AbstractContextLoader - Could not detect default resource locations for test class [com.ssafy.queant.model.repository.product.SearchRepositoryImplTest]: no resource found for suffixes {-context.xml, Context.groovy}.
21:43:40.935 [Test worker] INFO org.springframework.test.context.support.AnnotationConfigContextLoaderUtils - Could not detect default configuration classes for test class [com.ssafy.queant.model.repository.product.SearchRepositoryImplTest]: SearchRepositoryImplTest does not declare any static, non-private, non-final, nested classes annotated with @Configuration.
21:43:40.998 [Test worker] DEBUG org.springframework.test.context.support.ActiveProfilesUtils - Could not find an 'annotation declaring class' for annotation type [org.springframework.test.context.ActiveProfiles] and class [com.ssafy.queant.model.repository.product.SearchRepositoryImplTest]
21:43:41.115 [Test worker] DEBUG org.springframework.context.annotation.ClassPathScanningCandidateComponentProvider - Identified candidate component class: file [/Users/sunyoung/SSAFY/S07P11A201/back-end/Queant/build/classes/java/main/com/ssafy/queant/QueantApplication.class]
21:43:41.117 [Test worker] INFO org.springframework.boot.test.context.SpringBootTestContextBootstrapper - Found @SpringBootConfiguration com.ssafy.queant.QueantApplication for test class com.ssafy.queant.model.repository.product.SearchRepositoryImplTest
21:43:41.247 [Test worker] DEBUG org.springframework.boot.test.context.SpringBootTestContextBootstrapper - @TestExecutionListeners is not present for class [com.ssafy.queant.model.repository.product.SearchRepositoryImplTest]: using defaults.
21:43:41.248 [Test worker] INFO org.springframework.boot.test.context.SpringBootTestContextBootstrapper - Loaded default TestExecutionListener class names from location [META-INF/spring.factories]: [org.springframework.security.test.context.support.WithSecurityContextTestExecutionListener, org.springframework.security.test.context.support.ReactorContextTestExecutionListener, org.springframework.boot.test.autoconfigure.restdocs.RestDocsTestExecutionListener, org.springframework.boot.test.autoconfigure.web.client.MockRestServiceServerResetTestExecutionListener, org.springframework.boot.test.autoconfigure.web.servlet.MockMvcPrintOnlyOnFailureTestExecutionListener, org.springframework.boot.test.autoconfigure.web.servlet.WebDriverTestExecutionListener, org.springframework.boot.test.autoconfigure.webservices.client.MockWebServiceServerTestExecutionListener, org.springframework.boot.test.mock.mockito.MockitoTestExecutionListener, org.springframework.boot.test.mock.mockito.ResetMocksTestExecutionListener, org.springframework.test.context.web.ServletTestExecutionListener, org.springframework.test.context.support.DirtiesContextBeforeModesTestExecutionListener, org.springframework.test.context.event.ApplicationEventsTestExecutionListener, org.springframework.test.context.support.DependencyInjectionTestExecutionListener, org.springframework.test.context.support.DirtiesContextTestExecutionListener, org.springframework.test.context.transaction.TransactionalTestExecutionListener, org.springframework.test.context.jdbc.SqlScriptsTestExecutionListener, org.springframework.test.context.event.EventPublishingTestExecutionListener]
21:43:41.321 [Test worker] INFO org.springframework.boot.test.context.SpringBootTestContextBootstrapper - Using TestExecutionListeners: [org.springframework.test.context.web.ServletTestExecutionListener@50cf5a23, org.springframework.test.context.support.DirtiesContextBeforeModesTestExecutionListener@450794b4, org.springframework.test.context.event.ApplicationEventsTestExecutionListener@273c947f, org.springframework.boot.test.mock.mockito.MockitoTestExecutionListener@30457e14, org.springframework.boot.test.autoconfigure.SpringBootDependencyInjectionTestExecutionListener@1af1347d, org.springframework.test.context.support.DirtiesContextTestExecutionListener@632aa1a3, org.springframework.test.context.transaction.TransactionalTestExecutionListener@20765ed5, org.springframework.test.context.jdbc.SqlScriptsTestExecutionListener@3b582111, org.springframework.security.test.context.support.WithSecurityContextTestExecutionListener@2899a8db, org.springframework.test.context.event.EventPublishingTestExecutionListener@1e8823d2, org.springframework.security.test.context.support.ReactorContextTestExecutionListener@c1a4620, org.springframework.boot.test.autoconfigure.restdocs.RestDocsTestExecutionListener@76b0ae1b, org.springframework.boot.test.autoconfigure.web.client.MockRestServiceServerResetTestExecutionListener@130a0f66, org.springframework.boot.test.autoconfigure.web.servlet.MockMvcPrintOnlyOnFailureTestExecutionListener@4c432866, org.springframework.boot.test.autoconfigure.web.servlet.WebDriverTestExecutionListener@12365c88, org.springframework.boot.test.autoconfigure.webservices.client.MockWebServiceServerTestExecutionListener@6105f8a3, org.springframework.boot.test.mock.mockito.ResetMocksTestExecutionListener@2237bada]
21:43:41.327 [Test worker] DEBUG org.springframework.test.context.support.AbstractDirtiesContextTestExecutionListener - Before test class: context [DefaultTestContext@4c5204af testClass = SearchRepositoryImplTest, testInstance = [null], testMethod = [null], testException = [null], mergedContextConfiguration = [WebMergedContextConfiguration@3f3ddbd9 testClass = SearchRepositoryImplTest, locations = '{}', classes = '{class com.ssafy.queant.QueantApplication}', contextInitializerClasses = '[]', activeProfiles = '{}', propertySourceLocations = '{}', propertySourceProperties = '{org.springframework.boot.test.context.SpringBootTestContextBootstrapper=true}', contextCustomizers = set[org.springframework.boot.test.autoconfigure.actuate.metrics.MetricsExportContextCustomizerFactory$DisableMetricExportContextCustomizer@2262b621, org.springframework.boot.test.autoconfigure.properties.PropertyMappingContextCustomizer@0, org.springframework.boot.test.autoconfigure.web.servlet.WebDriverContextCustomizerFactory$Customizer@10993713, org.springframework.boot.test.context.filter.ExcludeFilterContextCustomizer@5f031ebd, org.springframework.boot.test.json.DuplicateJsonObjectContextCustomizerFactory$DuplicateJsonObjectContextCustomizer@53812a9b, org.springframework.boot.test.mock.mockito.MockitoContextCustomizer@0, org.springframework.boot.test.web.client.TestRestTemplateContextCustomizer@5974109, org.springframework.boot.test.context.SpringBootTestArgs@1, org.springframework.boot.test.context.SpringBootTestWebEnvironment@452e19ca], resourceBasePath = 'src/main/webapp', contextLoader = 'org.springframework.boot.test.context.SpringBootContextLoader', parent = [null]], attributes = map['org.springframework.test.context.web.ServletTestExecutionListener.activateListener' -> true]], class annotated with @DirtiesContext [false] with mode [null].

  .   ____          _            __ _ _
 /\\ / ___'_ __ _ _(_)_ __  __ _ \ \ \ \
( ( )\___ | '_ | '_| | '_ \/ _` | \ \ \ \
 \\/  ___)| |_)| | | | | || (_| |  ) ) ) )
  '  |____| .__|_| |_|_| |_\__, | / / / /
 =========|_|==============|___/=/_/_/_/
 :: Spring Boot ::                (v2.6.7)

2022-08-15 21:43:43.018  WARN 22378 --- [    Test worker] ory$DuplicateJsonObjectContextCustomizer : 

Found multiple occurrences of org.json.JSONObject on the class path:

	jar:file:/Users/sunyoung/.gradle/caches/modules-2/files-2.1/org.json/json/20190722/7bce7bacf0ab5e9f894d307a3de8b7f540064d5/json-20190722.jar!/org/json/JSONObject.class
	jar:file:/Users/sunyoung/.gradle/caches/modules-2/files-2.1/com.vaadin.external.google/android-json/0.0.20131108.vaadin1/fa26d351fe62a6a17f5cda1287c1c6110dec413f/android-json-0.0.20131108.vaadin1.jar!/org/json/JSONObject.class

You may wish to exclude one of them to ensure predictable runtime behavior

2022-08-15 21:43:43.038  INFO 22378 --- [    Test worker] c.s.q.m.r.p.SearchRepositoryImplTest     : Starting SearchRepositoryImplTest using Java 11.0.15 on JunSunyoungui-MacBookAir.local with PID 22378 (started by sunyoung in /Users/sunyoung/SSAFY/S07P11A201/back-end/Queant)
2022-08-15 21:43:43.039  INFO 22378 --- [    Test worker] c.s.q.m.r.p.SearchRepositoryImplTest     : The following 2 profiles are active: "mail", "API-KEY"
2022-08-15 21:43:44.849  INFO 22378 --- [    Test worker] .s.d.r.c.RepositoryConfigurationDelegate : Bootstrapping Spring Data JPA repositories in DEFAULT mode.
2022-08-15 21:43:45.021  INFO 22378 --- [    Test worker] .s.d.r.c.RepositoryConfigurationDelegate : Finished Spring Data repository scanning in 160 ms. Found 12 JPA repository interfaces.
2022-08-15 21:43:51.838  WARN 22378 --- [    Test worker] com.amazonaws.util.EC2MetadataUtils      : Unable to retrieve the requested metadata (/latest/meta-data/instance-id). Failed to connect to service endpoint: 

com.amazonaws.SdkClientException: Failed to connect to service endpoint: 
	at com.amazonaws.internal.EC2ResourceFetcher.doReadResource(EC2ResourceFetcher.java:100) ~[aws-java-sdk-core-1.11.792.jar:na]
	at com.amazonaws.internal.EC2ResourceFetcher.doReadResource(EC2ResourceFetcher.java:70) ~[aws-java-sdk-core-1.11.792.jar:na]
	at com.amazonaws.internal.InstanceMetadataServiceResourceFetcher.readResource(InstanceMetadataServiceResourceFetcher.java:75) ~[aws-java-sdk-core-1.11.792.jar:na]
	at com.amazonaws.internal.EC2ResourceFetcher.readResource(EC2ResourceFetcher.java:66) ~[aws-java-sdk-core-1.11.792.jar:na]
	at com.amazonaws.util.EC2MetadataUtils.getItems(EC2MetadataUtils.java:402) ~[aws-java-sdk-core-1.11.792.jar:na]
	at com.amazonaws.util.EC2MetadataUtils.getData(EC2MetadataUtils.java:371) ~[aws-java-sdk-core-1.11.792.jar:na]
	at org.springframework.cloud.aws.context.support.env.AwsCloudEnvironmentCheckUtils.isRunningOnCloudEnvironment(AwsCloudEnvironmentCheckUtils.java:38) ~[spring-cloud-aws-context-2.2.6.RELEASE.jar:2.2.6.RELEASE]
	at org.springframework.cloud.aws.context.annotation.OnAwsCloudEnvironmentCondition.matches(OnAwsCloudEnvironmentCondition.java:38) ~[spring-cloud-aws-context-2.2.6.RELEASE.jar:2.2.6.RELEASE]
	at org.springframework.context.annotation.ConditionEvaluator.shouldSkip(ConditionEvaluator.java:108) ~[spring-context-5.3.19.jar:5.3.19]
	at org.springframework.context.annotation.ConfigurationClassBeanDefinitionReader$TrackedConditionEvaluator.shouldSkip(ConfigurationClassBeanDefinitionReader.java:489) ~[spring-context-5.3.19.jar:5.3.19]
	at org.springframework.context.annotation.ConfigurationClassBeanDefinitionReader.loadBeanDefinitionsForConfigurationClass(ConfigurationClassBeanDefinitionReader.java:140) ~[spring-context-5.3.19.jar:5.3.19]
	at org.springframework.context.annotation.ConfigurationClassBeanDefinitionReader.loadBeanDefinitions(ConfigurationClassBeanDefinitionReader.java:129) ~[spring-context-5.3.19.jar:5.3.19]
	at org.springframework.context.annotation.ConfigurationClassPostProcessor.processConfigBeanDefinitions(ConfigurationClassPostProcessor.java:343) ~[spring-context-5.3.19.jar:5.3.19]
	at org.springframework.context.annotation.ConfigurationClassPostProcessor.postProcessBeanDefinitionRegistry(ConfigurationClassPostProcessor.java:247) ~[spring-context-5.3.19.jar:5.3.19]
	at org.springframework.context.support.PostProcessorRegistrationDelegate.invokeBeanDefinitionRegistryPostProcessors(PostProcessorRegistrationDelegate.java:311) ~[spring-context-5.3.19.jar:5.3.19]
	at org.springframework.context.support.PostProcessorRegistrationDelegate.invokeBeanFactoryPostProcessors(PostProcessorRegistrationDelegate.java:112) ~[spring-context-5.3.19.jar:5.3.19]
	at org.springframework.context.support.AbstractApplicationContext.invokeBeanFactoryPostProcessors(AbstractApplicationContext.java:746) ~[spring-context-5.3.19.jar:5.3.19]
	at org.springframework.context.support.AbstractApplicationContext.refresh(AbstractApplicationContext.java:564) ~[spring-context-5.3.19.jar:5.3.19]
	at org.springframework.boot.SpringApplication.refresh(SpringApplication.java:740) ~[spring-boot-2.6.7.jar:2.6.7]
	at org.springframework.boot.SpringApplication.refreshContext(SpringApplication.java:415) ~[spring-boot-2.6.7.jar:2.6.7]
	at org.springframework.boot.SpringApplication.run(SpringApplication.java:303) ~[spring-boot-2.6.7.jar:2.6.7]
	at org.springframework.boot.test.context.SpringBootContextLoader.loadContext(SpringBootContextLoader.java:144) ~[spring-boot-test-2.6.7.jar:2.6.7]
	at org.springframework.test.context.cache.DefaultCacheAwareContextLoaderDelegate.loadContextInternal(DefaultCacheAwareContextLoaderDelegate.java:99) ~[spring-test-5.3.19.jar:5.3.19]
	at org.springframework.test.context.cache.DefaultCacheAwareContextLoaderDelegate.loadContext(DefaultCacheAwareContextLoaderDelegate.java:124) ~[spring-test-5.3.19.jar:5.3.19]
	at org.springframework.test.context.support.DefaultTestContext.getApplicationContext(DefaultTestContext.java:124) ~[spring-test-5.3.19.jar:5.3.19]
	at org.springframework.test.context.web.ServletTestExecutionListener.setUpRequestContextIfNecessary(ServletTestExecutionListener.java:190) ~[spring-test-5.3.19.jar:5.3.19]
	at org.springframework.test.context.web.ServletTestExecutionListener.prepareTestInstance(ServletTestExecutionListener.java:132) ~[spring-test-5.3.19.jar:5.3.19]
	at org.springframework.test.context.TestContextManager.prepareTestInstance(TestContextManager.java:248) ~[spring-test-5.3.19.jar:5.3.19]
	at org.springframework.test.context.junit.jupiter.SpringExtension.postProcessTestInstance(SpringExtension.java:138) ~[spring-test-5.3.19.jar:5.3.19]
	at org.junit.jupiter.engine.descriptor.ClassBasedTestDescriptor.lambda$invokeTestInstancePostProcessors$8(ClassBasedTestDescriptor.java:363) ~[junit-jupiter-engine-5.8.2.jar:5.8.2]
	at org.junit.jupiter.engine.descriptor.ClassBasedTestDescriptor.executeAndMaskThrowable(ClassBasedTestDescriptor.java:368) ~[junit-jupiter-engine-5.8.2.jar:5.8.2]
	at org.junit.jupiter.engine.descriptor.ClassBasedTestDescriptor.lambda$invokeTestInstancePostProcessors$9(ClassBasedTestDescriptor.java:363) ~[junit-jupiter-engine-5.8.2.jar:5.8.2]
	at java.base/java.util.stream.ReferencePipeline$3$1.accept(ReferencePipeline.java:195) ~[na:na]
	at java.base/java.util.stream.ReferencePipeline$2$1.accept(ReferencePipeline.java:177) ~[na:na]
	at java.base/java.util.ArrayList$ArrayListSpliterator.forEachRemaining(ArrayList.java:1655) ~[na:na]
	at java.base/java.util.stream.AbstractPipeline.copyInto(AbstractPipeline.java:484) ~[na:na]
	at java.base/java.util.stream.AbstractPipeline.wrapAndCopyInto(AbstractPipeline.java:474) ~[na:na]
	at java.base/java.util.stream.StreamSpliterators$WrappingSpliterator.forEachRemaining(StreamSpliterators.java:312) ~[na:na]
	at java.base/java.util.stream.Streams$ConcatSpliterator.forEachRemaining(Streams.java:735) ~[na:na]
	at java.base/java.util.stream.Streams$ConcatSpliterator.forEachRemaining(Streams.java:734) ~[na:na]
	at java.base/java.util.stream.ReferencePipeline$Head.forEach(ReferencePipeline.java:658) ~[na:na]
	at org.junit.jupiter.engine.descriptor.ClassBasedTestDescriptor.invokeTestInstancePostProcessors(ClassBasedTestDescriptor.java:362) ~[junit-jupiter-engine-5.8.2.jar:5.8.2]
	at org.junit.jupiter.engine.descriptor.ClassBasedTestDescriptor.lambda$instantiateAndPostProcessTestInstance$6(ClassBasedTestDescriptor.java:283) ~[junit-jupiter-engine-5.8.2.jar:5.8.2]
	at org.junit.platform.engine.support.hierarchical.ThrowableCollector.execute(ThrowableCollector.java:73) ~[junit-platform-engine-1.8.2.jar:1.8.2]
	at org.junit.jupiter.engine.descriptor.ClassBasedTestDescriptor.instantiateAndPostProcessTestInstance(ClassBasedTestDescriptor.java:282) ~[junit-jupiter-engine-5.8.2.jar:5.8.2]
	at org.junit.jupiter.engine.descriptor.ClassBasedTestDescriptor.lambda$testInstancesProvider$4(ClassBasedTestDescriptor.java:272) ~[junit-jupiter-engine-5.8.2.jar:5.8.2]
	at java.base/java.util.Optional.orElseGet(Optional.java:369) ~[na:na]
	at org.junit.jupiter.engine.descriptor.ClassBasedTestDescriptor.lambda$testInstancesProvider$5(ClassBasedTestDescriptor.java:271) ~[junit-jupiter-engine-5.8.2.jar:5.8.2]
	at org.junit.jupiter.engine.execution.TestInstancesProvider.getTestInstances(TestInstancesProvider.java:31) ~[junit-jupiter-engine-5.8.2.jar:5.8.2]
	at org.junit.jupiter.engine.descriptor.TestMethodTestDescriptor.lambda$prepare$0(TestMethodTestDescriptor.java:102) ~[junit-jupiter-engine-5.8.2.jar:5.8.2]
	at org.junit.platform.engine.support.hierarchical.ThrowableCollector.execute(ThrowableCollector.java:73) ~[junit-platform-engine-1.8.2.jar:1.8.2]
	at org.junit.jupiter.engine.descriptor.TestMethodTestDescriptor.prepare(TestMethodTestDescriptor.java:101) ~[junit-jupiter-engine-5.8.2.jar:5.8.2]
	at org.junit.jupiter.engine.descriptor.TestMethodTestDescriptor.prepare(TestMethodTestDescriptor.java:66) ~[junit-jupiter-engine-5.8.2.jar:5.8.2]
	at org.junit.platform.engine.support.hierarchical.NodeTestTask.lambda$prepare$2(NodeTestTask.java:123) ~[junit-platform-engine-1.8.2.jar:1.8.2]
	at org.junit.platform.engine.support.hierarchical.ThrowableCollector.execute(ThrowableCollector.java:73) ~[junit-platform-engine-1.8.2.jar:1.8.2]
	at org.junit.platform.engine.support.hierarchical.NodeTestTask.prepare(NodeTestTask.java:123) ~[junit-platform-engine-1.8.2.jar:1.8.2]
	at org.junit.platform.engine.support.hierarchical.NodeTestTask.execute(NodeTestTask.java:90) ~[junit-platform-engine-1.8.2.jar:1.8.2]
	at java.base/java.util.ArrayList.forEach(ArrayList.java:1541) ~[na:na]
	at org.junit.platform.engine.support.hierarchical.SameThreadHierarchicalTestExecutorService.invokeAll(SameThreadHierarchicalTestExecutorService.java:41) ~[junit-platform-engine-1.8.2.jar:1.8.2]
	at org.junit.platform.engine.support.hierarchical.NodeTestTask.lambda$executeRecursively$6(NodeTestTask.java:155) ~[junit-platform-engine-1.8.2.jar:1.8.2]
	at org.junit.platform.engine.support.hierarchical.ThrowableCollector.execute(ThrowableCollector.java:73) ~[junit-platform-engine-1.8.2.jar:1.8.2]
	at org.junit.platform.engine.support.hierarchical.NodeTestTask.lambda$executeRecursively$8(NodeTestTask.java:141) ~[junit-platform-engine-1.8.2.jar:1.8.2]
	at org.junit.platform.engine.support.hierarchical.Node.around(Node.java:137) ~[junit-platform-engine-1.8.2.jar:1.8.2]
	at org.junit.platform.engine.support.hierarchical.NodeTestTask.lambda$executeRecursively$9(NodeTestTask.java:139) ~[junit-platform-engine-1.8.2.jar:1.8.2]
	at org.junit.platform.engine.support.hierarchical.ThrowableCollector.execute(ThrowableCollector.java:73) ~[junit-platform-engine-1.8.2.jar:1.8.2]
	at org.junit.platform.engine.support.hierarchical.NodeTestTask.executeRecursively(NodeTestTask.java:138) ~[junit-platform-engine-1.8.2.jar:1.8.2]
	at org.junit.platform.engine.support.hierarchical.NodeTestTask.execute(NodeTestTask.java:95) ~[junit-platform-engine-1.8.2.jar:1.8.2]
	at java.base/java.util.ArrayList.forEach(ArrayList.java:1541) ~[na:na]
	at org.junit.platform.engine.support.hierarchical.SameThreadHierarchicalTestExecutorService.invokeAll(SameThreadHierarchicalTestExecutorService.java:41) ~[junit-platform-engine-1.8.2.jar:1.8.2]
	at org.junit.platform.engine.support.hierarchical.NodeTestTask.lambda$executeRecursively$6(NodeTestTask.java:155) ~[junit-platform-engine-1.8.2.jar:1.8.2]
	at org.junit.platform.engine.support.hierarchical.ThrowableCollector.execute(ThrowableCollector.java:73) ~[junit-platform-engine-1.8.2.jar:1.8.2]
	at org.junit.platform.engine.support.hierarchical.NodeTestTask.lambda$executeRecursively$8(NodeTestTask.java:141) ~[junit-platform-engine-1.8.2.jar:1.8.2]
	at org.junit.platform.engine.support.hierarchical.Node.around(Node.java:137) ~[junit-platform-engine-1.8.2.jar:1.8.2]
	at org.junit.platform.engine.support.hierarchical.NodeTestTask.lambda$executeRecursively$9(NodeTestTask.java:139) ~[junit-platform-engine-1.8.2.jar:1.8.2]
	at org.junit.platform.engine.support.hierarchical.ThrowableCollector.execute(ThrowableCollector.java:73) ~[junit-platform-engine-1.8.2.jar:1.8.2]
	at org.junit.platform.engine.support.hierarchical.NodeTestTask.executeRecursively(NodeTestTask.java:138) ~[junit-platform-engine-1.8.2.jar:1.8.2]
	at org.junit.platform.engine.support.hierarchical.NodeTestTask.execute(NodeTestTask.java:95) ~[junit-platform-engine-1.8.2.jar:1.8.2]
	at org.junit.platform.engine.support.hierarchical.SameThreadHierarchicalTestExecutorService.submit(SameThreadHierarchicalTestExecutorService.java:35) ~[junit-platform-engine-1.8.2.jar:1.8.2]
	at org.junit.platform.engine.support.hierarchical.HierarchicalTestExecutor.execute(HierarchicalTestExecutor.java:57) ~[junit-platform-engine-1.8.2.jar:1.8.2]
	at org.junit.platform.engine.support.hierarchical.HierarchicalTestEngine.execute(HierarchicalTestEngine.java:54) ~[junit-platform-engine-1.8.2.jar:1.8.2]
	at org.junit.platform.launcher.core.EngineExecutionOrchestrator.execute(EngineExecutionOrchestrator.java:108) ~[na:na]
	at org.junit.platform.launcher.core.EngineExecutionOrchestrator.execute(EngineExecutionOrchestrator.java:88) ~[na:na]
	at org.junit.platform.launcher.core.EngineExecutionOrchestrator.lambda$execute$0(EngineExecutionOrchestrator.java:54) ~[na:na]
	at org.junit.platform.launcher.core.EngineExecutionOrchestrator.withInterceptedStreams(EngineExecutionOrchestrator.java:67) ~[na:na]
	at org.junit.platform.launcher.core.EngineExecutionOrchestrator.execute(EngineExecutionOrchestrator.java:52) ~[na:na]
	at org.junit.platform.launcher.core.DefaultLauncher.execute(DefaultLauncher.java:96) ~[na:na]
	at org.junit.platform.launcher.core.DefaultLauncher.execute(DefaultLauncher.java:75) ~[na:na]
	at org.gradle.api.internal.tasks.testing.junitplatform.JUnitPlatformTestClassProcessor$CollectAllTestClassesExecutor.processAllTestClasses(JUnitPlatformTestClassProcessor.java:99) ~[na:na]
	at org.gradle.api.internal.tasks.testing.junitplatform.JUnitPlatformTestClassProcessor$CollectAllTestClassesExecutor.access$000(JUnitPlatformTestClassProcessor.java:79) ~[na:na]
	at org.gradle.api.internal.tasks.testing.junitplatform.JUnitPlatformTestClassProcessor.stop(JUnitPlatformTestClassProcessor.java:75) ~[na:na]
	at org.gradle.api.internal.tasks.testing.SuiteTestClassProcessor.stop(SuiteTestClassProcessor.java:61) ~[na:na]
	at java.base/jdk.internal.reflect.NativeMethodAccessorImpl.invoke0(Native Method) ~[na:na]
	at java.base/jdk.internal.reflect.NativeMethodAccessorImpl.invoke(NativeMethodAccessorImpl.java:62) ~[na:na]
	at java.base/jdk.internal.reflect.DelegatingMethodAccessorImpl.invoke(DelegatingMethodAccessorImpl.java:43) ~[na:na]
	at java.base/java.lang.reflect.Method.invoke(Method.java:566) ~[na:na]
	at org.gradle.internal.dispatch.ReflectionDispatch.dispatch(ReflectionDispatch.java:36) ~[na:na]
	at org.gradle.internal.dispatch.ReflectionDispatch.dispatch(ReflectionDispatch.java:24) ~[na:na]
	at org.gradle.internal.dispatch.ContextClassLoaderDispatch.dispatch(ContextClassLoaderDispatch.java:33) ~[na:na]
	at org.gradle.internal.dispatch.ProxyDispatchAdapter$DispatchingInvocationHandler.invoke(ProxyDispatchAdapter.java:94) ~[na:na]
	at com.sun.proxy.$Proxy2.stop(Unknown Source) ~[na:na]
	at org.gradle.api.internal.tasks.testing.worker.TestWorker$3.run(TestWorker.java:193) ~[na:na]
	at org.gradle.api.internal.tasks.testing.worker.TestWorker.executeAndMaintainThreadName(TestWorker.java:129) ~[na:na]
	at org.gradle.api.internal.tasks.testing.worker.TestWorker.execute(TestWorker.java:100) ~[na:na]
	at org.gradle.api.internal.tasks.testing.worker.TestWorker.execute(TestWorker.java:60) ~[na:na]
	at org.gradle.process.internal.worker.child.ActionExecutionWorker.execute(ActionExecutionWorker.java:56) ~[na:na]
	at org.gradle.process.internal.worker.child.SystemApplicationClassLoaderWorker.call(SystemApplicationClassLoaderWorker.java:133) ~[na:na]
	at org.gradle.process.internal.worker.child.SystemApplicationClassLoaderWorker.call(SystemApplicationClassLoaderWorker.java:71) ~[na:na]
	at worker.org.gradle.process.internal.worker.GradleWorkerMain.run(GradleWorkerMain.java:69) ~[gradle-worker.jar:na]
	at worker.org.gradle.process.internal.worker.GradleWorkerMain.main(GradleWorkerMain.java:74) ~[gradle-worker.jar:na]
Caused by: java.net.ConnectException: Host is down (connect failed)
	at java.base/java.net.PlainSocketImpl.socketConnect(Native Method) ~[na:na]
	at java.base/java.net.AbstractPlainSocketImpl.doConnect(AbstractPlainSocketImpl.java:412) ~[na:na]
	at java.base/java.net.AbstractPlainSocketImpl.connectToAddress(AbstractPlainSocketImpl.java:255) ~[na:na]
	at java.base/java.net.AbstractPlainSocketImpl.connect(AbstractPlainSocketImpl.java:237) ~[na:na]
	at java.base/java.net.Socket.connect(Socket.java:608) ~[na:na]
	at java.base/sun.net.NetworkClient.doConnect(NetworkClient.java:177) ~[na:na]
	at java.base/sun.net.www.http.HttpClient.openServer(HttpClient.java:474) ~[na:na]
	at java.base/sun.net.www.http.HttpClient.openServer(HttpClient.java:569) ~[na:na]
	at java.base/sun.net.www.http.HttpClient.<init>(HttpClient.java:242) ~[na:na]
	at java.base/sun.net.www.http.HttpClient.New(HttpClient.java:341) ~[na:na]
	at java.base/sun.net.www.http.HttpClient.New(HttpClient.java:362) ~[na:na]
	at java.base/sun.net.www.protocol.http.HttpURLConnection.getNewHttpClient(HttpURLConnection.java:1253) ~[na:na]
	at java.base/sun.net.www.protocol.http.HttpURLConnection.plainConnect0(HttpURLConnection.java:1232) ~[na:na]
	at java.base/sun.net.www.protocol.http.HttpURLConnection.plainConnect(HttpURLConnection.java:1081) ~[na:na]
	at java.base/sun.net.www.protocol.http.HttpURLConnection.connect(HttpURLConnection.java:1015) ~[na:na]
	at com.amazonaws.internal.ConnectionUtils.connectToEndpoint(ConnectionUtils.java:52) ~[aws-java-sdk-core-1.11.792.jar:na]
	at com.amazonaws.internal.EC2ResourceFetcher.doReadResource(EC2ResourceFetcher.java:80) ~[aws-java-sdk-core-1.11.792.jar:na]
	... 108 common frames omitted

2022-08-15 21:43:52.465  INFO 22378 --- [    Test worker] trationDelegate$BeanPostProcessorChecker : Bean '(inner bean)#2c34402' of type [com.amazonaws.auth.BasicAWSCredentials] is not eligible for getting processed by all BeanPostProcessors (for example: not eligible for auto-proxying)
2022-08-15 21:43:52.470  INFO 22378 --- [    Test worker] trationDelegate$BeanPostProcessorChecker : Bean '(inner bean)#3e2d44f3' of type [com.amazonaws.auth.AWSStaticCredentialsProvider] is not eligible for getting processed by all BeanPostProcessors (for example: not eligible for auto-proxying)
2022-08-15 21:43:52.487  INFO 22378 --- [    Test worker] trationDelegate$BeanPostProcessorChecker : Bean '(inner bean)#286866cb' of type [com.amazonaws.auth.profile.ProfileCredentialsProvider] is not eligible for getting processed by all BeanPostProcessors (for example: not eligible for auto-proxying)
2022-08-15 21:43:52.518  INFO 22378 --- [    Test worker] trationDelegate$BeanPostProcessorChecker : Bean 'credentialsProvider' of type [org.springframework.cloud.aws.core.credentials.CredentialsProviderFactoryBean] is not eligible for getting processed by all BeanPostProcessors (for example: not eligible for auto-proxying)
2022-08-15 21:43:52.519  INFO 22378 --- [    Test worker] trationDelegate$BeanPostProcessorChecker : Bean 'credentialsProvider' of type [com.amazonaws.auth.AWSCredentialsProviderChain] is not eligible for getting processed by all BeanPostProcessors (for example: not eligible for auto-proxying)
2022-08-15 21:43:53.402  INFO 22378 --- [    Test worker] com.zaxxer.hikari.HikariDataSource       : HikariPool-1 - Starting...
2022-08-15 21:43:53.530  INFO 22378 --- [    Test worker] com.zaxxer.hikari.HikariDataSource       : HikariPool-1 - Start completed.
2022-08-15 21:43:53.730  INFO 22378 --- [    Test worker] o.hibernate.jpa.internal.util.LogHelper  : HHH000204: Processing PersistenceUnitInfo [name: default]
2022-08-15 21:43:53.792  INFO 22378 --- [    Test worker] org.hibernate.Version                    : HHH000412: Hibernate ORM core version 5.6.8.Final
2022-08-15 21:43:53.998  INFO 22378 --- [    Test worker] o.hibernate.annotations.common.Version   : HCANN000001: Hibernate Commons Annotations {5.1.2.Final}
2022-08-15 21:43:54.119  INFO 22378 --- [    Test worker] org.hibernate.dialect.Dialect            : HHH000400: Using dialect: org.hibernate.dialect.MariaDB106Dialect
2022-08-15 21:43:55.223  INFO 22378 --- [    Test worker] p6spy                                    : #1660567435223 | took 5ms | statement | connection 2| url jdbc:mariadb://localhost:3306/queant
select table_name from information_schema.tables where table_schema = database() and table_type = 'SEQUENCE'
select table_name from information_schema.tables where table_schema = database() and table_type = 'SEQUENCE';
2022-08-15 21:43:55.253  INFO 22378 --- [    Test worker] p6spy                                    : #1660567435253 | took 0ms | statement | connection 2| url jdbc:mariadb://localhost:3306/queant
select * from `queant`.`member` where 1=0
select * from `queant`.`member` where 1=0;
2022-08-15 21:43:55.258  INFO 22378 --- [    Test worker] p6spy                                    : #1660567435258 | took 0ms | statement | connection 2| url jdbc:mariadb://localhost:3306/queant
select * from `queant`.`member` where 1=0
select * from `queant`.`member` where 1=0;
2022-08-15 21:43:55.260  INFO 22378 --- [    Test worker] p6spy                                    : #1660567435260 | took 0ms | statement | connection 2| url jdbc:mariadb://localhost:3306/queant
select * from `queant`.`options` where 1=0
select * from `queant`.`options` where 1=0;
2022-08-15 21:43:55.262  INFO 22378 --- [    Test worker] p6spy                                    : #1660567435262 | took 0ms | statement | connection 2| url jdbc:mariadb://localhost:3306/queant
select * from `queant`.`product` where 1=0
select * from `queant`.`product` where 1=0;
2022-08-15 21:43:55.265  INFO 22378 --- [    Test worker] p6spy                                    : #1660567435265 | took 0ms | statement | connection 2| url jdbc:mariadb://localhost:3306/queant
select * from `queant`.`conditions` where 1=0
select * from `queant`.`conditions` where 1=0;
2022-08-15 21:43:55.267  INFO 22378 --- [    Test worker] p6spy                                    : #1660567435267 | took 0ms | statement | connection 2| url jdbc:mariadb://localhost:3306/queant
select * from `queant`.`portfolio` where 1=0
select * from `queant`.`portfolio` where 1=0;
2022-08-15 21:43:55.270  INFO 22378 --- [    Test worker] o.h.e.t.j.p.i.JtaPlatformInitiator       : HHH000490: Using JtaPlatform implementation: [org.hibernate.engine.transaction.jta.platform.internal.NoJtaPlatform]
2022-08-15 21:43:55.277  INFO 22378 --- [    Test worker] j.LocalContainerEntityManagerFactoryBean : Initialized JPA EntityManagerFactory for persistence unit 'default'
2022-08-15 21:43:56.071  WARN 22378 --- [    Test worker] org.hibernate.orm.deprecation            : HHH90000016: Found use of deprecated 'collection property' syntax in HQL/JPQL query [m.roleSet.size]; use collection function syntax instead [size(m.roleSet)].
2022-08-15 21:43:56.265  WARN 22378 --- [    Test worker] JpaBaseConfiguration$JpaWebConfiguration : spring.jpa.open-in-view is enabled by default. Therefore, database queries may be performed during view rendering. Explicitly configure spring.jpa.open-in-view to disable this warning
2022-08-15 21:43:58.941  INFO 22378 --- [    Test worker] o.s.b.a.w.s.WelcomePageHandlerMapping    : Adding welcome page: class path resource [static/index.html]
2022-08-15 21:43:59.084  WARN 22378 --- [    Test worker] ion$DefaultTemplateResolverConfiguration : Cannot find template location: classpath:/templates/ (please add some templates or check your Thymeleaf configuration)
2022-08-15 21:43:59.488  INFO 22378 --- [    Test worker] o.s.s.web.DefaultSecurityFilterChain     : Will secure any request with [org.springframework.security.web.context.request.async.WebAsyncManagerIntegrationFilter@73534675, org.springframework.security.web.context.SecurityContextPersistenceFilter@1c8bf01d, org.springframework.security.web.header.HeaderWriterFilter@5f27d271, org.springframework.web.filter.CorsFilter@550482aa, org.springframework.security.web.authentication.logout.LogoutFilter@37ecff9, com.ssafy.queant.security.JwtAuthenticationFilter@2b7b6f58, org.springframework.security.web.savedrequest.RequestCacheAwareFilter@129a20d8, org.springframework.security.web.servletapi.SecurityContextHolderAwareRequestFilter@2acf3108, org.springframework.security.web.authentication.AnonymousAuthenticationFilter@2dc4b58a, org.springframework.security.web.session.SessionManagementFilter@28897ca, org.springframework.security.web.access.ExceptionTranslationFilter@5d9576a0, org.springframework.security.web.access.intercept.FilterSecurityInterceptor@5e4874ae]
2022-08-15 21:44:00.542  INFO 22378 --- [    Test worker] c.s.q.m.r.p.SearchRepositoryImplTest     : Started SearchRepositoryImplTest in 19.151 seconds (JVM running for 20.931)
Hibernate: 
    select
        distinct product0_.product_id as col_0_0_,
        options1_.base_rate as col_1_0_,
        options1_.option_id as col_2_0_,
        coalesce(max(conditions2_.special_rate),
        ?) as col_3_0_,
        conditions2_.condition_id as col_4_0_,
        product0_.product_id as product_1_11_0_,
        conditions2_.condition_id as conditio1_2_1_,
        product0_.age_max as age_max2_11_0_,
        product0_.age_min as age_min3_11_0_,
        product0_.bank_id as bank_id4_11_0_,
        product0_.budget_max as budget_m5_11_0_,
        product0_.budget_min as budget_m6_11_0_,
        product0_.etc as etc7_11_0_,
        product0_.is_deposit as is_depos8_11_0_,
        product0_.is_enabled as is_enabl9_11_0_,
        product0_.name as name10_11_0_,
        product0_.picture as picture11_11_0_,
        product0_.product_code as product12_11_0_,
        product0_.scode_id as scode_i13_11_0_,
        product0_.term_max as term_ma14_11_0_,
        product0_.term_min as term_mi15_11_0_,
        conditions2_.condition_info as conditio2_2_1_,
        conditions2_.product_id as product_3_2_1_,
        conditions2_.scode_id as scode_id4_2_1_,
        conditions2_.special_rate as special_5_2_1_ 
    from
        product product0_ 
    inner join
        options options1_ 
            on (
                product0_.product_id=options1_.product_id 
                and options1_.save_term=?
            ) 
    left outer join
        conditions conditions2_ 
            on (
                product0_.product_id=conditions2_.product_id 
                and conditions2_.scode_id=?
            ) 
    where
        product0_.is_enabled=? 
        and product0_.is_deposit=? 
        and coalesce(product0_.budget_min, ?)<=? 
        and coalesce(product0_.budget_max, ?)>=? 
        and options1_.rate_type=? 
        and options1_.rsrv_type=? 
        and (
            product0_.bank_id in (
                select
                    bank3_.bank_id 
                from
                    bank bank3_ 
                where
                    bank3_.scode_id=?
            )
        ) 
    group by
        product0_.product_id ,
        conditions2_.scode_id 
    order by
        options1_.base_rate desc,
        product0_.name asc
2022-08-15 21:44:01.036 TRACE 22378 --- [    Test worker] o.h.type.descriptor.sql.BasicBinder      : binding parameter [1] as [FLOAT] - [0.0]
2022-08-15 21:44:01.040 TRACE 22378 --- [    Test worker] o.h.type.descriptor.sql.BasicBinder      : binding parameter [2] as [INTEGER] - [6]
2022-08-15 21:44:01.041 TRACE 22378 --- [    Test worker] o.h.type.descriptor.sql.BasicBinder      : binding parameter [3] as [VARCHAR] - [B007]
2022-08-15 21:44:01.042 TRACE 22378 --- [    Test worker] o.h.type.descriptor.sql.BasicBinder      : binding parameter [4] as [BOOLEAN] - [true]
2022-08-15 21:44:01.043 TRACE 22378 --- [    Test worker] o.h.type.descriptor.sql.BasicBinder      : binding parameter [5] as [BOOLEAN] - [false]
2022-08-15 21:44:01.043 TRACE 22378 --- [    Test worker] o.h.type.descriptor.sql.BasicBinder      : binding parameter [6] as [BIGINT] - [-9223372036854775808]
2022-08-15 21:44:01.044 TRACE 22378 --- [    Test worker] o.h.type.descriptor.sql.BasicBinder      : binding parameter [7] as [BIGINT] - [0]
2022-08-15 21:44:01.044 TRACE 22378 --- [    Test worker] o.h.type.descriptor.sql.BasicBinder      : binding parameter [8] as [BIGINT] - [9223372036854775807]
2022-08-15 21:44:01.045 TRACE 22378 --- [    Test worker] o.h.type.descriptor.sql.BasicBinder      : binding parameter [9] as [BIGINT] - [0]
2022-08-15 21:44:01.045 TRACE 22378 --- [    Test worker] o.h.type.descriptor.sql.BasicBinder      : binding parameter [10] as [BOOLEAN] - [false]
2022-08-15 21:44:01.045 TRACE 22378 --- [    Test worker] o.h.type.descriptor.sql.BasicBinder      : binding parameter [11] as [BOOLEAN] - [false]
2022-08-15 21:44:01.045 TRACE 22378 --- [    Test worker] o.h.type.descriptor.sql.BasicBinder      : binding parameter [12] as [VARCHAR] - [C001]
2022-08-15 21:44:01.057  INFO 22378 --- [    Test worker] p6spy                                    : #1660567441057 | took 10ms | statement | connection 3| url jdbc:mariadb://localhost:3306/queant
select distinct product0_.product_id as col_0_0_, options1_.base_rate as col_1_0_, options1_.option_id as col_2_0_, coalesce(max(conditions2_.special_rate), ?) as col_3_0_, conditions2_.condition_id as col_4_0_, product0_.product_id as product_1_11_0_, conditions2_.condition_id as conditio1_2_1_, product0_.age_max as age_max2_11_0_, product0_.age_min as age_min3_11_0_, product0_.bank_id as bank_id4_11_0_, product0_.budget_max as budget_m5_11_0_, product0_.budget_min as budget_m6_11_0_, product0_.etc as etc7_11_0_, product0_.is_deposit as is_depos8_11_0_, product0_.is_enabled as is_enabl9_11_0_, product0_.name as name10_11_0_, product0_.picture as picture11_11_0_, product0_.product_code as product12_11_0_, product0_.scode_id as scode_i13_11_0_, product0_.term_max as term_ma14_11_0_, product0_.term_min as term_mi15_11_0_, conditions2_.condition_info as conditio2_2_1_, conditions2_.product_id as product_3_2_1_, conditions2_.scode_id as scode_id4_2_1_, conditions2_.special_rate as special_5_2_1_ from product product0_ inner join options options1_ on (product0_.product_id=options1_.product_id and options1_.save_term=?) left outer join conditions conditions2_ on (product0_.product_id=conditions2_.product_id and conditions2_.scode_id=?) where product0_.is_enabled=? and product0_.is_deposit=? and coalesce(product0_.budget_min, ?)<=? and coalesce(product0_.budget_max, ?)>=? and options1_.rate_type=? and options1_.rsrv_type=? and (product0_.bank_id in (select bank3_.bank_id from bank bank3_ where bank3_.scode_id=?)) group by product0_.product_id , conditions2_.scode_id order by options1_.base_rate desc, product0_.name asc
select distinct product0_.product_id as col_0_0_, options1_.base_rate as col_1_0_, options1_.option_id as col_2_0_, coalesce(max(conditions2_.special_rate), 0.0) as col_3_0_, conditions2_.condition_id as col_4_0_, product0_.product_id as product_1_11_0_, conditions2_.condition_id as conditio1_2_1_, product0_.age_max as age_max2_11_0_, product0_.age_min as age_min3_11_0_, product0_.bank_id as bank_id4_11_0_, product0_.budget_max as budget_m5_11_0_, product0_.budget_min as budget_m6_11_0_, product0_.etc as etc7_11_0_, product0_.is_deposit as is_depos8_11_0_, product0_.is_enabled as is_enabl9_11_0_, product0_.name as name10_11_0_, product0_.picture as picture11_11_0_, product0_.product_code as product12_11_0_, product0_.scode_id as scode_i13_11_0_, product0_.term_max as term_ma14_11_0_, product0_.term_min as term_mi15_11_0_, conditions2_.condition_info as conditio2_2_1_, conditions2_.product_id as product_3_2_1_, conditions2_.scode_id as scode_id4_2_1_, conditions2_.special_rate as special_5_2_1_ from product product0_ inner join options options1_ on (product0_.product_id=options1_.product_id and options1_.save_term=6) left outer join conditions conditions2_ on (product0_.product_id=conditions2_.product_id and conditions2_.scode_id='B007') where product0_.is_enabled=true and product0_.is_deposit=false and coalesce(product0_.budget_min, -9223372036854775808)<=0 and coalesce(product0_.budget_max, 9223372036854775807)>=0 and options1_.rate_type=false and options1_.rsrv_type=false and (product0_.bank_id in (select bank3_.bank_id from bank bank3_ where bank3_.scode_id='C001')) group by product0_.product_id , conditions2_.scode_id order by options1_.base_rate desc, product0_.name asc;
2022-08-15 21:44:01.061 TRACE 22378 --- [    Test worker] o.h.type.descriptor.sql.BasicExtractor   : extracted value ([product_1_11_0_] : [INTEGER]) - [36]
2022-08-15 21:44:01.061 TRACE 22378 --- [    Test worker] o.h.type.descriptor.sql.BasicExtractor   : extracted value ([conditio1_2_1_] : [INTEGER]) - [null]
2022-08-15 21:44:01.066 TRACE 22378 --- [    Test worker] o.h.type.descriptor.sql.BasicExtractor   : extracted value ([age_max2_11_0_] : [INTEGER]) - [null]
2022-08-15 21:44:01.067 TRACE 22378 --- [    Test worker] o.h.type.descriptor.sql.BasicExtractor   : extracted value ([age_min3_11_0_] : [INTEGER]) - [null]
2022-08-15 21:44:01.067 TRACE 22378 --- [    Test worker] o.h.type.descriptor.sql.BasicExtractor   : extracted value ([bank_id4_11_0_] : [INTEGER]) - [10030]
2022-08-15 21:44:01.067 TRACE 22378 --- [    Test worker] o.h.type.descriptor.sql.BasicExtractor   : extracted value ([budget_m5_11_0_] : [BIGINT]) - [null]
2022-08-15 21:44:01.068 TRACE 22378 --- [    Test worker] o.h.type.descriptor.sql.BasicExtractor   : extracted value ([budget_m6_11_0_] : [BIGINT]) - [null]
2022-08-15 21:44:01.069 TRACE 22378 --- [    Test worker] o.h.type.descriptor.sql.BasicExtractor   : extracted value ([etc7_11_0_] : [VARCHAR]) - [해당없음]
2022-08-15 21:44:01.070 TRACE 22378 --- [    Test worker] o.h.type.descriptor.sql.BasicExtractor   : extracted value ([is_depos8_11_0_] : [BOOLEAN]) - [false]
2022-08-15 21:44:01.071 TRACE 22378 --- [    Test worker] o.h.type.descriptor.sql.BasicExtractor   : extracted value ([is_enabl9_11_0_] : [BOOLEAN]) - [true]
2022-08-15 21:44:01.073 TRACE 22378 --- [    Test worker] o.h.type.descriptor.sql.BasicExtractor   : extracted value ([name10_11_0_] : [VARCHAR]) - [정기적금]
2022-08-15 21:44:01.077 TRACE 22378 --- [    Test worker] o.h.type.descriptor.sql.BasicExtractor   : extracted value ([picture11_11_0_] : [VARCHAR]) - [https://queant.s3.ap-northeast-2.amazonaws.com/banks/KDB.png]
2022-08-15 21:44:01.077 TRACE 22378 --- [    Test worker] o.h.type.descriptor.sql.BasicExtractor   : extracted value ([product12_11_0_] : [VARCHAR]) - [03100]
2022-08-15 21:44:01.077 TRACE 22378 --- [    Test worker] o.h.type.descriptor.sql.BasicExtractor   : extracted value ([scode_i13_11_0_] : [VARCHAR]) - [D001]
2022-08-15 21:44:01.077 TRACE 22378 --- [    Test worker] o.h.type.descriptor.sql.BasicExtractor   : extracted value ([term_ma14_11_0_] : [INTEGER]) - [36]
2022-08-15 21:44:01.077 TRACE 22378 --- [    Test worker] o.h.type.descriptor.sql.BasicExtractor   : extracted value ([term_mi15_11_0_] : [INTEGER]) - [6]
2022-08-15 21:44:01.080 TRACE 22378 --- [    Test worker] o.h.type.descriptor.sql.BasicExtractor   : extracted value ([col_0_0_] : [INTEGER]) - [36]
2022-08-15 21:44:01.086 TRACE 22378 --- [    Test worker] o.h.type.descriptor.sql.BasicExtractor   : extracted value ([col_1_0_] : [FLOAT]) - [2.9]
2022-08-15 21:44:01.086 TRACE 22378 --- [    Test worker] o.h.type.descriptor.sql.BasicExtractor   : extracted value ([col_2_0_] : [INTEGER]) - [83]
2022-08-15 21:44:01.086 TRACE 22378 --- [    Test worker] o.h.type.descriptor.sql.BasicExtractor   : extracted value ([col_3_0_] : [FLOAT]) - [0.0]
2022-08-15 21:44:01.087 TRACE 22378 --- [    Test worker] o.h.type.descriptor.sql.BasicExtractor   : extracted value ([col_4_0_] : [INTEGER]) - [null]
2022-08-15 21:44:01.087 TRACE 22378 --- [    Test worker] o.h.type.descriptor.sql.BasicExtractor   : extracted value ([product_1_11_0_] : [INTEGER]) - [32]
2022-08-15 21:44:01.087 TRACE 22378 --- [    Test worker] o.h.type.descriptor.sql.BasicExtractor   : extracted value ([conditio1_2_1_] : [INTEGER]) - [null]
2022-08-15 21:44:01.087 TRACE 22378 --- [    Test worker] o.h.type.descriptor.sql.BasicExtractor   : extracted value ([age_max2_11_0_] : [INTEGER]) - [null]
2022-08-15 21:44:01.087 TRACE 22378 --- [    Test worker] o.h.type.descriptor.sql.BasicExtractor   : extracted value ([age_min3_11_0_] : [INTEGER]) - [null]
2022-08-15 21:44:01.087 TRACE 22378 --- [    Test worker] o.h.type.descriptor.sql.BasicExtractor   : extracted value ([bank_id4_11_0_] : [INTEGER]) - [10026]
2022-08-15 21:44:01.087 TRACE 22378 --- [    Test worker] o.h.type.descriptor.sql.BasicExtractor   : extracted value ([budget_m5_11_0_] : [BIGINT]) - [300000]
2022-08-15 21:44:01.088 TRACE 22378 --- [    Test worker] o.h.type.descriptor.sql.BasicExtractor   : extracted value ([budget_m6_11_0_] : [BIGINT]) - [null]
2022-08-15 21:44:01.088 TRACE 22378 --- [    Test worker] o.h.type.descriptor.sql.BasicExtractor   : extracted value ([etc7_11_0_] : [VARCHAR]) - [1인당 1계좌 가입가능하며, 계좌당 월적립금액 30만원 이하로 제한]
2022-08-15 21:44:01.089 TRACE 22378 --- [    Test worker] o.h.type.descriptor.sql.BasicExtractor   : extracted value ([is_depos8_11_0_] : [BOOLEAN]) - [false]
2022-08-15 21:44:01.089 TRACE 22378 --- [    Test worker] o.h.type.descriptor.sql.BasicExtractor   : extracted value ([is_enabl9_11_0_] : [BOOLEAN]) - [true]
2022-08-15 21:44:01.089 TRACE 22378 --- [    Test worker] o.h.type.descriptor.sql.BasicExtractor   : extracted value ([name10_11_0_] : [VARCHAR]) - [IBK썸통장 (자유적립식)]
2022-08-15 21:44:01.089 TRACE 22378 --- [    Test worker] o.h.type.descriptor.sql.BasicExtractor   : extracted value ([picture11_11_0_] : [VARCHAR]) - [https://queant.s3.ap-northeast-2.amazonaws.com/banks/IBK.png]
2022-08-15 21:44:01.090 TRACE 22378 --- [    Test worker] o.h.type.descriptor.sql.BasicExtractor   : extracted value ([product12_11_0_] : [VARCHAR]) - [01211210110]
2022-08-15 21:44:01.090 TRACE 22378 --- [    Test worker] o.h.type.descriptor.sql.BasicExtractor   : extracted value ([scode_i13_11_0_] : [VARCHAR]) - [D001]
2022-08-15 21:44:01.090 TRACE 22378 --- [    Test worker] o.h.type.descriptor.sql.BasicExtractor   : extracted value ([term_ma14_11_0_] : [INTEGER]) - [12]
2022-08-15 21:44:01.090 TRACE 22378 --- [    Test worker] o.h.type.descriptor.sql.BasicExtractor   : extracted value ([term_mi15_11_0_] : [INTEGER]) - [12]
2022-08-15 21:44:01.090 TRACE 22378 --- [    Test worker] o.h.type.descriptor.sql.BasicExtractor   : extracted value ([col_0_0_] : [INTEGER]) - [32]
2022-08-15 21:44:01.090 TRACE 22378 --- [    Test worker] o.h.type.descriptor.sql.BasicExtractor   : extracted value ([col_1_0_] : [FLOAT]) - [2.7]
2022-08-15 21:44:01.090 TRACE 22378 --- [    Test worker] o.h.type.descriptor.sql.BasicExtractor   : extracted value ([col_2_0_] : [INTEGER]) - [76]
2022-08-15 21:44:01.090 TRACE 22378 --- [    Test worker] o.h.type.descriptor.sql.BasicExtractor   : extracted value ([col_3_0_] : [FLOAT]) - [0.0]
2022-08-15 21:44:01.091 TRACE 22378 --- [    Test worker] o.h.type.descriptor.sql.BasicExtractor   : extracted value ([col_4_0_] : [INTEGER]) - [null]
2022-08-15 21:44:01.091 TRACE 22378 --- [    Test worker] o.h.type.descriptor.sql.BasicExtractor   : extracted value ([product_1_11_0_] : [INTEGER]) - [62]
2022-08-15 21:44:01.091 TRACE 22378 --- [    Test worker] o.h.type.descriptor.sql.BasicExtractor   : extracted value ([conditio1_2_1_] : [INTEGER]) - [null]
2022-08-15 21:44:01.091 TRACE 22378 --- [    Test worker] o.h.type.descriptor.sql.BasicExtractor   : extracted value ([age_max2_11_0_] : [INTEGER]) - [null]
2022-08-15 21:44:01.091 TRACE 22378 --- [    Test worker] o.h.type.descriptor.sql.BasicExtractor   : extracted value ([age_min3_11_0_] : [INTEGER]) - [null]
2022-08-15 21:44:01.091 TRACE 22378 --- [    Test worker] o.h.type.descriptor.sql.BasicExtractor   : extracted value ([bank_id4_11_0_] : [INTEGER]) - [14807]
2022-08-15 21:44:01.091 TRACE 22378 --- [    Test worker] o.h.type.descriptor.sql.BasicExtractor   : extracted value ([budget_m5_11_0_] : [BIGINT]) - [1000000]
2022-08-15 21:44:01.091 TRACE 22378 --- [    Test worker] o.h.type.descriptor.sql.BasicExtractor   : extracted value ([budget_m6_11_0_] : [BIGINT]) - [null]
2022-08-15 21:44:01.091 TRACE 22378 --- [    Test worker] o.h.type.descriptor.sql.BasicExtractor   : extracted value ([etc7_11_0_] : [VARCHAR]) - [- 1인 1계좌 
- 월 가입한도 : 100만원]
2022-08-15 21:44:01.092 TRACE 22378 --- [    Test worker] o.h.type.descriptor.sql.BasicExtractor   : extracted value ([is_depos8_11_0_] : [BOOLEAN]) - [false]
2022-08-15 21:44:01.092 TRACE 22378 --- [    Test worker] o.h.type.descriptor.sql.BasicExtractor   : extracted value ([is_enabl9_11_0_] : [BOOLEAN]) - [true]
2022-08-15 21:44:01.092 TRACE 22378 --- [    Test worker] o.h.type.descriptor.sql.BasicExtractor   : extracted value ([name10_11_0_] : [VARCHAR]) - [Sh평생주거래우대적금]
2022-08-15 21:44:01.092 TRACE 22378 --- [    Test worker] o.h.type.descriptor.sql.BasicExtractor   : extracted value ([picture11_11_0_] : [VARCHAR]) - [https://queant.s3.ap-northeast-2.amazonaws.com/banks/수협은행.png]
2022-08-15 21:44:01.092 TRACE 22378 --- [    Test worker] o.h.type.descriptor.sql.BasicExtractor   : extracted value ([product12_11_0_] : [VARCHAR]) - [10140110400011]
2022-08-15 21:44:01.092 TRACE 22378 --- [    Test worker] o.h.type.descriptor.sql.BasicExtractor   : extracted value ([scode_i13_11_0_] : [VARCHAR]) - [D001]
2022-08-15 21:44:01.092 TRACE 22378 --- [    Test worker] o.h.type.descriptor.sql.BasicExtractor   : extracted value ([term_ma14_11_0_] : [INTEGER]) - [36]
2022-08-15 21:44:01.092 TRACE 22378 --- [    Test worker] o.h.type.descriptor.sql.BasicExtractor   : extracted value ([term_mi15_11_0_] : [INTEGER]) - [12]
2022-08-15 21:44:01.092 TRACE 22378 --- [    Test worker] o.h.type.descriptor.sql.BasicExtractor   : extracted value ([col_0_0_] : [INTEGER]) - [62]
2022-08-15 21:44:01.093 TRACE 22378 --- [    Test worker] o.h.type.descriptor.sql.BasicExtractor   : extracted value ([col_1_0_] : [FLOAT]) - [2.5]
2022-08-15 21:44:01.093 TRACE 22378 --- [    Test worker] o.h.type.descriptor.sql.BasicExtractor   : extracted value ([col_2_0_] : [INTEGER]) - [149]
2022-08-15 21:44:01.093 TRACE 22378 --- [    Test worker] o.h.type.descriptor.sql.BasicExtractor   : extracted value ([col_3_0_] : [FLOAT]) - [0.0]
2022-08-15 21:44:01.093 TRACE 22378 --- [    Test worker] o.h.type.descriptor.sql.BasicExtractor   : extracted value ([col_4_0_] : [INTEGER]) - [null]
2022-08-15 21:44:01.093 TRACE 22378 --- [    Test worker] o.h.type.descriptor.sql.BasicExtractor   : extracted value ([product_1_11_0_] : [INTEGER]) - [23]
2022-08-15 21:44:01.093 TRACE 22378 --- [    Test worker] o.h.type.descriptor.sql.BasicExtractor   : extracted value ([conditio1_2_1_] : [INTEGER]) - [null]
2022-08-15 21:44:01.093 TRACE 22378 --- [    Test worker] o.h.type.descriptor.sql.BasicExtractor   : extracted value ([age_max2_11_0_] : [INTEGER]) - [null]
2022-08-15 21:44:01.094 TRACE 22378 --- [    Test worker] o.h.type.descriptor.sql.BasicExtractor   : extracted value ([age_min3_11_0_] : [INTEGER]) - [null]
2022-08-15 21:44:01.094 TRACE 22378 --- [    Test worker] o.h.type.descriptor.sql.BasicExtractor   : extracted value ([bank_id4_11_0_] : [INTEGER]) - [10020]
2022-08-15 21:44:01.094 TRACE 22378 --- [    Test worker] o.h.type.descriptor.sql.BasicExtractor   : extracted value ([budget_m5_11_0_] : [BIGINT]) - [null]
2022-08-15 21:44:01.094 TRACE 22378 --- [    Test worker] o.h.type.descriptor.sql.BasicExtractor   : extracted value ([budget_m6_11_0_] : [BIGINT]) - [null]
2022-08-15 21:44:01.094 TRACE 22378 --- [    Test worker] o.h.type.descriptor.sql.BasicExtractor   : extracted value ([etc7_11_0_] : [VARCHAR]) - ["해당 없음"]
2022-08-15 21:44:01.094 TRACE 22378 --- [    Test worker] o.h.type.descriptor.sql.BasicExtractor   : extracted value ([is_depos8_11_0_] : [BOOLEAN]) - [false]
2022-08-15 21:44:01.094 TRACE 22378 --- [    Test worker] o.h.type.descriptor.sql.BasicExtractor   : extracted value ([is_enabl9_11_0_] : [BOOLEAN]) - [true]
2022-08-15 21:44:01.095 TRACE 22378 --- [    Test worker] o.h.type.descriptor.sql.BasicExtractor   : extracted value ([name10_11_0_] : [VARCHAR]) - [사이버우대매일부금]
2022-08-15 21:44:01.095 TRACE 22378 --- [    Test worker] o.h.type.descriptor.sql.BasicExtractor   : extracted value ([picture11_11_0_] : [VARCHAR]) - [https://queant.s3.ap-northeast-2.amazonaws.com/banks/제주은행.png]
2022-08-15 21:44:01.095 TRACE 22378 --- [    Test worker] o.h.type.descriptor.sql.BasicExtractor   : extracted value ([product12_11_0_] : [VARCHAR]) - [230000202]
2022-08-15 21:44:01.095 TRACE 22378 --- [    Test worker] o.h.type.descriptor.sql.BasicExtractor   : extracted value ([scode_i13_11_0_] : [VARCHAR]) - [D001]
2022-08-15 21:44:01.095 TRACE 22378 --- [    Test worker] o.h.type.descriptor.sql.BasicExtractor   : extracted value ([term_ma14_11_0_] : [INTEGER]) - [36]
2022-08-15 21:44:01.095 TRACE 22378 --- [    Test worker] o.h.type.descriptor.sql.BasicExtractor   : extracted value ([term_mi15_11_0_] : [INTEGER]) - [6]
2022-08-15 21:44:01.095 TRACE 22378 --- [    Test worker] o.h.type.descriptor.sql.BasicExtractor   : extracted value ([col_0_0_] : [INTEGER]) - [23]
2022-08-15 21:44:01.096 TRACE 22378 --- [    Test worker] o.h.type.descriptor.sql.BasicExtractor   : extracted value ([col_1_0_] : [FLOAT]) - [2.4]
2022-08-15 21:44:01.096 TRACE 22378 --- [    Test worker] o.h.type.descriptor.sql.BasicExtractor   : extracted value ([col_2_0_] : [INTEGER]) - [52]
2022-08-15 21:44:01.096 TRACE 22378 --- [    Test worker] o.h.type.descriptor.sql.BasicExtractor   : extracted value ([col_3_0_] : [FLOAT]) - [0.0]
2022-08-15 21:44:01.096 TRACE 22378 --- [    Test worker] o.h.type.descriptor.sql.BasicExtractor   : extracted value ([col_4_0_] : [INTEGER]) - [null]
2022-08-15 21:44:01.096 TRACE 22378 --- [    Test worker] o.h.type.descriptor.sql.BasicExtractor   : extracted value ([product_1_11_0_] : [INTEGER]) - [63]
2022-08-15 21:44:01.096 TRACE 22378 --- [    Test worker] o.h.type.descriptor.sql.BasicExtractor   : extracted value ([conditio1_2_1_] : [INTEGER]) - [null]
2022-08-15 21:44:01.096 TRACE 22378 --- [    Test worker] o.h.type.descriptor.sql.BasicExtractor   : extracted value ([age_max2_11_0_] : [INTEGER]) - [null]
2022-08-15 21:44:01.096 TRACE 22378 --- [    Test worker] o.h.type.descriptor.sql.BasicExtractor   : extracted value ([age_min3_11_0_] : [INTEGER]) - [null]
2022-08-15 21:44:01.096 TRACE 22378 --- [    Test worker] o.h.type.descriptor.sql.BasicExtractor   : extracted value ([bank_id4_11_0_] : [INTEGER]) - [14807]
2022-08-15 21:44:01.096 TRACE 22378 --- [    Test worker] o.h.type.descriptor.sql.BasicExtractor   : extracted value ([budget_m5_11_0_] : [BIGINT]) - [1000000]
2022-08-15 21:44:01.096 TRACE 22378 --- [    Test worker] o.h.type.descriptor.sql.BasicExtractor   : extracted value ([budget_m6_11_0_] : [BIGINT]) - [null]
2022-08-15 21:44:01.096 TRACE 22378 --- [    Test worker] o.h.type.descriptor.sql.BasicExtractor   : extracted value ([etc7_11_0_] : [VARCHAR]) - [- 1인 1계좌 
- 월 가입한도 : 100만원]
2022-08-15 21:44:01.096 TRACE 22378 --- [    Test worker] o.h.type.descriptor.sql.BasicExtractor   : extracted value ([is_depos8_11_0_] : [BOOLEAN]) - [false]
2022-08-15 21:44:01.096 TRACE 22378 --- [    Test worker] o.h.type.descriptor.sql.BasicExtractor   : extracted value ([is_enabl9_11_0_] : [BOOLEAN]) - [true]
2022-08-15 21:44:01.096 TRACE 22378 --- [    Test worker] o.h.type.descriptor.sql.BasicExtractor   : extracted value ([name10_11_0_] : [VARCHAR]) - [Sh보고싶다!명태야적금Ⅱ(개인)]
2022-08-15 21:44:01.097 TRACE 22378 --- [    Test worker] o.h.type.descriptor.sql.BasicExtractor   : extracted value ([picture11_11_0_] : [VARCHAR]) - [https://queant.s3.ap-northeast-2.amazonaws.com/banks/수협은행.png]
2022-08-15 21:44:01.098 TRACE 22378 --- [    Test worker] o.h.type.descriptor.sql.BasicExtractor   : extracted value ([product12_11_0_] : [VARCHAR]) - [10140111600061 10141111600051]
2022-08-15 21:44:01.098 TRACE 22378 --- [    Test worker] o.h.type.descriptor.sql.BasicExtractor   : extracted value ([scode_i13_11_0_] : [VARCHAR]) - [D001]
2022-08-15 21:44:01.099 TRACE 22378 --- [    Test worker] o.h.type.descriptor.sql.BasicExtractor   : extracted value ([term_ma14_11_0_] : [INTEGER]) - [36]
2022-08-15 21:44:01.099 TRACE 22378 --- [    Test worker] o.h.type.descriptor.sql.BasicExtractor   : extracted value ([term_mi15_11_0_] : [INTEGER]) - [12]
2022-08-15 21:44:01.099 TRACE 22378 --- [    Test worker] o.h.type.descriptor.sql.BasicExtractor   : extracted value ([col_0_0_] : [INTEGER]) - [63]
2022-08-15 21:44:01.099 TRACE 22378 --- [    Test worker] o.h.type.descriptor.sql.BasicExtractor   : extracted value ([col_1_0_] : [FLOAT]) - [2.3]
2022-08-15 21:44:01.099 TRACE 22378 --- [    Test worker] o.h.type.descriptor.sql.BasicExtractor   : extracted value ([col_2_0_] : [INTEGER]) - [150]
2022-08-15 21:44:01.099 TRACE 22378 --- [    Test worker] o.h.type.descriptor.sql.BasicExtractor   : extracted value ([col_3_0_] : [FLOAT]) - [0.0]
2022-08-15 21:44:01.100 TRACE 22378 --- [    Test worker] o.h.type.descriptor.sql.BasicExtractor   : extracted value ([col_4_0_] : [INTEGER]) - [null]
2022-08-15 21:44:01.113  INFO 22378 --- [    Test worker] c.s.q.m.r.p.SearchRepositoryImplTest     : [[Product(productId=36, productCode=03100, bankId=10030, name=정기적금, scodeId=D001, isDeposit=false, ageMin=null, ageMax=null, budgetMin=null, budgetMax=null, termMin=6, termMax=36, etc=해당없음, isEnabled=true, picture=https://queant.s3.ap-northeast-2.amazonaws.com/banks/KDB.png), 2.9, 83, 0.0, null], [Product(productId=32, productCode=01211210110, bankId=10026, name=IBK썸통장 (자유적립식), scodeId=D001, isDeposit=false, ageMin=null, ageMax=null, budgetMin=null, budgetMax=300000, termMin=12, termMax=12, etc=1인당 1계좌 가입가능하며, 계좌당 월적립금액 30만원 이하로 제한, isEnabled=true, picture=https://queant.s3.ap-northeast-2.amazonaws.com/banks/IBK.png), 2.7, 76, 0.0, null], [Product(productId=62, productCode=10140110400011, bankId=14807, name=Sh평생주거래우대적금, scodeId=D001, isDeposit=false, ageMin=null, ageMax=null, budgetMin=null, budgetMax=1000000, termMin=12, termMax=36, etc=- 1인 1계좌 
- 월 가입한도 : 100만원, isEnabled=true, picture=https://queant.s3.ap-northeast-2.amazonaws.com/banks/수협은행.png), 2.5, 149, 0.0, null], [Product(productId=23, productCode=230000202, bankId=10020, name=사이버우대매일부금, scodeId=D001, isDeposit=false, ageMin=null, ageMax=null, budgetMin=null, budgetMax=null, termMin=6, termMax=36, etc="해당 없음", isEnabled=true, picture=https://queant.s3.ap-northeast-2.amazonaws.com/banks/제주은행.png), 2.4, 52, 0.0, null], [Product(productId=63, productCode=10140111600061 10141111600051, bankId=14807, name=Sh보고싶다!명태야적금Ⅱ(개인), scodeId=D001, isDeposit=false, ageMin=null, ageMax=null, budgetMin=null, budgetMax=1000000, termMin=12, termMax=36, etc=- 1인 1계좌 
- 월 가입한도 : 100만원, isEnabled=true, picture=https://queant.s3.ap-northeast-2.amazonaws.com/banks/수협은행.png), 2.3, 150, 0.0, null]]
2022-08-15 21:44:01.138  INFO 22378 --- [    Test worker] c.s.q.m.r.p.SearchRepositoryImplTest     : [TUPLE]: [Product(productId=36, productCode=03100, bankId=10030, name=정기적금, scodeId=D001, isDeposit=false, ageMin=null, ageMax=null, budgetMin=null, budgetMax=null, termMin=6, termMax=36, etc=해당없음, isEnabled=true, picture=https://queant.s3.ap-northeast-2.amazonaws.com/banks/KDB.png), 2.9, 83, 0.0, null]
2022-08-15 21:44:01.138  INFO 22378 --- [    Test worker] c.s.q.m.r.p.SearchRepositoryImplTest     : [TUPLE]: [Product(productId=32, productCode=01211210110, bankId=10026, name=IBK썸통장 (자유적립식), scodeId=D001, isDeposit=false, ageMin=null, ageMax=null, budgetMin=null, budgetMax=300000, termMin=12, termMax=12, etc=1인당 1계좌 가입가능하며, 계좌당 월적립금액 30만원 이하로 제한, isEnabled=true, picture=https://queant.s3.ap-northeast-2.amazonaws.com/banks/IBK.png), 2.7, 76, 0.0, null]
2022-08-15 21:44:01.140  INFO 22378 --- [    Test worker] c.s.q.m.r.p.SearchRepositoryImplTest     : [TUPLE]: [Product(productId=62, productCode=10140110400011, bankId=14807, name=Sh평생주거래우대적금, scodeId=D001, isDeposit=false, ageMin=null, ageMax=null, budgetMin=null, budgetMax=1000000, termMin=12, termMax=36, etc=- 1인 1계좌 
- 월 가입한도 : 100만원, isEnabled=true, picture=https://queant.s3.ap-northeast-2.amazonaws.com/banks/수협은행.png), 2.5, 149, 0.0, null]
2022-08-15 21:44:01.140  INFO 22378 --- [    Test worker] c.s.q.m.r.p.SearchRepositoryImplTest     : [TUPLE]: [Product(productId=23, productCode=230000202, bankId=10020, name=사이버우대매일부금, scodeId=D001, isDeposit=false, ageMin=null, ageMax=null, budgetMin=null, budgetMax=null, termMin=6, termMax=36, etc="해당 없음", isEnabled=true, picture=https://queant.s3.ap-northeast-2.amazonaws.com/banks/제주은행.png), 2.4, 52, 0.0, null]
2022-08-15 21:44:01.140  INFO 22378 --- [    Test worker] c.s.q.m.r.p.SearchRepositoryImplTest     : [TUPLE]: [Product(productId=63, productCode=10140111600061 10141111600051, bankId=14807, name=Sh보고싶다!명태야적금Ⅱ(개인), scodeId=D001, isDeposit=false, ageMin=null, ageMax=null, budgetMin=null, budgetMax=1000000, termMin=12, termMax=36, etc=- 1인 1계좌 
- 월 가입한도 : 100만원, isEnabled=true, picture=https://queant.s3.ap-northeast-2.amazonaws.com/banks/수협은행.png), 2.3, 150, 0.0, null]
2022-08-15 21:44:01.140  INFO 22378 --- [    Test worker] c.s.q.m.r.p.SearchRepositoryImplTest     : 5
]]></system-out>
  <system-err><![CDATA[]]></system-err>
</testsuite>
