<?xml version="1.0" encoding="UTF-8"?>
<testsuite name="com.ssafy.queant.QueantApplicationTests" tests="1" skipped="0" failures="0" errors="0" timestamp="2022-08-05T02:42:43" hostname="JunSunyoungui-MacBookAir.local" time="0.175">
  <properties/>
  <testcase name="contextLoads()" classname="com.ssafy.queant.QueantApplicationTests" time="0.175"/>
  <system-out><![CDATA[11:42:32.380 [Test worker] DEBUG org.springframework.test.context.BootstrapUtils - Instantiating CacheAwareContextLoaderDelegate from class [org.springframework.test.context.cache.DefaultCacheAwareContextLoaderDelegate]
11:42:32.393 [Test worker] DEBUG org.springframework.test.context.BootstrapUtils - Instantiating BootstrapContext using constructor [public org.springframework.test.context.support.DefaultBootstrapContext(java.lang.Class,org.springframework.test.context.CacheAwareContextLoaderDelegate)]
11:42:32.445 [Test worker] DEBUG org.springframework.test.context.BootstrapUtils - Instantiating TestContextBootstrapper for test class [com.ssafy.queant.QueantApplicationTests] from class [org.springframework.boot.test.context.SpringBootTestContextBootstrapper]
11:42:32.459 [Test worker] INFO org.springframework.boot.test.context.SpringBootTestContextBootstrapper - Neither @ContextConfiguration nor @ContextHierarchy found for test class [com.ssafy.queant.QueantApplicationTests], using SpringBootContextLoader
11:42:32.464 [Test worker] DEBUG org.springframework.test.context.support.AbstractContextLoader - Did not detect default resource location for test class [com.ssafy.queant.QueantApplicationTests]: class path resource [com/ssafy/queant/QueantApplicationTests-context.xml] does not exist
11:42:32.466 [Test worker] DEBUG org.springframework.test.context.support.AbstractContextLoader - Did not detect default resource location for test class [com.ssafy.queant.QueantApplicationTests]: class path resource [com/ssafy/queant/QueantApplicationTestsContext.groovy] does not exist
11:42:32.466 [Test worker] INFO org.springframework.test.context.support.AbstractContextLoader - Could not detect default resource locations for test class [com.ssafy.queant.QueantApplicationTests]: no resource found for suffixes {-context.xml, Context.groovy}.
11:42:32.467 [Test worker] INFO org.springframework.test.context.support.AnnotationConfigContextLoaderUtils - Could not detect default configuration classes for test class [com.ssafy.queant.QueantApplicationTests]: QueantApplicationTests does not declare any static, non-private, non-final, nested classes annotated with @Configuration.
11:42:32.533 [Test worker] DEBUG org.springframework.test.context.support.ActiveProfilesUtils - Could not find an 'annotation declaring class' for annotation type [org.springframework.test.context.ActiveProfiles] and class [com.ssafy.queant.QueantApplicationTests]
11:42:32.609 [Test worker] DEBUG org.springframework.context.annotation.ClassPathScanningCandidateComponentProvider - Identified candidate component class: file [/Users/sunyoung/SSAFY/S07P11A201/back-end/Queant/build/classes/java/main/com/ssafy/queant/QueantApplication.class]
11:42:32.612 [Test worker] INFO org.springframework.boot.test.context.SpringBootTestContextBootstrapper - Found @SpringBootConfiguration com.ssafy.queant.QueantApplication for test class com.ssafy.queant.QueantApplicationTests
11:42:32.735 [Test worker] DEBUG org.springframework.boot.test.context.SpringBootTestContextBootstrapper - @TestExecutionListeners is not present for class [com.ssafy.queant.QueantApplicationTests]: using defaults.
11:42:32.736 [Test worker] INFO org.springframework.boot.test.context.SpringBootTestContextBootstrapper - Loaded default TestExecutionListener class names from location [META-INF/spring.factories]: [org.springframework.security.test.context.support.WithSecurityContextTestExecutionListener, org.springframework.security.test.context.support.ReactorContextTestExecutionListener, org.springframework.boot.test.autoconfigure.restdocs.RestDocsTestExecutionListener, org.springframework.boot.test.autoconfigure.web.client.MockRestServiceServerResetTestExecutionListener, org.springframework.boot.test.autoconfigure.web.servlet.MockMvcPrintOnlyOnFailureTestExecutionListener, org.springframework.boot.test.autoconfigure.web.servlet.WebDriverTestExecutionListener, org.springframework.boot.test.autoconfigure.webservices.client.MockWebServiceServerTestExecutionListener, org.springframework.boot.test.mock.mockito.MockitoTestExecutionListener, org.springframework.boot.test.mock.mockito.ResetMocksTestExecutionListener, org.springframework.test.context.web.ServletTestExecutionListener, org.springframework.test.context.support.DirtiesContextBeforeModesTestExecutionListener, org.springframework.test.context.event.ApplicationEventsTestExecutionListener, org.springframework.test.context.support.DependencyInjectionTestExecutionListener, org.springframework.test.context.support.DirtiesContextTestExecutionListener, org.springframework.test.context.transaction.TransactionalTestExecutionListener, org.springframework.test.context.jdbc.SqlScriptsTestExecutionListener, org.springframework.test.context.event.EventPublishingTestExecutionListener]
11:42:32.754 [Test worker] INFO org.springframework.boot.test.context.SpringBootTestContextBootstrapper - Using TestExecutionListeners: [org.springframework.test.context.web.ServletTestExecutionListener@5949eba8, org.springframework.test.context.support.DirtiesContextBeforeModesTestExecutionListener@6e0ff644, org.springframework.test.context.event.ApplicationEventsTestExecutionListener@58dea0a5, org.springframework.boot.test.mock.mockito.MockitoTestExecutionListener@2a2bb0eb, org.springframework.boot.test.autoconfigure.SpringBootDependencyInjectionTestExecutionListener@3c291aad, org.springframework.test.context.support.DirtiesContextTestExecutionListener@2d0566ba, org.springframework.test.context.transaction.TransactionalTestExecutionListener@733037, org.springframework.test.context.jdbc.SqlScriptsTestExecutionListener@7728643a, org.springframework.security.test.context.support.WithSecurityContextTestExecutionListener@320e400, org.springframework.test.context.event.EventPublishingTestExecutionListener@5167268, org.springframework.security.test.context.support.ReactorContextTestExecutionListener@1cfd1875, org.springframework.boot.test.autoconfigure.restdocs.RestDocsTestExecutionListener@28c0b664, org.springframework.boot.test.autoconfigure.web.client.MockRestServiceServerResetTestExecutionListener@2c444798, org.springframework.boot.test.autoconfigure.web.servlet.MockMvcPrintOnlyOnFailureTestExecutionListener@1af7f54a, org.springframework.boot.test.autoconfigure.web.servlet.WebDriverTestExecutionListener@6ebd78d1, org.springframework.boot.test.autoconfigure.webservices.client.MockWebServiceServerTestExecutionListener@436390f4, org.springframework.boot.test.mock.mockito.ResetMocksTestExecutionListener@4d157787]
11:42:32.759 [Test worker] DEBUG org.springframework.test.context.support.AbstractDirtiesContextTestExecutionListener - Before test class: context [DefaultTestContext@3704122f testClass = QueantApplicationTests, testInstance = [null], testMethod = [null], testException = [null], mergedContextConfiguration = [WebMergedContextConfiguration@3153ddfc testClass = QueantApplicationTests, locations = '{}', classes = '{class com.ssafy.queant.QueantApplication}', contextInitializerClasses = '[]', activeProfiles = '{}', propertySourceLocations = '{}', propertySourceProperties = '{org.springframework.boot.test.context.SpringBootTestContextBootstrapper=true}', contextCustomizers = set[org.springframework.boot.test.autoconfigure.actuate.metrics.MetricsExportContextCustomizerFactory$DisableMetricExportContextCustomizer@4da602fc, org.springframework.boot.test.autoconfigure.properties.PropertyMappingContextCustomizer@0, org.springframework.boot.test.autoconfigure.web.servlet.WebDriverContextCustomizerFactory$Customizer@62f4ff3b, org.springframework.boot.test.context.filter.ExcludeFilterContextCustomizer@34997338, org.springframework.boot.test.json.DuplicateJsonObjectContextCustomizerFactory$DuplicateJsonObjectContextCustomizer@53d1b9b3, org.springframework.boot.test.mock.mockito.MockitoContextCustomizer@0, org.springframework.boot.test.web.client.TestRestTemplateContextCustomizer@a776e, org.springframework.boot.test.context.SpringBootTestArgs@1, org.springframework.boot.test.context.SpringBootTestWebEnvironment@b86de0d], resourceBasePath = 'src/main/webapp', contextLoader = 'org.springframework.boot.test.context.SpringBootContextLoader', parent = [null]], attributes = map['org.springframework.test.context.web.ServletTestExecutionListener.activateListener' -> true]], class annotated with @DirtiesContext [false] with mode [null].

  .   ____          _            __ _ _
 /\\ / ___'_ __ _ _(_)_ __  __ _ \ \ \ \
( ( )\___ | '_ | '_| | '_ \/ _` | \ \ \ \
 \\/  ___)| |_)| | | | | || (_| |  ) ) ) )
  '  |____| .__|_| |_|_| |_\__, | / / / /
 =========|_|==============|___/=/_/_/_/
 :: Spring Boot ::                (v2.6.7)

2022-08-05 11:42:33.575  WARN 4910 --- [    Test worker] ory$DuplicateJsonObjectContextCustomizer : 

Found multiple occurrences of org.json.JSONObject on the class path:

	jar:file:/Users/sunyoung/.gradle/caches/modules-2/files-2.1/org.json/json/20190722/7bce7bacf0ab5e9f894d307a3de8b7f540064d5/json-20190722.jar!/org/json/JSONObject.class
	jar:file:/Users/sunyoung/.gradle/caches/modules-2/files-2.1/com.vaadin.external.google/android-json/0.0.20131108.vaadin1/fa26d351fe62a6a17f5cda1287c1c6110dec413f/android-json-0.0.20131108.vaadin1.jar!/org/json/JSONObject.class

You may wish to exclude one of them to ensure predictable runtime behavior

2022-08-05 11:42:33.600  INFO 4910 --- [    Test worker] com.ssafy.queant.QueantApplicationTests  : Starting QueantApplicationTests using Java 11.0.15 on JunSunyoungui-MacBookAir.local with PID 4910 (started by sunyoung in /Users/sunyoung/SSAFY/S07P11A201/back-end/Queant)
2022-08-05 11:42:33.602  INFO 4910 --- [    Test worker] com.ssafy.queant.QueantApplicationTests  : The following 2 profiles are active: "mail", "API-KEY"
2022-08-05 11:42:35.331  INFO 4910 --- [    Test worker] .s.d.r.c.RepositoryConfigurationDelegate : Bootstrapping Spring Data JPA repositories in DEFAULT mode.
2022-08-05 11:42:35.563  INFO 4910 --- [    Test worker] .s.d.r.c.RepositoryConfigurationDelegate : Finished Spring Data repository scanning in 184 ms. Found 10 JPA repository interfaces.
2022-08-05 11:42:36.954  INFO 4910 --- [    Test worker] com.zaxxer.hikari.HikariDataSource       : HikariPool-1 - Starting...
2022-08-05 11:42:37.176  INFO 4910 --- [    Test worker] com.zaxxer.hikari.HikariDataSource       : HikariPool-1 - Start completed.
2022-08-05 11:42:37.332  INFO 4910 --- [    Test worker] o.hibernate.jpa.internal.util.LogHelper  : HHH000204: Processing PersistenceUnitInfo [name: default]
2022-08-05 11:42:37.388  INFO 4910 --- [    Test worker] org.hibernate.Version                    : HHH000412: Hibernate ORM core version 5.6.8.Final
2022-08-05 11:42:37.632  INFO 4910 --- [    Test worker] o.hibernate.annotations.common.Version   : HCANN000001: Hibernate Commons Annotations {5.1.2.Final}
2022-08-05 11:42:37.755  INFO 4910 --- [    Test worker] org.hibernate.dialect.Dialect            : HHH000400: Using dialect: org.hibernate.dialect.MariaDB106Dialect
2022-08-05 11:42:38.846  INFO 4910 --- [    Test worker] p6spy                                    : #1659667358846 | took 13ms | statement | connection 2| url jdbc:mariadb://i7a201.p.ssafy.io:3306/queant
select table_name from information_schema.tables where table_schema = database() and table_type = 'SEQUENCE'
select table_name from information_schema.tables where table_schema = database() and table_type = 'SEQUENCE';
2022-08-05 11:42:38.883  INFO 4910 --- [    Test worker] p6spy                                    : #1659667358883 | took 31ms | statement | connection 2| url jdbc:mariadb://i7a201.p.ssafy.io:3306/queant
SELECT 'hibernate_sequence' as sequence_name, minimum_value, maximum_value, start_value, increment, cache_size FROM hibernate_sequence 
SELECT 'hibernate_sequence' as sequence_name, minimum_value, maximum_value, start_value, increment, cache_size FROM hibernate_sequence ;
2022-08-05 11:42:39.037  INFO 4910 --- [    Test worker] p6spy                                    : #1659667359037 | took 69ms | statement | connection 2| url jdbc:mariadb://i7a201.p.ssafy.io:3306/queant
select * from `queant`.`member` where 1=0
select * from `queant`.`member` where 1=0;
2022-08-05 11:42:39.048  INFO 4910 --- [    Test worker] o.h.e.t.j.p.i.JtaPlatformInitiator       : HHH000490: Using JtaPlatform implementation: [org.hibernate.engine.transaction.jta.platform.internal.NoJtaPlatform]
2022-08-05 11:42:39.056  INFO 4910 --- [    Test worker] j.LocalContainerEntityManagerFactoryBean : Initialized JPA EntityManagerFactory for persistence unit 'default'
2022-08-05 11:42:39.872  WARN 4910 --- [    Test worker] org.hibernate.orm.deprecation            : HHH90000016: Found use of deprecated 'collection property' syntax in HQL/JPQL query [m.roleSet.size]; use collection function syntax instead [size(m.roleSet)].
2022-08-05 11:42:40.086  WARN 4910 --- [    Test worker] JpaBaseConfiguration$JpaWebConfiguration : spring.jpa.open-in-view is enabled by default. Therefore, database queries may be performed during view rendering. Explicitly configure spring.jpa.open-in-view to disable this warning
2022-08-05 11:42:41.965  INFO 4910 --- [    Test worker] o.s.b.a.w.s.WelcomePageHandlerMapping    : Adding welcome page: class path resource [static/index.html]
2022-08-05 11:42:42.216  WARN 4910 --- [    Test worker] ion$DefaultTemplateResolverConfiguration : Cannot find template location: classpath:/templates/ (please add some templates or check your Thymeleaf configuration)
2022-08-05 11:42:42.614  INFO 4910 --- [    Test worker] o.s.s.web.DefaultSecurityFilterChain     : Will secure any request with [org.springframework.security.web.context.request.async.WebAsyncManagerIntegrationFilter@6f5ae4e1, org.springframework.security.web.context.SecurityContextPersistenceFilter@58fa8762, org.springframework.security.web.header.HeaderWriterFilter@6be6cb16, org.springframework.web.filter.CorsFilter@2fb006dc, org.springframework.security.web.authentication.logout.LogoutFilter@2b097d19, com.ssafy.queant.security.JwtAuthenticationFilter@1285ec6, org.springframework.security.web.savedrequest.RequestCacheAwareFilter@4149067d, org.springframework.security.web.servletapi.SecurityContextHolderAwareRequestFilter@35abfeba, org.springframework.security.web.authentication.AnonymousAuthenticationFilter@2abe5132, org.springframework.security.web.session.SessionManagementFilter@99a89e9, org.springframework.security.web.access.ExceptionTranslationFilter@4a52178, org.springframework.security.web.access.intercept.FilterSecurityInterceptor@e7c3ba2]
2022-08-05 11:42:43.239  INFO 4910 --- [    Test worker] com.ssafy.queant.QueantApplicationTests  : Started QueantApplicationTests in 10.361 seconds (JVM running for 12.087)
]]></system-out>
  <system-err><![CDATA[]]></system-err>
</testsuite>
