<?xml version="1.0" encoding="UTF-8"?>
<testsuite name="com.ssafy.queant.model.repository.product.SearchRepositoryImplTest" tests="1" skipped="0" failures="0" errors="0" timestamp="2022-08-15T12:28:48" hostname="JunSunyoungui-MacBookAir.local" time="0.739">
  <properties/>
  <testcase name="searchBank()" classname="com.ssafy.queant.model.repository.product.SearchRepositoryImplTest" time="0.739"/>
  <system-out><![CDATA[21:28:29.421 [Test worker] DEBUG org.springframework.test.context.BootstrapUtils - Instantiating CacheAwareContextLoaderDelegate from class [org.springframework.test.context.cache.DefaultCacheAwareContextLoaderDelegate]
21:28:29.434 [Test worker] DEBUG org.springframework.test.context.BootstrapUtils - Instantiating BootstrapContext using constructor [public org.springframework.test.context.support.DefaultBootstrapContext(java.lang.Class,org.springframework.test.context.CacheAwareContextLoaderDelegate)]
21:28:29.479 [Test worker] DEBUG org.springframework.test.context.BootstrapUtils - Instantiating TestContextBootstrapper for test class [com.ssafy.queant.model.repository.product.SearchRepositoryImplTest] from class [org.springframework.boot.test.context.SpringBootTestContextBootstrapper]
21:28:29.495 [Test worker] INFO org.springframework.boot.test.context.SpringBootTestContextBootstrapper - Neither @ContextConfiguration nor @ContextHierarchy found for test class [com.ssafy.queant.model.repository.product.SearchRepositoryImplTest], using SpringBootContextLoader
21:28:29.500 [Test worker] DEBUG org.springframework.test.context.support.AbstractContextLoader - Did not detect default resource location for test class [com.ssafy.queant.model.repository.product.SearchRepositoryImplTest]: class path resource [com/ssafy/queant/model/repository/product/SearchRepositoryImplTest-context.xml] does not exist
21:28:29.501 [Test worker] DEBUG org.springframework.test.context.support.AbstractContextLoader - Did not detect default resource location for test class [com.ssafy.queant.model.repository.product.SearchRepositoryImplTest]: class path resource [com/ssafy/queant/model/repository/product/SearchRepositoryImplTestContext.groovy] does not exist
21:28:29.501 [Test worker] INFO org.springframework.test.context.support.AbstractContextLoader - Could not detect default resource locations for test class [com.ssafy.queant.model.repository.product.SearchRepositoryImplTest]: no resource found for suffixes {-context.xml, Context.groovy}.
21:28:29.502 [Test worker] INFO org.springframework.test.context.support.AnnotationConfigContextLoaderUtils - Could not detect default configuration classes for test class [com.ssafy.queant.model.repository.product.SearchRepositoryImplTest]: SearchRepositoryImplTest does not declare any static, non-private, non-final, nested classes annotated with @Configuration.
21:28:29.572 [Test worker] DEBUG org.springframework.test.context.support.ActiveProfilesUtils - Could not find an 'annotation declaring class' for annotation type [org.springframework.test.context.ActiveProfiles] and class [com.ssafy.queant.model.repository.product.SearchRepositoryImplTest]
21:28:29.693 [Test worker] DEBUG org.springframework.context.annotation.ClassPathScanningCandidateComponentProvider - Identified candidate component class: file [/Users/sunyoung/SSAFY/S07P11A201/back-end/Queant/build/classes/java/main/com/ssafy/queant/QueantApplication.class]
21:28:29.695 [Test worker] INFO org.springframework.boot.test.context.SpringBootTestContextBootstrapper - Found @SpringBootConfiguration com.ssafy.queant.QueantApplication for test class com.ssafy.queant.model.repository.product.SearchRepositoryImplTest
21:28:29.826 [Test worker] DEBUG org.springframework.boot.test.context.SpringBootTestContextBootstrapper - @TestExecutionListeners is not present for class [com.ssafy.queant.model.repository.product.SearchRepositoryImplTest]: using defaults.
21:28:29.826 [Test worker] INFO org.springframework.boot.test.context.SpringBootTestContextBootstrapper - Loaded default TestExecutionListener class names from location [META-INF/spring.factories]: [org.springframework.security.test.context.support.WithSecurityContextTestExecutionListener, org.springframework.security.test.context.support.ReactorContextTestExecutionListener, org.springframework.boot.test.autoconfigure.restdocs.RestDocsTestExecutionListener, org.springframework.boot.test.autoconfigure.web.client.MockRestServiceServerResetTestExecutionListener, org.springframework.boot.test.autoconfigure.web.servlet.MockMvcPrintOnlyOnFailureTestExecutionListener, org.springframework.boot.test.autoconfigure.web.servlet.WebDriverTestExecutionListener, org.springframework.boot.test.autoconfigure.webservices.client.MockWebServiceServerTestExecutionListener, org.springframework.boot.test.mock.mockito.MockitoTestExecutionListener, org.springframework.boot.test.mock.mockito.ResetMocksTestExecutionListener, org.springframework.test.context.web.ServletTestExecutionListener, org.springframework.test.context.support.DirtiesContextBeforeModesTestExecutionListener, org.springframework.test.context.event.ApplicationEventsTestExecutionListener, org.springframework.test.context.support.DependencyInjectionTestExecutionListener, org.springframework.test.context.support.DirtiesContextTestExecutionListener, org.springframework.test.context.transaction.TransactionalTestExecutionListener, org.springframework.test.context.jdbc.SqlScriptsTestExecutionListener, org.springframework.test.context.event.EventPublishingTestExecutionListener]
21:28:29.896 [Test worker] INFO org.springframework.boot.test.context.SpringBootTestContextBootstrapper - Using TestExecutionListeners: [org.springframework.test.context.web.ServletTestExecutionListener@50cf5a23, org.springframework.test.context.support.DirtiesContextBeforeModesTestExecutionListener@450794b4, org.springframework.test.context.event.ApplicationEventsTestExecutionListener@273c947f, org.springframework.boot.test.mock.mockito.MockitoTestExecutionListener@30457e14, org.springframework.boot.test.autoconfigure.SpringBootDependencyInjectionTestExecutionListener@1af1347d, org.springframework.test.context.support.DirtiesContextTestExecutionListener@632aa1a3, org.springframework.test.context.transaction.TransactionalTestExecutionListener@20765ed5, org.springframework.test.context.jdbc.SqlScriptsTestExecutionListener@3b582111, org.springframework.security.test.context.support.WithSecurityContextTestExecutionListener@2899a8db, org.springframework.test.context.event.EventPublishingTestExecutionListener@1e8823d2, org.springframework.security.test.context.support.ReactorContextTestExecutionListener@c1a4620, org.springframework.boot.test.autoconfigure.restdocs.RestDocsTestExecutionListener@76b0ae1b, org.springframework.boot.test.autoconfigure.web.client.MockRestServiceServerResetTestExecutionListener@130a0f66, org.springframework.boot.test.autoconfigure.web.servlet.MockMvcPrintOnlyOnFailureTestExecutionListener@4c432866, org.springframework.boot.test.autoconfigure.web.servlet.WebDriverTestExecutionListener@12365c88, org.springframework.boot.test.autoconfigure.webservices.client.MockWebServiceServerTestExecutionListener@6105f8a3, org.springframework.boot.test.mock.mockito.ResetMocksTestExecutionListener@2237bada]
21:28:29.903 [Test worker] DEBUG org.springframework.test.context.support.AbstractDirtiesContextTestExecutionListener - Before test class: context [DefaultTestContext@4c5204af testClass = SearchRepositoryImplTest, testInstance = [null], testMethod = [null], testException = [null], mergedContextConfiguration = [WebMergedContextConfiguration@3f3ddbd9 testClass = SearchRepositoryImplTest, locations = '{}', classes = '{class com.ssafy.queant.QueantApplication}', contextInitializerClasses = '[]', activeProfiles = '{}', propertySourceLocations = '{}', propertySourceProperties = '{org.springframework.boot.test.context.SpringBootTestContextBootstrapper=true}', contextCustomizers = set[org.springframework.boot.test.autoconfigure.actuate.metrics.MetricsExportContextCustomizerFactory$DisableMetricExportContextCustomizer@2262b621, org.springframework.boot.test.autoconfigure.properties.PropertyMappingContextCustomizer@0, org.springframework.boot.test.autoconfigure.web.servlet.WebDriverContextCustomizerFactory$Customizer@10993713, org.springframework.boot.test.context.filter.ExcludeFilterContextCustomizer@5f031ebd, org.springframework.boot.test.json.DuplicateJsonObjectContextCustomizerFactory$DuplicateJsonObjectContextCustomizer@53812a9b, org.springframework.boot.test.mock.mockito.MockitoContextCustomizer@0, org.springframework.boot.test.web.client.TestRestTemplateContextCustomizer@5974109, org.springframework.boot.test.context.SpringBootTestArgs@1, org.springframework.boot.test.context.SpringBootTestWebEnvironment@452e19ca], resourceBasePath = 'src/main/webapp', contextLoader = 'org.springframework.boot.test.context.SpringBootContextLoader', parent = [null]], attributes = map['org.springframework.test.context.web.ServletTestExecutionListener.activateListener' -> true]], class annotated with @DirtiesContext [false] with mode [null].

  .   ____          _            __ _ _
 /\\ / ___'_ __ _ _(_)_ __  __ _ \ \ \ \
( ( )\___ | '_ | '_| | '_ \/ _` | \ \ \ \
 \\/  ___)| |_)| | | | | || (_| |  ) ) ) )
  '  |____| .__|_| |_|_| |_\__, | / / / /
 =========|_|==============|___/=/_/_/_/
 :: Spring Boot ::                (v2.6.7)

2022-08-15 21:28:30.659  WARN 22132 --- [    Test worker] ory$DuplicateJsonObjectContextCustomizer : 

Found multiple occurrences of org.json.JSONObject on the class path:

	jar:file:/Users/sunyoung/.gradle/caches/modules-2/files-2.1/org.json/json/20190722/7bce7bacf0ab5e9f894d307a3de8b7f540064d5/json-20190722.jar!/org/json/JSONObject.class
	jar:file:/Users/sunyoung/.gradle/caches/modules-2/files-2.1/com.vaadin.external.google/android-json/0.0.20131108.vaadin1/fa26d351fe62a6a17f5cda1287c1c6110dec413f/android-json-0.0.20131108.vaadin1.jar!/org/json/JSONObject.class

You may wish to exclude one of them to ensure predictable runtime behavior

2022-08-15 21:28:30.675  INFO 22132 --- [    Test worker] c.s.q.m.r.p.SearchRepositoryImplTest     : Starting SearchRepositoryImplTest using Java 11.0.15 on JunSunyoungui-MacBookAir.local with PID 22132 (started by sunyoung in /Users/sunyoung/SSAFY/S07P11A201/back-end/Queant)
2022-08-15 21:28:30.675  INFO 22132 --- [    Test worker] c.s.q.m.r.p.SearchRepositoryImplTest     : The following 2 profiles are active: "mail", "API-KEY"
2022-08-15 21:28:32.544  INFO 22132 --- [    Test worker] .s.d.r.c.RepositoryConfigurationDelegate : Bootstrapping Spring Data JPA repositories in DEFAULT mode.
2022-08-15 21:28:32.744  INFO 22132 --- [    Test worker] .s.d.r.c.RepositoryConfigurationDelegate : Finished Spring Data repository scanning in 190 ms. Found 12 JPA repository interfaces.
2022-08-15 21:28:40.588  WARN 22132 --- [    Test worker] com.amazonaws.util.EC2MetadataUtils      : Unable to retrieve the requested metadata (/latest/meta-data/instance-id). Failed to connect to service endpoint: 

com.amazonaws.SdkClientException: Failed to connect to service endpoint: 
	at com.amazonaws.internal.EC2ResourceFetcher.doReadResource(EC2ResourceFetcher.java:100) ~[aws-java-sdk-core-1.11.792.jar:na]
	at com.amazonaws.internal.EC2ResourceFetcher.doReadResource(EC2ResourceFetcher.java:70) ~[aws-java-sdk-core-1.11.792.jar:na]
	at com.amazonaws.internal.InstanceMetadataServiceResourceFetcher.readResource(InstanceMetadataServiceResourceFetcher.java:75) ~[aws-java-sdk-core-1.11.792.jar:na]
	at com.amazonaws.internal.EC2ResourceFetcher.readResource(EC2ResourceFetcher.java:66) ~[aws-java-sdk-core-1.11.792.jar:na]
	at com.amazonaws.util.EC2MetadataUtils.getItems(EC2MetadataUtils.java:402) ~[aws-java-sdk-core-1.11.792.jar:na]
	at com.amazonaws.util.EC2MetadataUtils.getData(EC2MetadataUtils.java:371) ~[aws-java-sdk-core-1.11.792.jar:na]
	at org.springframework.cloud.aws.context.support.env.AwsCloudEnvironmentCheckUtils.isRunningOnCloudEnvironment(AwsCloudEnvironmentCheckUtils.java:38) ~[spring-cloud-aws-context-2.2.6.RELEASE.jar:2.2.6.RELEASE]
	at org.springframework.cloud.aws.context.annotation.OnAwsCloudEnvironmentCondition.matches(OnAwsCloudEnvironmentCondition.java:38) ~[spring-cloud-aws-context-2.2.6.RELEASE.jar:2.2.6.RELEASE]
	at org.springframework.context.annotation.ConditionEvaluator.shouldSkip(ConditionEvaluator.java:108) ~[spring-context-5.3.19.jar:5.3.19]
	at org.springframework.context.annotation.ConfigurationClassBeanDefinitionReader$TrackedConditionEvaluator.shouldSkip(ConfigurationClassBeanDefinitionReader.java:489) ~[spring-context-5.3.19.jar:5.3.19]
	at org.springframework.context.annotation.ConfigurationClassBeanDefinitionReader.loadBeanDefinitionsForConfigurationClass(ConfigurationClassBeanDefinitionReader.java:140) ~[spring-context-5.3.19.jar:5.3.19]
	at org.springframework.context.annotation.ConfigurationClassBeanDefinitionReader.loadBeanDefinitions(ConfigurationClassBeanDefinitionReader.java:129) ~[spring-context-5.3.19.jar:5.3.19]
	at org.springframework.context.annotation.ConfigurationClassPostProcessor.processConfigBeanDefinitions(ConfigurationClassPostProcessor.java:343) ~[spring-context-5.3.19.jar:5.3.19]
	at org.springframework.context.annotation.ConfigurationClassPostProcessor.postProcessBeanDefinitionRegistry(ConfigurationClassPostProcessor.java:247) ~[spring-context-5.3.19.jar:5.3.19]
	at org.springframework.context.support.PostProcessorRegistrationDelegate.invokeBeanDefinitionRegistryPostProcessors(PostProcessorRegistrationDelegate.java:311) ~[spring-context-5.3.19.jar:5.3.19]
	at org.springframework.context.support.PostProcessorRegistrationDelegate.invokeBeanFactoryPostProcessors(PostProcessorRegistrationDelegate.java:112) ~[spring-context-5.3.19.jar:5.3.19]
	at org.springframework.context.support.AbstractApplicationContext.invokeBeanFactoryPostProcessors(AbstractApplicationContext.java:746) ~[spring-context-5.3.19.jar:5.3.19]
	at org.springframework.context.support.AbstractApplicationContext.refresh(AbstractApplicationContext.java:564) ~[spring-context-5.3.19.jar:5.3.19]
	at org.springframework.boot.SpringApplication.refresh(SpringApplication.java:740) ~[spring-boot-2.6.7.jar:2.6.7]
	at org.springframework.boot.SpringApplication.refreshContext(SpringApplication.java:415) ~[spring-boot-2.6.7.jar:2.6.7]
	at org.springframework.boot.SpringApplication.run(SpringApplication.java:303) ~[spring-boot-2.6.7.jar:2.6.7]
	at org.springframework.boot.test.context.SpringBootContextLoader.loadContext(SpringBootContextLoader.java:144) ~[spring-boot-test-2.6.7.jar:2.6.7]
	at org.springframework.test.context.cache.DefaultCacheAwareContextLoaderDelegate.loadContextInternal(DefaultCacheAwareContextLoaderDelegate.java:99) ~[spring-test-5.3.19.jar:5.3.19]
	at org.springframework.test.context.cache.DefaultCacheAwareContextLoaderDelegate.loadContext(DefaultCacheAwareContextLoaderDelegate.java:124) ~[spring-test-5.3.19.jar:5.3.19]
	at org.springframework.test.context.support.DefaultTestContext.getApplicationContext(DefaultTestContext.java:124) ~[spring-test-5.3.19.jar:5.3.19]
	at org.springframework.test.context.web.ServletTestExecutionListener.setUpRequestContextIfNecessary(ServletTestExecutionListener.java:190) ~[spring-test-5.3.19.jar:5.3.19]
	at org.springframework.test.context.web.ServletTestExecutionListener.prepareTestInstance(ServletTestExecutionListener.java:132) ~[spring-test-5.3.19.jar:5.3.19]
	at org.springframework.test.context.TestContextManager.prepareTestInstance(TestContextManager.java:248) ~[spring-test-5.3.19.jar:5.3.19]
	at org.springframework.test.context.junit.jupiter.SpringExtension.postProcessTestInstance(SpringExtension.java:138) ~[spring-test-5.3.19.jar:5.3.19]
	at org.junit.jupiter.engine.descriptor.ClassBasedTestDescriptor.lambda$invokeTestInstancePostProcessors$8(ClassBasedTestDescriptor.java:363) ~[junit-jupiter-engine-5.8.2.jar:5.8.2]
	at org.junit.jupiter.engine.descriptor.ClassBasedTestDescriptor.executeAndMaskThrowable(ClassBasedTestDescriptor.java:368) ~[junit-jupiter-engine-5.8.2.jar:5.8.2]
	at org.junit.jupiter.engine.descriptor.ClassBasedTestDescriptor.lambda$invokeTestInstancePostProcessors$9(ClassBasedTestDescriptor.java:363) ~[junit-jupiter-engine-5.8.2.jar:5.8.2]
	at java.base/java.util.stream.ReferencePipeline$3$1.accept(ReferencePipeline.java:195) ~[na:na]
	at java.base/java.util.stream.ReferencePipeline$2$1.accept(ReferencePipeline.java:177) ~[na:na]
	at java.base/java.util.ArrayList$ArrayListSpliterator.forEachRemaining(ArrayList.java:1655) ~[na:na]
	at java.base/java.util.stream.AbstractPipeline.copyInto(AbstractPipeline.java:484) ~[na:na]
	at java.base/java.util.stream.AbstractPipeline.wrapAndCopyInto(AbstractPipeline.java:474) ~[na:na]
	at java.base/java.util.stream.StreamSpliterators$WrappingSpliterator.forEachRemaining(StreamSpliterators.java:312) ~[na:na]
	at java.base/java.util.stream.Streams$ConcatSpliterator.forEachRemaining(Streams.java:735) ~[na:na]
	at java.base/java.util.stream.Streams$ConcatSpliterator.forEachRemaining(Streams.java:734) ~[na:na]
	at java.base/java.util.stream.ReferencePipeline$Head.forEach(ReferencePipeline.java:658) ~[na:na]
	at org.junit.jupiter.engine.descriptor.ClassBasedTestDescriptor.invokeTestInstancePostProcessors(ClassBasedTestDescriptor.java:362) ~[junit-jupiter-engine-5.8.2.jar:5.8.2]
	at org.junit.jupiter.engine.descriptor.ClassBasedTestDescriptor.lambda$instantiateAndPostProcessTestInstance$6(ClassBasedTestDescriptor.java:283) ~[junit-jupiter-engine-5.8.2.jar:5.8.2]
	at org.junit.platform.engine.support.hierarchical.ThrowableCollector.execute(ThrowableCollector.java:73) ~[junit-platform-engine-1.8.2.jar:1.8.2]
	at org.junit.jupiter.engine.descriptor.ClassBasedTestDescriptor.instantiateAndPostProcessTestInstance(ClassBasedTestDescriptor.java:282) ~[junit-jupiter-engine-5.8.2.jar:5.8.2]
	at org.junit.jupiter.engine.descriptor.ClassBasedTestDescriptor.lambda$testInstancesProvider$4(ClassBasedTestDescriptor.java:272) ~[junit-jupiter-engine-5.8.2.jar:5.8.2]
	at java.base/java.util.Optional.orElseGet(Optional.java:369) ~[na:na]
	at org.junit.jupiter.engine.descriptor.ClassBasedTestDescriptor.lambda$testInstancesProvider$5(ClassBasedTestDescriptor.java:271) ~[junit-jupiter-engine-5.8.2.jar:5.8.2]
	at org.junit.jupiter.engine.execution.TestInstancesProvider.getTestInstances(TestInstancesProvider.java:31) ~[junit-jupiter-engine-5.8.2.jar:5.8.2]
	at org.junit.jupiter.engine.descriptor.TestMethodTestDescriptor.lambda$prepare$0(TestMethodTestDescriptor.java:102) ~[junit-jupiter-engine-5.8.2.jar:5.8.2]
	at org.junit.platform.engine.support.hierarchical.ThrowableCollector.execute(ThrowableCollector.java:73) ~[junit-platform-engine-1.8.2.jar:1.8.2]
	at org.junit.jupiter.engine.descriptor.TestMethodTestDescriptor.prepare(TestMethodTestDescriptor.java:101) ~[junit-jupiter-engine-5.8.2.jar:5.8.2]
	at org.junit.jupiter.engine.descriptor.TestMethodTestDescriptor.prepare(TestMethodTestDescriptor.java:66) ~[junit-jupiter-engine-5.8.2.jar:5.8.2]
	at org.junit.platform.engine.support.hierarchical.NodeTestTask.lambda$prepare$2(NodeTestTask.java:123) ~[junit-platform-engine-1.8.2.jar:1.8.2]
	at org.junit.platform.engine.support.hierarchical.ThrowableCollector.execute(ThrowableCollector.java:73) ~[junit-platform-engine-1.8.2.jar:1.8.2]
	at org.junit.platform.engine.support.hierarchical.NodeTestTask.prepare(NodeTestTask.java:123) ~[junit-platform-engine-1.8.2.jar:1.8.2]
	at org.junit.platform.engine.support.hierarchical.NodeTestTask.execute(NodeTestTask.java:90) ~[junit-platform-engine-1.8.2.jar:1.8.2]
	at java.base/java.util.ArrayList.forEach(ArrayList.java:1541) ~[na:na]
	at org.junit.platform.engine.support.hierarchical.SameThreadHierarchicalTestExecutorService.invokeAll(SameThreadHierarchicalTestExecutorService.java:41) ~[junit-platform-engine-1.8.2.jar:1.8.2]
	at org.junit.platform.engine.support.hierarchical.NodeTestTask.lambda$executeRecursively$6(NodeTestTask.java:155) ~[junit-platform-engine-1.8.2.jar:1.8.2]
	at org.junit.platform.engine.support.hierarchical.ThrowableCollector.execute(ThrowableCollector.java:73) ~[junit-platform-engine-1.8.2.jar:1.8.2]
	at org.junit.platform.engine.support.hierarchical.NodeTestTask.lambda$executeRecursively$8(NodeTestTask.java:141) ~[junit-platform-engine-1.8.2.jar:1.8.2]
	at org.junit.platform.engine.support.hierarchical.Node.around(Node.java:137) ~[junit-platform-engine-1.8.2.jar:1.8.2]
	at org.junit.platform.engine.support.hierarchical.NodeTestTask.lambda$executeRecursively$9(NodeTestTask.java:139) ~[junit-platform-engine-1.8.2.jar:1.8.2]
	at org.junit.platform.engine.support.hierarchical.ThrowableCollector.execute(ThrowableCollector.java:73) ~[junit-platform-engine-1.8.2.jar:1.8.2]
	at org.junit.platform.engine.support.hierarchical.NodeTestTask.executeRecursively(NodeTestTask.java:138) ~[junit-platform-engine-1.8.2.jar:1.8.2]
	at org.junit.platform.engine.support.hierarchical.NodeTestTask.execute(NodeTestTask.java:95) ~[junit-platform-engine-1.8.2.jar:1.8.2]
	at java.base/java.util.ArrayList.forEach(ArrayList.java:1541) ~[na:na]
	at org.junit.platform.engine.support.hierarchical.SameThreadHierarchicalTestExecutorService.invokeAll(SameThreadHierarchicalTestExecutorService.java:41) ~[junit-platform-engine-1.8.2.jar:1.8.2]
	at org.junit.platform.engine.support.hierarchical.NodeTestTask.lambda$executeRecursively$6(NodeTestTask.java:155) ~[junit-platform-engine-1.8.2.jar:1.8.2]
	at org.junit.platform.engine.support.hierarchical.ThrowableCollector.execute(ThrowableCollector.java:73) ~[junit-platform-engine-1.8.2.jar:1.8.2]
	at org.junit.platform.engine.support.hierarchical.NodeTestTask.lambda$executeRecursively$8(NodeTestTask.java:141) ~[junit-platform-engine-1.8.2.jar:1.8.2]
	at org.junit.platform.engine.support.hierarchical.Node.around(Node.java:137) ~[junit-platform-engine-1.8.2.jar:1.8.2]
	at org.junit.platform.engine.support.hierarchical.NodeTestTask.lambda$executeRecursively$9(NodeTestTask.java:139) ~[junit-platform-engine-1.8.2.jar:1.8.2]
	at org.junit.platform.engine.support.hierarchical.ThrowableCollector.execute(ThrowableCollector.java:73) ~[junit-platform-engine-1.8.2.jar:1.8.2]
	at org.junit.platform.engine.support.hierarchical.NodeTestTask.executeRecursively(NodeTestTask.java:138) ~[junit-platform-engine-1.8.2.jar:1.8.2]
	at org.junit.platform.engine.support.hierarchical.NodeTestTask.execute(NodeTestTask.java:95) ~[junit-platform-engine-1.8.2.jar:1.8.2]
	at org.junit.platform.engine.support.hierarchical.SameThreadHierarchicalTestExecutorService.submit(SameThreadHierarchicalTestExecutorService.java:35) ~[junit-platform-engine-1.8.2.jar:1.8.2]
	at org.junit.platform.engine.support.hierarchical.HierarchicalTestExecutor.execute(HierarchicalTestExecutor.java:57) ~[junit-platform-engine-1.8.2.jar:1.8.2]
	at org.junit.platform.engine.support.hierarchical.HierarchicalTestEngine.execute(HierarchicalTestEngine.java:54) ~[junit-platform-engine-1.8.2.jar:1.8.2]
	at org.junit.platform.launcher.core.EngineExecutionOrchestrator.execute(EngineExecutionOrchestrator.java:108) ~[na:na]
	at org.junit.platform.launcher.core.EngineExecutionOrchestrator.execute(EngineExecutionOrchestrator.java:88) ~[na:na]
	at org.junit.platform.launcher.core.EngineExecutionOrchestrator.lambda$execute$0(EngineExecutionOrchestrator.java:54) ~[na:na]
	at org.junit.platform.launcher.core.EngineExecutionOrchestrator.withInterceptedStreams(EngineExecutionOrchestrator.java:67) ~[na:na]
	at org.junit.platform.launcher.core.EngineExecutionOrchestrator.execute(EngineExecutionOrchestrator.java:52) ~[na:na]
	at org.junit.platform.launcher.core.DefaultLauncher.execute(DefaultLauncher.java:96) ~[na:na]
	at org.junit.platform.launcher.core.DefaultLauncher.execute(DefaultLauncher.java:75) ~[na:na]
	at org.gradle.api.internal.tasks.testing.junitplatform.JUnitPlatformTestClassProcessor$CollectAllTestClassesExecutor.processAllTestClasses(JUnitPlatformTestClassProcessor.java:99) ~[na:na]
	at org.gradle.api.internal.tasks.testing.junitplatform.JUnitPlatformTestClassProcessor$CollectAllTestClassesExecutor.access$000(JUnitPlatformTestClassProcessor.java:79) ~[na:na]
	at org.gradle.api.internal.tasks.testing.junitplatform.JUnitPlatformTestClassProcessor.stop(JUnitPlatformTestClassProcessor.java:75) ~[na:na]
	at org.gradle.api.internal.tasks.testing.SuiteTestClassProcessor.stop(SuiteTestClassProcessor.java:61) ~[na:na]
	at java.base/jdk.internal.reflect.NativeMethodAccessorImpl.invoke0(Native Method) ~[na:na]
	at java.base/jdk.internal.reflect.NativeMethodAccessorImpl.invoke(NativeMethodAccessorImpl.java:62) ~[na:na]
	at java.base/jdk.internal.reflect.DelegatingMethodAccessorImpl.invoke(DelegatingMethodAccessorImpl.java:43) ~[na:na]
	at java.base/java.lang.reflect.Method.invoke(Method.java:566) ~[na:na]
	at org.gradle.internal.dispatch.ReflectionDispatch.dispatch(ReflectionDispatch.java:36) ~[na:na]
	at org.gradle.internal.dispatch.ReflectionDispatch.dispatch(ReflectionDispatch.java:24) ~[na:na]
	at org.gradle.internal.dispatch.ContextClassLoaderDispatch.dispatch(ContextClassLoaderDispatch.java:33) ~[na:na]
	at org.gradle.internal.dispatch.ProxyDispatchAdapter$DispatchingInvocationHandler.invoke(ProxyDispatchAdapter.java:94) ~[na:na]
	at com.sun.proxy.$Proxy2.stop(Unknown Source) ~[na:na]
	at org.gradle.api.internal.tasks.testing.worker.TestWorker$3.run(TestWorker.java:193) ~[na:na]
	at org.gradle.api.internal.tasks.testing.worker.TestWorker.executeAndMaintainThreadName(TestWorker.java:129) ~[na:na]
	at org.gradle.api.internal.tasks.testing.worker.TestWorker.execute(TestWorker.java:100) ~[na:na]
	at org.gradle.api.internal.tasks.testing.worker.TestWorker.execute(TestWorker.java:60) ~[na:na]
	at org.gradle.process.internal.worker.child.ActionExecutionWorker.execute(ActionExecutionWorker.java:56) ~[na:na]
	at org.gradle.process.internal.worker.child.SystemApplicationClassLoaderWorker.call(SystemApplicationClassLoaderWorker.java:133) ~[na:na]
	at org.gradle.process.internal.worker.child.SystemApplicationClassLoaderWorker.call(SystemApplicationClassLoaderWorker.java:71) ~[na:na]
	at worker.org.gradle.process.internal.worker.GradleWorkerMain.run(GradleWorkerMain.java:69) ~[gradle-worker.jar:na]
	at worker.org.gradle.process.internal.worker.GradleWorkerMain.main(GradleWorkerMain.java:74) ~[gradle-worker.jar:na]
Caused by: java.net.ConnectException: No route to host (connect failed)
	at java.base/java.net.PlainSocketImpl.socketConnect(Native Method) ~[na:na]
	at java.base/java.net.AbstractPlainSocketImpl.doConnect(AbstractPlainSocketImpl.java:412) ~[na:na]
	at java.base/java.net.AbstractPlainSocketImpl.connectToAddress(AbstractPlainSocketImpl.java:255) ~[na:na]
	at java.base/java.net.AbstractPlainSocketImpl.connect(AbstractPlainSocketImpl.java:237) ~[na:na]
	at java.base/java.net.Socket.connect(Socket.java:608) ~[na:na]
	at java.base/sun.net.NetworkClient.doConnect(NetworkClient.java:177) ~[na:na]
	at java.base/sun.net.www.http.HttpClient.openServer(HttpClient.java:474) ~[na:na]
	at java.base/sun.net.www.http.HttpClient.openServer(HttpClient.java:569) ~[na:na]
	at java.base/sun.net.www.http.HttpClient.<init>(HttpClient.java:242) ~[na:na]
	at java.base/sun.net.www.http.HttpClient.New(HttpClient.java:341) ~[na:na]
	at java.base/sun.net.www.http.HttpClient.New(HttpClient.java:362) ~[na:na]
	at java.base/sun.net.www.protocol.http.HttpURLConnection.getNewHttpClient(HttpURLConnection.java:1253) ~[na:na]
	at java.base/sun.net.www.protocol.http.HttpURLConnection.plainConnect0(HttpURLConnection.java:1232) ~[na:na]
	at java.base/sun.net.www.protocol.http.HttpURLConnection.plainConnect(HttpURLConnection.java:1081) ~[na:na]
	at java.base/sun.net.www.protocol.http.HttpURLConnection.connect(HttpURLConnection.java:1015) ~[na:na]
	at com.amazonaws.internal.ConnectionUtils.connectToEndpoint(ConnectionUtils.java:52) ~[aws-java-sdk-core-1.11.792.jar:na]
	at com.amazonaws.internal.EC2ResourceFetcher.doReadResource(EC2ResourceFetcher.java:80) ~[aws-java-sdk-core-1.11.792.jar:na]
	... 108 common frames omitted

2022-08-15 21:28:41.192  INFO 22132 --- [    Test worker] trationDelegate$BeanPostProcessorChecker : Bean '(inner bean)#fabef2e' of type [com.amazonaws.auth.BasicAWSCredentials] is not eligible for getting processed by all BeanPostProcessors (for example: not eligible for auto-proxying)
2022-08-15 21:28:41.199  INFO 22132 --- [    Test worker] trationDelegate$BeanPostProcessorChecker : Bean '(inner bean)#64fdcf99' of type [com.amazonaws.auth.AWSStaticCredentialsProvider] is not eligible for getting processed by all BeanPostProcessors (for example: not eligible for auto-proxying)
2022-08-15 21:28:41.218  INFO 22132 --- [    Test worker] trationDelegate$BeanPostProcessorChecker : Bean '(inner bean)#64dfb31d' of type [com.amazonaws.auth.profile.ProfileCredentialsProvider] is not eligible for getting processed by all BeanPostProcessors (for example: not eligible for auto-proxying)
2022-08-15 21:28:41.246  INFO 22132 --- [    Test worker] trationDelegate$BeanPostProcessorChecker : Bean 'credentialsProvider' of type [org.springframework.cloud.aws.core.credentials.CredentialsProviderFactoryBean] is not eligible for getting processed by all BeanPostProcessors (for example: not eligible for auto-proxying)
2022-08-15 21:28:41.247  INFO 22132 --- [    Test worker] trationDelegate$BeanPostProcessorChecker : Bean 'credentialsProvider' of type [com.amazonaws.auth.AWSCredentialsProviderChain] is not eligible for getting processed by all BeanPostProcessors (for example: not eligible for auto-proxying)
2022-08-15 21:28:42.070  INFO 22132 --- [    Test worker] com.zaxxer.hikari.HikariDataSource       : HikariPool-1 - Starting...
2022-08-15 21:28:42.199  INFO 22132 --- [    Test worker] com.zaxxer.hikari.HikariDataSource       : HikariPool-1 - Start completed.
2022-08-15 21:28:42.398  INFO 22132 --- [    Test worker] o.hibernate.jpa.internal.util.LogHelper  : HHH000204: Processing PersistenceUnitInfo [name: default]
2022-08-15 21:28:42.451  INFO 22132 --- [    Test worker] org.hibernate.Version                    : HHH000412: Hibernate ORM core version 5.6.8.Final
2022-08-15 21:28:42.643  INFO 22132 --- [    Test worker] o.hibernate.annotations.common.Version   : HCANN000001: Hibernate Commons Annotations {5.1.2.Final}
2022-08-15 21:28:42.752  INFO 22132 --- [    Test worker] org.hibernate.dialect.Dialect            : HHH000400: Using dialect: org.hibernate.dialect.MariaDB106Dialect
2022-08-15 21:28:43.880  INFO 22132 --- [    Test worker] p6spy                                    : #1660566523879 | took 5ms | statement | connection 2| url jdbc:mariadb://localhost:3306/queant
select table_name from information_schema.tables where table_schema = database() and table_type = 'SEQUENCE'
select table_name from information_schema.tables where table_schema = database() and table_type = 'SEQUENCE';
2022-08-15 21:28:43.906  INFO 22132 --- [    Test worker] p6spy                                    : #1660566523906 | took 0ms | statement | connection 2| url jdbc:mariadb://localhost:3306/queant
select * from `queant`.`member` where 1=0
select * from `queant`.`member` where 1=0;
2022-08-15 21:28:43.911  INFO 22132 --- [    Test worker] p6spy                                    : #1660566523911 | took 0ms | statement | connection 2| url jdbc:mariadb://localhost:3306/queant
select * from `queant`.`member` where 1=0
select * from `queant`.`member` where 1=0;
2022-08-15 21:28:43.915  INFO 22132 --- [    Test worker] p6spy                                    : #1660566523915 | took 0ms | statement | connection 2| url jdbc:mariadb://localhost:3306/queant
select * from `queant`.`options` where 1=0
select * from `queant`.`options` where 1=0;
2022-08-15 21:28:43.916  INFO 22132 --- [    Test worker] p6spy                                    : #1660566523916 | took 0ms | statement | connection 2| url jdbc:mariadb://localhost:3306/queant
select * from `queant`.`product` where 1=0
select * from `queant`.`product` where 1=0;
2022-08-15 21:28:43.919  INFO 22132 --- [    Test worker] p6spy                                    : #1660566523919 | took 0ms | statement | connection 2| url jdbc:mariadb://localhost:3306/queant
select * from `queant`.`conditions` where 1=0
select * from `queant`.`conditions` where 1=0;
2022-08-15 21:28:43.920  INFO 22132 --- [    Test worker] p6spy                                    : #1660566523920 | took 0ms | statement | connection 2| url jdbc:mariadb://localhost:3306/queant
select * from `queant`.`portfolio` where 1=0
select * from `queant`.`portfolio` where 1=0;
2022-08-15 21:28:43.923  INFO 22132 --- [    Test worker] o.h.e.t.j.p.i.JtaPlatformInitiator       : HHH000490: Using JtaPlatform implementation: [org.hibernate.engine.transaction.jta.platform.internal.NoJtaPlatform]
2022-08-15 21:28:43.930  INFO 22132 --- [    Test worker] j.LocalContainerEntityManagerFactoryBean : Initialized JPA EntityManagerFactory for persistence unit 'default'
2022-08-15 21:28:44.703  WARN 22132 --- [    Test worker] org.hibernate.orm.deprecation            : HHH90000016: Found use of deprecated 'collection property' syntax in HQL/JPQL query [m.roleSet.size]; use collection function syntax instead [size(m.roleSet)].
2022-08-15 21:28:44.940  WARN 22132 --- [    Test worker] JpaBaseConfiguration$JpaWebConfiguration : spring.jpa.open-in-view is enabled by default. Therefore, database queries may be performed during view rendering. Explicitly configure spring.jpa.open-in-view to disable this warning
2022-08-15 21:28:47.445  INFO 22132 --- [    Test worker] o.s.b.a.w.s.WelcomePageHandlerMapping    : Adding welcome page: class path resource [static/index.html]
2022-08-15 21:28:47.609  WARN 22132 --- [    Test worker] ion$DefaultTemplateResolverConfiguration : Cannot find template location: classpath:/templates/ (please add some templates or check your Thymeleaf configuration)
2022-08-15 21:28:47.987  INFO 22132 --- [    Test worker] o.s.s.web.DefaultSecurityFilterChain     : Will secure any request with [org.springframework.security.web.context.request.async.WebAsyncManagerIntegrationFilter@3fc261b7, org.springframework.security.web.context.SecurityContextPersistenceFilter@badf24b, org.springframework.security.web.header.HeaderWriterFilter@18cdacd, org.springframework.web.filter.CorsFilter@11101f62, org.springframework.security.web.authentication.logout.LogoutFilter@efbc6a1, com.ssafy.queant.security.JwtAuthenticationFilter@3fd64d6b, org.springframework.security.web.savedrequest.RequestCacheAwareFilter@3983b06d, org.springframework.security.web.servletapi.SecurityContextHolderAwareRequestFilter@222b4ab1, org.springframework.security.web.authentication.AnonymousAuthenticationFilter@2f9a7d6f, org.springframework.security.web.session.SessionManagementFilter@7b5f886d, org.springframework.security.web.access.ExceptionTranslationFilter@cd8e702, org.springframework.security.web.access.intercept.FilterSecurityInterceptor@294ffc88]
2022-08-15 21:28:48.879  INFO 22132 --- [    Test worker] c.s.q.m.r.p.SearchRepositoryImplTest     : Started SearchRepositoryImplTest in 18.909 seconds (JVM running for 20.696)
Hibernate: 
    select
        distinct product0_.product_id as col_0_0_,
        options1_.base_rate as col_1_0_,
        options1_.option_id as col_2_0_,
        product0_.product_id as product_1_11_,
        product0_.age_max as age_max2_11_,
        product0_.age_min as age_min3_11_,
        product0_.bank_id as bank_id4_11_,
        product0_.budget_max as budget_m5_11_,
        product0_.budget_min as budget_m6_11_,
        product0_.etc as etc7_11_,
        product0_.is_deposit as is_depos8_11_,
        product0_.is_enabled as is_enabl9_11_,
        product0_.name as name10_11_,
        product0_.picture as picture11_11_,
        product0_.product_code as product12_11_,
        product0_.scode_id as scode_i13_11_,
        product0_.term_max as term_ma14_11_,
        product0_.term_min as term_mi15_11_ 
    from
        product product0_ 
    inner join
        options options1_ 
            on (
                product0_.product_id=options1_.product_id 
                and options1_.save_term=?
            ) 
    where
        product0_.is_enabled=? 
        and product0_.is_deposit=? 
        and coalesce(product0_.budget_min, ?)<=? 
        and coalesce(product0_.budget_max, ?)>=? 
        and options1_.rate_type=? 
        and options1_.rsrv_type=? 
        and (
            product0_.bank_id in (
                select
                    bank2_.bank_id 
                from
                    bank bank2_ 
                where
                    bank2_.scode_id=?
            )
        ) 
    order by
        options1_.base_rate desc,
        product0_.name asc
2022-08-15 21:28:49.314 TRACE 22132 --- [    Test worker] o.h.type.descriptor.sql.BasicBinder      : binding parameter [1] as [INTEGER] - [12]
2022-08-15 21:28:49.318 TRACE 22132 --- [    Test worker] o.h.type.descriptor.sql.BasicBinder      : binding parameter [2] as [BOOLEAN] - [true]
2022-08-15 21:28:49.319 TRACE 22132 --- [    Test worker] o.h.type.descriptor.sql.BasicBinder      : binding parameter [3] as [BOOLEAN] - [false]
2022-08-15 21:28:49.322 TRACE 22132 --- [    Test worker] o.h.type.descriptor.sql.BasicBinder      : binding parameter [4] as [BIGINT] - [-9223372036854775808]
2022-08-15 21:28:49.323 TRACE 22132 --- [    Test worker] o.h.type.descriptor.sql.BasicBinder      : binding parameter [5] as [BIGINT] - [0]
2022-08-15 21:28:49.323 TRACE 22132 --- [    Test worker] o.h.type.descriptor.sql.BasicBinder      : binding parameter [6] as [BIGINT] - [9223372036854775807]
2022-08-15 21:28:49.323 TRACE 22132 --- [    Test worker] o.h.type.descriptor.sql.BasicBinder      : binding parameter [7] as [BIGINT] - [0]
2022-08-15 21:28:49.323 TRACE 22132 --- [    Test worker] o.h.type.descriptor.sql.BasicBinder      : binding parameter [8] as [BOOLEAN] - [false]
2022-08-15 21:28:49.323 TRACE 22132 --- [    Test worker] o.h.type.descriptor.sql.BasicBinder      : binding parameter [9] as [BOOLEAN] - [false]
2022-08-15 21:28:49.324 TRACE 22132 --- [    Test worker] o.h.type.descriptor.sql.BasicBinder      : binding parameter [10] as [VARCHAR] - [C001]
2022-08-15 21:28:49.341  INFO 22132 --- [    Test worker] p6spy                                    : #1660566529341 | took 14ms | statement | connection 3| url jdbc:mariadb://localhost:3306/queant
select distinct product0_.product_id as col_0_0_, options1_.base_rate as col_1_0_, options1_.option_id as col_2_0_, product0_.product_id as product_1_11_, product0_.age_max as age_max2_11_, product0_.age_min as age_min3_11_, product0_.bank_id as bank_id4_11_, product0_.budget_max as budget_m5_11_, product0_.budget_min as budget_m6_11_, product0_.etc as etc7_11_, product0_.is_deposit as is_depos8_11_, product0_.is_enabled as is_enabl9_11_, product0_.name as name10_11_, product0_.picture as picture11_11_, product0_.product_code as product12_11_, product0_.scode_id as scode_i13_11_, product0_.term_max as term_ma14_11_, product0_.term_min as term_mi15_11_ from product product0_ inner join options options1_ on (product0_.product_id=options1_.product_id and options1_.save_term=?) where product0_.is_enabled=? and product0_.is_deposit=? and coalesce(product0_.budget_min, ?)<=? and coalesce(product0_.budget_max, ?)>=? and options1_.rate_type=? and options1_.rsrv_type=? and (product0_.bank_id in (select bank2_.bank_id from bank bank2_ where bank2_.scode_id=?)) order by options1_.base_rate desc, product0_.name asc
select distinct product0_.product_id as col_0_0_, options1_.base_rate as col_1_0_, options1_.option_id as col_2_0_, product0_.product_id as product_1_11_, product0_.age_max as age_max2_11_, product0_.age_min as age_min3_11_, product0_.bank_id as bank_id4_11_, product0_.budget_max as budget_m5_11_, product0_.budget_min as budget_m6_11_, product0_.etc as etc7_11_, product0_.is_deposit as is_depos8_11_, product0_.is_enabled as is_enabl9_11_, product0_.name as name10_11_, product0_.picture as picture11_11_, product0_.product_code as product12_11_, product0_.scode_id as scode_i13_11_, product0_.term_max as term_ma14_11_, product0_.term_min as term_mi15_11_ from product product0_ inner join options options1_ on (product0_.product_id=options1_.product_id and options1_.save_term=12) where product0_.is_enabled=true and product0_.is_deposit=false and coalesce(product0_.budget_min, -9223372036854775808)<=0 and coalesce(product0_.budget_max, 9223372036854775807)>=0 and options1_.rate_type=false and options1_.rsrv_type=false and (product0_.bank_id in (select bank2_.bank_id from bank bank2_ where bank2_.scode_id='C001')) order by options1_.base_rate desc, product0_.name asc;
2022-08-15 21:28:49.345 TRACE 22132 --- [    Test worker] o.h.type.descriptor.sql.BasicExtractor   : extracted value ([product_1_11_] : [INTEGER]) - [37]
2022-08-15 21:28:49.351 TRACE 22132 --- [    Test worker] o.h.type.descriptor.sql.BasicExtractor   : extracted value ([age_max2_11_] : [INTEGER]) - [null]
2022-08-15 21:28:49.351 TRACE 22132 --- [    Test worker] o.h.type.descriptor.sql.BasicExtractor   : extracted value ([age_min3_11_] : [INTEGER]) - [null]
2022-08-15 21:28:49.352 TRACE 22132 --- [    Test worker] o.h.type.descriptor.sql.BasicExtractor   : extracted value ([bank_id4_11_] : [INTEGER]) - [10030]
2022-08-15 21:28:49.353 TRACE 22132 --- [    Test worker] o.h.type.descriptor.sql.BasicExtractor   : extracted value ([budget_m5_11_] : [BIGINT]) - [3000000]
2022-08-15 21:28:49.353 TRACE 22132 --- [    Test worker] o.h.type.descriptor.sql.BasicExtractor   : extracted value ([budget_m6_11_] : [BIGINT]) - [null]
2022-08-15 21:28:49.354 TRACE 22132 --- [    Test worker] o.h.type.descriptor.sql.BasicExtractor   : extracted value ([etc7_11_] : [VARCHAR]) - [해당없음]
2022-08-15 21:28:49.357 TRACE 22132 --- [    Test worker] o.h.type.descriptor.sql.BasicExtractor   : extracted value ([is_depos8_11_] : [BOOLEAN]) - [false]
2022-08-15 21:28:49.359 TRACE 22132 --- [    Test worker] o.h.type.descriptor.sql.BasicExtractor   : extracted value ([is_enabl9_11_] : [BOOLEAN]) - [true]
2022-08-15 21:28:49.360 TRACE 22132 --- [    Test worker] o.h.type.descriptor.sql.BasicExtractor   : extracted value ([name10_11_] : [VARCHAR]) - [KDB Hi 자유적금]
2022-08-15 21:28:49.361 TRACE 22132 --- [    Test worker] o.h.type.descriptor.sql.BasicExtractor   : extracted value ([picture11_11_] : [VARCHAR]) - [https://queant.s3.ap-northeast-2.amazonaws.com/banks/KDB.png]
2022-08-15 21:28:49.361 TRACE 22132 --- [    Test worker] o.h.type.descriptor.sql.BasicExtractor   : extracted value ([product12_11_] : [VARCHAR]) - [03202]
2022-08-15 21:28:49.361 TRACE 22132 --- [    Test worker] o.h.type.descriptor.sql.BasicExtractor   : extracted value ([scode_i13_11_] : [VARCHAR]) - [D001]
2022-08-15 21:28:49.361 TRACE 22132 --- [    Test worker] o.h.type.descriptor.sql.BasicExtractor   : extracted value ([term_ma14_11_] : [INTEGER]) - [36]
2022-08-15 21:28:49.365 TRACE 22132 --- [    Test worker] o.h.type.descriptor.sql.BasicExtractor   : extracted value ([term_mi15_11_] : [INTEGER]) - [12]
2022-08-15 21:28:49.368 TRACE 22132 --- [    Test worker] o.h.type.descriptor.sql.BasicExtractor   : extracted value ([col_0_0_] : [INTEGER]) - [37]
2022-08-15 21:28:49.375 TRACE 22132 --- [    Test worker] o.h.type.descriptor.sql.BasicExtractor   : extracted value ([col_1_0_] : [FLOAT]) - [3.61]
2022-08-15 21:28:49.375 TRACE 22132 --- [    Test worker] o.h.type.descriptor.sql.BasicExtractor   : extracted value ([col_2_0_] : [INTEGER]) - [84]
2022-08-15 21:28:49.375 TRACE 22132 --- [    Test worker] o.h.type.descriptor.sql.BasicExtractor   : extracted value ([product_1_11_] : [INTEGER]) - [36]
2022-08-15 21:28:49.375 TRACE 22132 --- [    Test worker] o.h.type.descriptor.sql.BasicExtractor   : extracted value ([age_max2_11_] : [INTEGER]) - [null]
2022-08-15 21:28:49.375 TRACE 22132 --- [    Test worker] o.h.type.descriptor.sql.BasicExtractor   : extracted value ([age_min3_11_] : [INTEGER]) - [null]
2022-08-15 21:28:49.375 TRACE 22132 --- [    Test worker] o.h.type.descriptor.sql.BasicExtractor   : extracted value ([bank_id4_11_] : [INTEGER]) - [10030]
2022-08-15 21:28:49.375 TRACE 22132 --- [    Test worker] o.h.type.descriptor.sql.BasicExtractor   : extracted value ([budget_m5_11_] : [BIGINT]) - [null]
2022-08-15 21:28:49.375 TRACE 22132 --- [    Test worker] o.h.type.descriptor.sql.BasicExtractor   : extracted value ([budget_m6_11_] : [BIGINT]) - [null]
2022-08-15 21:28:49.375 TRACE 22132 --- [    Test worker] o.h.type.descriptor.sql.BasicExtractor   : extracted value ([etc7_11_] : [VARCHAR]) - [해당없음]
2022-08-15 21:28:49.376 TRACE 22132 --- [    Test worker] o.h.type.descriptor.sql.BasicExtractor   : extracted value ([is_depos8_11_] : [BOOLEAN]) - [false]
2022-08-15 21:28:49.377 TRACE 22132 --- [    Test worker] o.h.type.descriptor.sql.BasicExtractor   : extracted value ([is_enabl9_11_] : [BOOLEAN]) - [true]
2022-08-15 21:28:49.378 TRACE 22132 --- [    Test worker] o.h.type.descriptor.sql.BasicExtractor   : extracted value ([name10_11_] : [VARCHAR]) - [정기적금]
2022-08-15 21:28:49.379 TRACE 22132 --- [    Test worker] o.h.type.descriptor.sql.BasicExtractor   : extracted value ([picture11_11_] : [VARCHAR]) - [https://queant.s3.ap-northeast-2.amazonaws.com/banks/KDB.png]
2022-08-15 21:28:49.379 TRACE 22132 --- [    Test worker] o.h.type.descriptor.sql.BasicExtractor   : extracted value ([product12_11_] : [VARCHAR]) - [03100]
2022-08-15 21:28:49.379 TRACE 22132 --- [    Test worker] o.h.type.descriptor.sql.BasicExtractor   : extracted value ([scode_i13_11_] : [VARCHAR]) - [D001]
2022-08-15 21:28:49.379 TRACE 22132 --- [    Test worker] o.h.type.descriptor.sql.BasicExtractor   : extracted value ([term_ma14_11_] : [INTEGER]) - [36]
2022-08-15 21:28:49.379 TRACE 22132 --- [    Test worker] o.h.type.descriptor.sql.BasicExtractor   : extracted value ([term_mi15_11_] : [INTEGER]) - [6]
2022-08-15 21:28:49.379 TRACE 22132 --- [    Test worker] o.h.type.descriptor.sql.BasicExtractor   : extracted value ([col_0_0_] : [INTEGER]) - [36]
2022-08-15 21:28:49.379 TRACE 22132 --- [    Test worker] o.h.type.descriptor.sql.BasicExtractor   : extracted value ([col_1_0_] : [FLOAT]) - [3.1]
2022-08-15 21:28:49.380 TRACE 22132 --- [    Test worker] o.h.type.descriptor.sql.BasicExtractor   : extracted value ([col_2_0_] : [INTEGER]) - [82]
2022-08-15 21:28:49.381 TRACE 22132 --- [    Test worker] o.h.type.descriptor.sql.BasicExtractor   : extracted value ([product_1_11_] : [INTEGER]) - [35]
2022-08-15 21:28:49.384 TRACE 22132 --- [    Test worker] o.h.type.descriptor.sql.BasicExtractor   : extracted value ([age_max2_11_] : [INTEGER]) - [null]
2022-08-15 21:28:49.385 TRACE 22132 --- [    Test worker] o.h.type.descriptor.sql.BasicExtractor   : extracted value ([age_min3_11_] : [INTEGER]) - [null]
2022-08-15 21:28:49.385 TRACE 22132 --- [    Test worker] o.h.type.descriptor.sql.BasicExtractor   : extracted value ([bank_id4_11_] : [INTEGER]) - [10030]
2022-08-15 21:28:49.385 TRACE 22132 --- [    Test worker] o.h.type.descriptor.sql.BasicExtractor   : extracted value ([budget_m5_11_] : [BIGINT]) - [5000000]
2022-08-15 21:28:49.385 TRACE 22132 --- [    Test worker] o.h.type.descriptor.sql.BasicExtractor   : extracted value ([budget_m6_11_] : [BIGINT]) - [null]
2022-08-15 21:28:49.385 TRACE 22132 --- [    Test worker] o.h.type.descriptor.sql.BasicExtractor   : extracted value ([etc7_11_] : [VARCHAR]) - [이자율 적용방식 선택 가능
1) 최초납입일 고정금리식
2) 수시납입일 고정금리식]
2022-08-15 21:28:49.385 TRACE 22132 --- [    Test worker] o.h.type.descriptor.sql.BasicExtractor   : extracted value ([is_depos8_11_] : [BOOLEAN]) - [false]
2022-08-15 21:28:49.385 TRACE 22132 --- [    Test worker] o.h.type.descriptor.sql.BasicExtractor   : extracted value ([is_enabl9_11_] : [BOOLEAN]) - [true]
2022-08-15 21:28:49.385 TRACE 22132 --- [    Test worker] o.h.type.descriptor.sql.BasicExtractor   : extracted value ([name10_11_] : [VARCHAR]) - [KDBdream 자유적금]
2022-08-15 21:28:49.386 TRACE 22132 --- [    Test worker] o.h.type.descriptor.sql.BasicExtractor   : extracted value ([picture11_11_] : [VARCHAR]) - [https://queant.s3.ap-northeast-2.amazonaws.com/banks/KDB.png]
2022-08-15 21:28:49.387 TRACE 22132 --- [    Test worker] o.h.type.descriptor.sql.BasicExtractor   : extracted value ([product12_11_] : [VARCHAR]) - [03010]
2022-08-15 21:28:49.389 TRACE 22132 --- [    Test worker] o.h.type.descriptor.sql.BasicExtractor   : extracted value ([scode_i13_11_] : [VARCHAR]) - [D001]
2022-08-15 21:28:49.389 TRACE 22132 --- [    Test worker] o.h.type.descriptor.sql.BasicExtractor   : extracted value ([term_ma14_11_] : [INTEGER]) - [36]
2022-08-15 21:28:49.389 TRACE 22132 --- [    Test worker] o.h.type.descriptor.sql.BasicExtractor   : extracted value ([term_mi15_11_] : [INTEGER]) - [12]
2022-08-15 21:28:49.389 TRACE 22132 --- [    Test worker] o.h.type.descriptor.sql.BasicExtractor   : extracted value ([col_0_0_] : [INTEGER]) - [35]
2022-08-15 21:28:49.389 TRACE 22132 --- [    Test worker] o.h.type.descriptor.sql.BasicExtractor   : extracted value ([col_1_0_] : [FLOAT]) - [3.05]
2022-08-15 21:28:49.389 TRACE 22132 --- [    Test worker] o.h.type.descriptor.sql.BasicExtractor   : extracted value ([col_2_0_] : [INTEGER]) - [81]
2022-08-15 21:28:49.390 TRACE 22132 --- [    Test worker] o.h.type.descriptor.sql.BasicExtractor   : extracted value ([product_1_11_] : [INTEGER]) - [32]
2022-08-15 21:28:49.390 TRACE 22132 --- [    Test worker] o.h.type.descriptor.sql.BasicExtractor   : extracted value ([age_max2_11_] : [INTEGER]) - [null]
2022-08-15 21:28:49.390 TRACE 22132 --- [    Test worker] o.h.type.descriptor.sql.BasicExtractor   : extracted value ([age_min3_11_] : [INTEGER]) - [null]
2022-08-15 21:28:49.390 TRACE 22132 --- [    Test worker] o.h.type.descriptor.sql.BasicExtractor   : extracted value ([bank_id4_11_] : [INTEGER]) - [10026]
2022-08-15 21:28:49.390 TRACE 22132 --- [    Test worker] o.h.type.descriptor.sql.BasicExtractor   : extracted value ([budget_m5_11_] : [BIGINT]) - [300000]
2022-08-15 21:28:49.390 TRACE 22132 --- [    Test worker] o.h.type.descriptor.sql.BasicExtractor   : extracted value ([budget_m6_11_] : [BIGINT]) - [null]
2022-08-15 21:28:49.391 TRACE 22132 --- [    Test worker] o.h.type.descriptor.sql.BasicExtractor   : extracted value ([etc7_11_] : [VARCHAR]) - [1인당 1계좌 가입가능하며, 계좌당 월적립금액 30만원 이하로 제한]
2022-08-15 21:28:49.391 TRACE 22132 --- [    Test worker] o.h.type.descriptor.sql.BasicExtractor   : extracted value ([is_depos8_11_] : [BOOLEAN]) - [false]
2022-08-15 21:28:49.391 TRACE 22132 --- [    Test worker] o.h.type.descriptor.sql.BasicExtractor   : extracted value ([is_enabl9_11_] : [BOOLEAN]) - [true]
2022-08-15 21:28:49.391 TRACE 22132 --- [    Test worker] o.h.type.descriptor.sql.BasicExtractor   : extracted value ([name10_11_] : [VARCHAR]) - [IBK썸통장 (자유적립식)]
2022-08-15 21:28:49.391 TRACE 22132 --- [    Test worker] o.h.type.descriptor.sql.BasicExtractor   : extracted value ([picture11_11_] : [VARCHAR]) - [https://queant.s3.ap-northeast-2.amazonaws.com/banks/IBK.png]
2022-08-15 21:28:49.392 TRACE 22132 --- [    Test worker] o.h.type.descriptor.sql.BasicExtractor   : extracted value ([product12_11_] : [VARCHAR]) - [01211210110]
2022-08-15 21:28:49.392 TRACE 22132 --- [    Test worker] o.h.type.descriptor.sql.BasicExtractor   : extracted value ([scode_i13_11_] : [VARCHAR]) - [D001]
2022-08-15 21:28:49.393 TRACE 22132 --- [    Test worker] o.h.type.descriptor.sql.BasicExtractor   : extracted value ([term_ma14_11_] : [INTEGER]) - [12]
2022-08-15 21:28:49.393 TRACE 22132 --- [    Test worker] o.h.type.descriptor.sql.BasicExtractor   : extracted value ([term_mi15_11_] : [INTEGER]) - [12]
2022-08-15 21:28:49.393 TRACE 22132 --- [    Test worker] o.h.type.descriptor.sql.BasicExtractor   : extracted value ([col_0_0_] : [INTEGER]) - [32]
2022-08-15 21:28:49.393 TRACE 22132 --- [    Test worker] o.h.type.descriptor.sql.BasicExtractor   : extracted value ([col_1_0_] : [FLOAT]) - [3.0]
2022-08-15 21:28:49.394 TRACE 22132 --- [    Test worker] o.h.type.descriptor.sql.BasicExtractor   : extracted value ([col_2_0_] : [INTEGER]) - [74]
2022-08-15 21:28:49.394 TRACE 22132 --- [    Test worker] o.h.type.descriptor.sql.BasicExtractor   : extracted value ([product_1_11_] : [INTEGER]) - [48]
2022-08-15 21:28:49.395 TRACE 22132 --- [    Test worker] o.h.type.descriptor.sql.BasicExtractor   : extracted value ([age_max2_11_] : [INTEGER]) - [null]
2022-08-15 21:28:49.396 TRACE 22132 --- [    Test worker] o.h.type.descriptor.sql.BasicExtractor   : extracted value ([age_min3_11_] : [INTEGER]) - [null]
2022-08-15 21:28:49.396 TRACE 22132 --- [    Test worker] o.h.type.descriptor.sql.BasicExtractor   : extracted value ([bank_id4_11_] : [INTEGER]) - [11625]
2022-08-15 21:28:49.396 TRACE 22132 --- [    Test worker] o.h.type.descriptor.sql.BasicExtractor   : extracted value ([budget_m5_11_] : [BIGINT]) - [3000000]
2022-08-15 21:28:49.396 TRACE 22132 --- [    Test worker] o.h.type.descriptor.sql.BasicExtractor   : extracted value ([budget_m6_11_] : [BIGINT]) - [null]
2022-08-15 21:28:49.396 TRACE 22132 --- [    Test worker] o.h.type.descriptor.sql.BasicExtractor   : extracted value ([etc7_11_] : [VARCHAR]) - [1. 가입한도: 
월300만원 이하
2. 1인 1계좌]
2022-08-15 21:28:49.397 TRACE 22132 --- [    Test worker] o.h.type.descriptor.sql.BasicExtractor   : extracted value ([is_depos8_11_] : [BOOLEAN]) - [false]
2022-08-15 21:28:49.397 TRACE 22132 --- [    Test worker] o.h.type.descriptor.sql.BasicExtractor   : extracted value ([is_enabl9_11_] : [BOOLEAN]) - [true]
2022-08-15 21:28:49.397 TRACE 22132 --- [    Test worker] o.h.type.descriptor.sql.BasicExtractor   : extracted value ([name10_11_] : [VARCHAR]) - [신한 알.쏠 적금]
2022-08-15 21:28:49.397 TRACE 22132 --- [    Test worker] o.h.type.descriptor.sql.BasicExtractor   : extracted value ([picture11_11_] : [VARCHAR]) - [https://queant.s3.ap-northeast-2.amazonaws.com/banks/신한은행.png]
2022-08-15 21:28:49.397 TRACE 22132 --- [    Test worker] o.h.type.descriptor.sql.BasicExtractor   : extracted value ([product12_11_] : [VARCHAR]) - [230-0119-85]
2022-08-15 21:28:49.397 TRACE 22132 --- [    Test worker] o.h.type.descriptor.sql.BasicExtractor   : extracted value ([scode_i13_11_] : [VARCHAR]) - [D001]
2022-08-15 21:28:49.397 TRACE 22132 --- [    Test worker] o.h.type.descriptor.sql.BasicExtractor   : extracted value ([term_ma14_11_] : [INTEGER]) - [36]
2022-08-15 21:28:49.397 TRACE 22132 --- [    Test worker] o.h.type.descriptor.sql.BasicExtractor   : extracted value ([term_mi15_11_] : [INTEGER]) - [12]
2022-08-15 21:28:49.397 TRACE 22132 --- [    Test worker] o.h.type.descriptor.sql.BasicExtractor   : extracted value ([col_0_0_] : [INTEGER]) - [48]
2022-08-15 21:28:49.398 TRACE 22132 --- [    Test worker] o.h.type.descriptor.sql.BasicExtractor   : extracted value ([col_1_0_] : [FLOAT]) - [3.0]
2022-08-15 21:28:49.401 TRACE 22132 --- [    Test worker] o.h.type.descriptor.sql.BasicExtractor   : extracted value ([col_2_0_] : [INTEGER]) - [114]
2022-08-15 21:28:49.401 TRACE 22132 --- [    Test worker] o.h.type.descriptor.sql.BasicExtractor   : extracted value ([product_1_11_] : [INTEGER]) - [62]
2022-08-15 21:28:49.402 TRACE 22132 --- [    Test worker] o.h.type.descriptor.sql.BasicExtractor   : extracted value ([age_max2_11_] : [INTEGER]) - [null]
2022-08-15 21:28:49.402 TRACE 22132 --- [    Test worker] o.h.type.descriptor.sql.BasicExtractor   : extracted value ([age_min3_11_] : [INTEGER]) - [null]
2022-08-15 21:28:49.402 TRACE 22132 --- [    Test worker] o.h.type.descriptor.sql.BasicExtractor   : extracted value ([bank_id4_11_] : [INTEGER]) - [14807]
2022-08-15 21:28:49.402 TRACE 22132 --- [    Test worker] o.h.type.descriptor.sql.BasicExtractor   : extracted value ([budget_m5_11_] : [BIGINT]) - [1000000]
2022-08-15 21:28:49.402 TRACE 22132 --- [    Test worker] o.h.type.descriptor.sql.BasicExtractor   : extracted value ([budget_m6_11_] : [BIGINT]) - [null]
2022-08-15 21:28:49.402 TRACE 22132 --- [    Test worker] o.h.type.descriptor.sql.BasicExtractor   : extracted value ([etc7_11_] : [VARCHAR]) - [- 1인 1계좌 
- 월 가입한도 : 100만원]
2022-08-15 21:28:49.402 TRACE 22132 --- [    Test worker] o.h.type.descriptor.sql.BasicExtractor   : extracted value ([is_depos8_11_] : [BOOLEAN]) - [false]
2022-08-15 21:28:49.403 TRACE 22132 --- [    Test worker] o.h.type.descriptor.sql.BasicExtractor   : extracted value ([is_enabl9_11_] : [BOOLEAN]) - [true]
2022-08-15 21:28:49.403 TRACE 22132 --- [    Test worker] o.h.type.descriptor.sql.BasicExtractor   : extracted value ([name10_11_] : [VARCHAR]) - [Sh평생주거래우대적금]
2022-08-15 21:28:49.404 TRACE 22132 --- [    Test worker] o.h.type.descriptor.sql.BasicExtractor   : extracted value ([picture11_11_] : [VARCHAR]) - [https://queant.s3.ap-northeast-2.amazonaws.com/banks/수협은행.png]
2022-08-15 21:28:49.405 TRACE 22132 --- [    Test worker] o.h.type.descriptor.sql.BasicExtractor   : extracted value ([product12_11_] : [VARCHAR]) - [10140110400011]
2022-08-15 21:28:49.406 TRACE 22132 --- [    Test worker] o.h.type.descriptor.sql.BasicExtractor   : extracted value ([scode_i13_11_] : [VARCHAR]) - [D001]
2022-08-15 21:28:49.409 TRACE 22132 --- [    Test worker] o.h.type.descriptor.sql.BasicExtractor   : extracted value ([term_ma14_11_] : [INTEGER]) - [36]
2022-08-15 21:28:49.409 TRACE 22132 --- [    Test worker] o.h.type.descriptor.sql.BasicExtractor   : extracted value ([term_mi15_11_] : [INTEGER]) - [12]
2022-08-15 21:28:49.409 TRACE 22132 --- [    Test worker] o.h.type.descriptor.sql.BasicExtractor   : extracted value ([col_0_0_] : [INTEGER]) - [62]
2022-08-15 21:28:49.409 TRACE 22132 --- [    Test worker] o.h.type.descriptor.sql.BasicExtractor   : extracted value ([col_1_0_] : [FLOAT]) - [2.9]
2022-08-15 21:28:49.409 TRACE 22132 --- [    Test worker] o.h.type.descriptor.sql.BasicExtractor   : extracted value ([col_2_0_] : [INTEGER]) - [146]
2022-08-15 21:28:49.409 TRACE 22132 --- [    Test worker] o.h.type.descriptor.sql.BasicExtractor   : extracted value ([product_1_11_] : [INTEGER]) - [45]
2022-08-15 21:28:49.409 TRACE 22132 --- [    Test worker] o.h.type.descriptor.sql.BasicExtractor   : extracted value ([age_max2_11_] : [INTEGER]) - [null]
2022-08-15 21:28:49.409 TRACE 22132 --- [    Test worker] o.h.type.descriptor.sql.BasicExtractor   : extracted value ([age_min3_11_] : [INTEGER]) - [null]
2022-08-15 21:28:49.409 TRACE 22132 --- [    Test worker] o.h.type.descriptor.sql.BasicExtractor   : extracted value ([bank_id4_11_] : [INTEGER]) - [11625]
2022-08-15 21:28:49.409 TRACE 22132 --- [    Test worker] o.h.type.descriptor.sql.BasicExtractor   : extracted value ([budget_m5_11_] : [BIGINT]) - [200000]
2022-08-15 21:28:49.409 TRACE 22132 --- [    Test worker] o.h.type.descriptor.sql.BasicExtractor   : extracted value ([budget_m6_11_] : [BIGINT]) - [null]
2022-08-15 21:28:49.410 TRACE 22132 --- [    Test worker] o.h.type.descriptor.sql.BasicExtractor   : extracted value ([etc7_11_] : [VARCHAR]) - [1. 가입한도: 
월20만원이하
2. 1인 1계좌
3. 청약통장 가입일자가 상이하거나, 청약종합저축 가입 전 이 적금의 가입은 불가]
2022-08-15 21:28:49.412 TRACE 22132 --- [    Test worker] o.h.type.descriptor.sql.BasicExtractor   : extracted value ([is_depos8_11_] : [BOOLEAN]) - [false]
2022-08-15 21:28:49.413 TRACE 22132 --- [    Test worker] o.h.type.descriptor.sql.BasicExtractor   : extracted value ([is_enabl9_11_] : [BOOLEAN]) - [true]
2022-08-15 21:28:49.414 TRACE 22132 --- [    Test worker] o.h.type.descriptor.sql.BasicExtractor   : extracted value ([name10_11_] : [VARCHAR]) - [신한 마이홈 적금]
2022-08-15 21:28:49.414 TRACE 22132 --- [    Test worker] o.h.type.descriptor.sql.BasicExtractor   : extracted value ([picture11_11_] : [VARCHAR]) - [https://queant.s3.ap-northeast-2.amazonaws.com/banks/신한은행.png]
2022-08-15 21:28:49.415 TRACE 22132 --- [    Test worker] o.h.type.descriptor.sql.BasicExtractor   : extracted value ([product12_11_] : [VARCHAR]) - [230-0109-67]
2022-08-15 21:28:49.415 TRACE 22132 --- [    Test worker] o.h.type.descriptor.sql.BasicExtractor   : extracted value ([scode_i13_11_] : [VARCHAR]) - [D001]
2022-08-15 21:28:49.415 TRACE 22132 --- [    Test worker] o.h.type.descriptor.sql.BasicExtractor   : extracted value ([term_ma14_11_] : [INTEGER]) - [12]
2022-08-15 21:28:49.415 TRACE 22132 --- [    Test worker] o.h.type.descriptor.sql.BasicExtractor   : extracted value ([term_mi15_11_] : [INTEGER]) - [12]
2022-08-15 21:28:49.416 TRACE 22132 --- [    Test worker] o.h.type.descriptor.sql.BasicExtractor   : extracted value ([col_0_0_] : [INTEGER]) - [45]
2022-08-15 21:28:49.418 TRACE 22132 --- [    Test worker] o.h.type.descriptor.sql.BasicExtractor   : extracted value ([col_1_0_] : [FLOAT]) - [2.8]
2022-08-15 21:28:49.418 TRACE 22132 --- [    Test worker] o.h.type.descriptor.sql.BasicExtractor   : extracted value ([col_2_0_] : [INTEGER]) - [109]
2022-08-15 21:28:49.418 TRACE 22132 --- [    Test worker] o.h.type.descriptor.sql.BasicExtractor   : extracted value ([product_1_11_] : [INTEGER]) - [23]
2022-08-15 21:28:49.418 TRACE 22132 --- [    Test worker] o.h.type.descriptor.sql.BasicExtractor   : extracted value ([age_max2_11_] : [INTEGER]) - [null]
2022-08-15 21:28:49.419 TRACE 22132 --- [    Test worker] o.h.type.descriptor.sql.BasicExtractor   : extracted value ([age_min3_11_] : [INTEGER]) - [null]
2022-08-15 21:28:49.419 TRACE 22132 --- [    Test worker] o.h.type.descriptor.sql.BasicExtractor   : extracted value ([bank_id4_11_] : [INTEGER]) - [10020]
2022-08-15 21:28:49.419 TRACE 22132 --- [    Test worker] o.h.type.descriptor.sql.BasicExtractor   : extracted value ([budget_m5_11_] : [BIGINT]) - [null]
2022-08-15 21:28:49.419 TRACE 22132 --- [    Test worker] o.h.type.descriptor.sql.BasicExtractor   : extracted value ([budget_m6_11_] : [BIGINT]) - [null]
2022-08-15 21:28:49.419 TRACE 22132 --- [    Test worker] o.h.type.descriptor.sql.BasicExtractor   : extracted value ([etc7_11_] : [VARCHAR]) - ["해당 없음"]
2022-08-15 21:28:49.420 TRACE 22132 --- [    Test worker] o.h.type.descriptor.sql.BasicExtractor   : extracted value ([is_depos8_11_] : [BOOLEAN]) - [false]
2022-08-15 21:28:49.420 TRACE 22132 --- [    Test worker] o.h.type.descriptor.sql.BasicExtractor   : extracted value ([is_enabl9_11_] : [BOOLEAN]) - [true]
2022-08-15 21:28:49.421 TRACE 22132 --- [    Test worker] o.h.type.descriptor.sql.BasicExtractor   : extracted value ([name10_11_] : [VARCHAR]) - [사이버우대매일부금]
2022-08-15 21:28:49.421 TRACE 22132 --- [    Test worker] o.h.type.descriptor.sql.BasicExtractor   : extracted value ([picture11_11_] : [VARCHAR]) - [https://queant.s3.ap-northeast-2.amazonaws.com/banks/제주은행.png]
2022-08-15 21:28:49.422 TRACE 22132 --- [    Test worker] o.h.type.descriptor.sql.BasicExtractor   : extracted value ([product12_11_] : [VARCHAR]) - [230000202]
2022-08-15 21:28:49.422 TRACE 22132 --- [    Test worker] o.h.type.descriptor.sql.BasicExtractor   : extracted value ([scode_i13_11_] : [VARCHAR]) - [D001]
2022-08-15 21:28:49.422 TRACE 22132 --- [    Test worker] o.h.type.descriptor.sql.BasicExtractor   : extracted value ([term_ma14_11_] : [INTEGER]) - [36]
2022-08-15 21:28:49.423 TRACE 22132 --- [    Test worker] o.h.type.descriptor.sql.BasicExtractor   : extracted value ([term_mi15_11_] : [INTEGER]) - [6]
2022-08-15 21:28:49.423 TRACE 22132 --- [    Test worker] o.h.type.descriptor.sql.BasicExtractor   : extracted value ([col_0_0_] : [INTEGER]) - [23]
2022-08-15 21:28:49.423 TRACE 22132 --- [    Test worker] o.h.type.descriptor.sql.BasicExtractor   : extracted value ([col_1_0_] : [FLOAT]) - [2.7]
2022-08-15 21:28:49.423 TRACE 22132 --- [    Test worker] o.h.type.descriptor.sql.BasicExtractor   : extracted value ([col_2_0_] : [INTEGER]) - [51]
2022-08-15 21:28:49.423 TRACE 22132 --- [    Test worker] o.h.type.descriptor.sql.BasicExtractor   : extracted value ([product_1_11_] : [INTEGER]) - [63]
2022-08-15 21:28:49.423 TRACE 22132 --- [    Test worker] o.h.type.descriptor.sql.BasicExtractor   : extracted value ([age_max2_11_] : [INTEGER]) - [null]
2022-08-15 21:28:49.423 TRACE 22132 --- [    Test worker] o.h.type.descriptor.sql.BasicExtractor   : extracted value ([age_min3_11_] : [INTEGER]) - [null]
2022-08-15 21:28:49.423 TRACE 22132 --- [    Test worker] o.h.type.descriptor.sql.BasicExtractor   : extracted value ([bank_id4_11_] : [INTEGER]) - [14807]
2022-08-15 21:28:49.423 TRACE 22132 --- [    Test worker] o.h.type.descriptor.sql.BasicExtractor   : extracted value ([budget_m5_11_] : [BIGINT]) - [1000000]
2022-08-15 21:28:49.423 TRACE 22132 --- [    Test worker] o.h.type.descriptor.sql.BasicExtractor   : extracted value ([budget_m6_11_] : [BIGINT]) - [null]
2022-08-15 21:28:49.423 TRACE 22132 --- [    Test worker] o.h.type.descriptor.sql.BasicExtractor   : extracted value ([etc7_11_] : [VARCHAR]) - [- 1인 1계좌 
- 월 가입한도 : 100만원]
2022-08-15 21:28:49.423 TRACE 22132 --- [    Test worker] o.h.type.descriptor.sql.BasicExtractor   : extracted value ([is_depos8_11_] : [BOOLEAN]) - [false]
2022-08-15 21:28:49.423 TRACE 22132 --- [    Test worker] o.h.type.descriptor.sql.BasicExtractor   : extracted value ([is_enabl9_11_] : [BOOLEAN]) - [true]
2022-08-15 21:28:49.423 TRACE 22132 --- [    Test worker] o.h.type.descriptor.sql.BasicExtractor   : extracted value ([name10_11_] : [VARCHAR]) - [Sh보고싶다!명태야적금Ⅱ(개인)]
2022-08-15 21:28:49.424 TRACE 22132 --- [    Test worker] o.h.type.descriptor.sql.BasicExtractor   : extracted value ([picture11_11_] : [VARCHAR]) - [https://queant.s3.ap-northeast-2.amazonaws.com/banks/수협은행.png]
2022-08-15 21:28:49.424 TRACE 22132 --- [    Test worker] o.h.type.descriptor.sql.BasicExtractor   : extracted value ([product12_11_] : [VARCHAR]) - [10140111600061 10141111600051]
2022-08-15 21:28:49.424 TRACE 22132 --- [    Test worker] o.h.type.descriptor.sql.BasicExtractor   : extracted value ([scode_i13_11_] : [VARCHAR]) - [D001]
2022-08-15 21:28:49.424 TRACE 22132 --- [    Test worker] o.h.type.descriptor.sql.BasicExtractor   : extracted value ([term_ma14_11_] : [INTEGER]) - [36]
2022-08-15 21:28:49.424 TRACE 22132 --- [    Test worker] o.h.type.descriptor.sql.BasicExtractor   : extracted value ([term_mi15_11_] : [INTEGER]) - [12]
2022-08-15 21:28:49.424 TRACE 22132 --- [    Test worker] o.h.type.descriptor.sql.BasicExtractor   : extracted value ([col_0_0_] : [INTEGER]) - [63]
2022-08-15 21:28:49.424 TRACE 22132 --- [    Test worker] o.h.type.descriptor.sql.BasicExtractor   : extracted value ([col_1_0_] : [FLOAT]) - [2.6]
2022-08-15 21:28:49.424 TRACE 22132 --- [    Test worker] o.h.type.descriptor.sql.BasicExtractor   : extracted value ([col_2_0_] : [INTEGER]) - [153]
2022-08-15 21:28:49.424 TRACE 22132 --- [    Test worker] o.h.type.descriptor.sql.BasicExtractor   : extracted value ([product_1_11_] : [INTEGER]) - [21]
2022-08-15 21:28:49.424 TRACE 22132 --- [    Test worker] o.h.type.descriptor.sql.BasicExtractor   : extracted value ([age_max2_11_] : [INTEGER]) - [null]
2022-08-15 21:28:49.424 TRACE 22132 --- [    Test worker] o.h.type.descriptor.sql.BasicExtractor   : extracted value ([age_min3_11_] : [INTEGER]) - [null]
2022-08-15 21:28:49.424 TRACE 22132 --- [    Test worker] o.h.type.descriptor.sql.BasicExtractor   : extracted value ([bank_id4_11_] : [INTEGER]) - [10020]
2022-08-15 21:28:49.424 TRACE 22132 --- [    Test worker] o.h.type.descriptor.sql.BasicExtractor   : extracted value ([budget_m5_11_] : [BIGINT]) - [500000]
2022-08-15 21:28:49.424 TRACE 22132 --- [    Test worker] o.h.type.descriptor.sql.BasicExtractor   : extracted value ([budget_m6_11_] : [BIGINT]) - [null]
2022-08-15 21:28:49.424 TRACE 22132 --- [    Test worker] o.h.type.descriptor.sql.BasicExtractor   : extracted value ([etc7_11_] : [VARCHAR]) - [월 납입한도 50만원 이하]
2022-08-15 21:28:49.424 TRACE 22132 --- [    Test worker] o.h.type.descriptor.sql.BasicExtractor   : extracted value ([is_depos8_11_] : [BOOLEAN]) - [false]
2022-08-15 21:28:49.425 TRACE 22132 --- [    Test worker] o.h.type.descriptor.sql.BasicExtractor   : extracted value ([is_enabl9_11_] : [BOOLEAN]) - [true]
2022-08-15 21:28:49.425 TRACE 22132 --- [    Test worker] o.h.type.descriptor.sql.BasicExtractor   : extracted value ([name10_11_] : [VARCHAR]) - [jBANK 저금통적금]
2022-08-15 21:28:49.426 TRACE 22132 --- [    Test worker] o.h.type.descriptor.sql.BasicExtractor   : extracted value ([picture11_11_] : [VARCHAR]) - [https://queant.s3.ap-northeast-2.amazonaws.com/banks/제주은행.png]
2022-08-15 21:28:49.427 TRACE 22132 --- [    Test worker] o.h.type.descriptor.sql.BasicExtractor   : extracted value ([product12_11_] : [VARCHAR]) - [220002101]
2022-08-15 21:28:49.427 TRACE 22132 --- [    Test worker] o.h.type.descriptor.sql.BasicExtractor   : extracted value ([scode_i13_11_] : [VARCHAR]) - [D001]
2022-08-15 21:28:49.427 TRACE 22132 --- [    Test worker] o.h.type.descriptor.sql.BasicExtractor   : extracted value ([term_ma14_11_] : [INTEGER]) - [12]
2022-08-15 21:28:49.427 TRACE 22132 --- [    Test worker] o.h.type.descriptor.sql.BasicExtractor   : extracted value ([term_mi15_11_] : [INTEGER]) - [6]
2022-08-15 21:28:49.427 TRACE 22132 --- [    Test worker] o.h.type.descriptor.sql.BasicExtractor   : extracted value ([col_0_0_] : [INTEGER]) - [21]
2022-08-15 21:28:49.427 TRACE 22132 --- [    Test worker] o.h.type.descriptor.sql.BasicExtractor   : extracted value ([col_1_0_] : [FLOAT]) - [2.5]
2022-08-15 21:28:49.427 TRACE 22132 --- [    Test worker] o.h.type.descriptor.sql.BasicExtractor   : extracted value ([col_2_0_] : [INTEGER]) - [47]
2022-08-15 21:28:49.427 TRACE 22132 --- [    Test worker] o.h.type.descriptor.sql.BasicExtractor   : extracted value ([product_1_11_] : [INTEGER]) - [46]
2022-08-15 21:28:49.427 TRACE 22132 --- [    Test worker] o.h.type.descriptor.sql.BasicExtractor   : extracted value ([age_max2_11_] : [INTEGER]) - [null]
2022-08-15 21:28:49.428 TRACE 22132 --- [    Test worker] o.h.type.descriptor.sql.BasicExtractor   : extracted value ([age_min3_11_] : [INTEGER]) - [null]
2022-08-15 21:28:49.428 TRACE 22132 --- [    Test worker] o.h.type.descriptor.sql.BasicExtractor   : extracted value ([bank_id4_11_] : [INTEGER]) - [11625]
2022-08-15 21:28:49.429 TRACE 22132 --- [    Test worker] o.h.type.descriptor.sql.BasicExtractor   : extracted value ([budget_m5_11_] : [BIGINT]) - [1000000]
2022-08-15 21:28:49.429 TRACE 22132 --- [    Test worker] o.h.type.descriptor.sql.BasicExtractor   : extracted value ([budget_m6_11_] : [BIGINT]) - [null]
2022-08-15 21:28:49.430 TRACE 22132 --- [    Test worker] o.h.type.descriptor.sql.BasicExtractor   : extracted value ([etc7_11_] : [VARCHAR]) - [1. 가입한도 : 
월 100만원 이하
2. 가입방법 : 
스마트폰
3. 1인 1계좌]
2022-08-15 21:28:49.430 TRACE 22132 --- [    Test worker] o.h.type.descriptor.sql.BasicExtractor   : extracted value ([is_depos8_11_] : [BOOLEAN]) - [false]
2022-08-15 21:28:49.430 TRACE 22132 --- [    Test worker] o.h.type.descriptor.sql.BasicExtractor   : extracted value ([is_enabl9_11_] : [BOOLEAN]) - [true]
2022-08-15 21:28:49.430 TRACE 22132 --- [    Test worker] o.h.type.descriptor.sql.BasicExtractor   : extracted value ([name10_11_] : [VARCHAR]) - [신한스마트적금]
2022-08-15 21:28:49.430 TRACE 22132 --- [    Test worker] o.h.type.descriptor.sql.BasicExtractor   : extracted value ([picture11_11_] : [VARCHAR]) - [https://queant.s3.ap-northeast-2.amazonaws.com/banks/신한은행.png]
2022-08-15 21:28:49.430 TRACE 22132 --- [    Test worker] o.h.type.descriptor.sql.BasicExtractor   : extracted value ([product12_11_] : [VARCHAR]) - [230-0118-07]
2022-08-15 21:28:49.430 TRACE 22132 --- [    Test worker] o.h.type.descriptor.sql.BasicExtractor   : extracted value ([scode_i13_11_] : [VARCHAR]) - [D001]
2022-08-15 21:28:49.430 TRACE 22132 --- [    Test worker] o.h.type.descriptor.sql.BasicExtractor   : extracted value ([term_ma14_11_] : [INTEGER]) - [12]
2022-08-15 21:28:49.430 TRACE 22132 --- [    Test worker] o.h.type.descriptor.sql.BasicExtractor   : extracted value ([term_mi15_11_] : [INTEGER]) - [12]
2022-08-15 21:28:49.430 TRACE 22132 --- [    Test worker] o.h.type.descriptor.sql.BasicExtractor   : extracted value ([col_0_0_] : [INTEGER]) - [46]
2022-08-15 21:28:49.430 TRACE 22132 --- [    Test worker] o.h.type.descriptor.sql.BasicExtractor   : extracted value ([col_1_0_] : [FLOAT]) - [2.4]
2022-08-15 21:28:49.430 TRACE 22132 --- [    Test worker] o.h.type.descriptor.sql.BasicExtractor   : extracted value ([col_2_0_] : [INTEGER]) - [110]
2022-08-15 21:28:49.430 TRACE 22132 --- [    Test worker] o.h.type.descriptor.sql.BasicExtractor   : extracted value ([product_1_11_] : [INTEGER]) - [50]
2022-08-15 21:28:49.431 TRACE 22132 --- [    Test worker] o.h.type.descriptor.sql.BasicExtractor   : extracted value ([age_max2_11_] : [INTEGER]) - [null]
2022-08-15 21:28:49.431 TRACE 22132 --- [    Test worker] o.h.type.descriptor.sql.BasicExtractor   : extracted value ([age_min3_11_] : [INTEGER]) - [null]
2022-08-15 21:28:49.432 TRACE 22132 --- [    Test worker] o.h.type.descriptor.sql.BasicExtractor   : extracted value ([bank_id4_11_] : [INTEGER]) - [11625]
2022-08-15 21:28:49.434 TRACE 22132 --- [    Test worker] o.h.type.descriptor.sql.BasicExtractor   : extracted value ([budget_m5_11_] : [BIGINT]) - [500000]
2022-08-15 21:28:49.436 TRACE 22132 --- [    Test worker] o.h.type.descriptor.sql.BasicExtractor   : extracted value ([budget_m6_11_] : [BIGINT]) - [null]
2022-08-15 21:28:49.438 TRACE 22132 --- [    Test worker] o.h.type.descriptor.sql.BasicExtractor   : extracted value ([etc7_11_] : [VARCHAR]) - [1. 가입한도: 
월50만원이하
2. 1인 1계좌]
2022-08-15 21:28:49.445 TRACE 22132 --- [    Test worker] o.h.type.descriptor.sql.BasicExtractor   : extracted value ([is_depos8_11_] : [BOOLEAN]) - [false]
2022-08-15 21:28:49.447 TRACE 22132 --- [    Test worker] o.h.type.descriptor.sql.BasicExtractor   : extracted value ([is_enabl9_11_] : [BOOLEAN]) - [true]
2022-08-15 21:28:49.447 TRACE 22132 --- [    Test worker] o.h.type.descriptor.sql.BasicExtractor   : extracted value ([name10_11_] : [VARCHAR]) - [아름다운 용기 적금]
2022-08-15 21:28:49.448 TRACE 22132 --- [    Test worker] o.h.type.descriptor.sql.BasicExtractor   : extracted value ([picture11_11_] : [VARCHAR]) - [https://queant.s3.ap-northeast-2.amazonaws.com/banks/신한은행.png]
2022-08-15 21:28:49.448 TRACE 22132 --- [    Test worker] o.h.type.descriptor.sql.BasicExtractor   : extracted value ([product12_11_] : [VARCHAR]) - [230-0119-87]
2022-08-15 21:28:49.448 TRACE 22132 --- [    Test worker] o.h.type.descriptor.sql.BasicExtractor   : extracted value ([scode_i13_11_] : [VARCHAR]) - [D001]
2022-08-15 21:28:49.448 TRACE 22132 --- [    Test worker] o.h.type.descriptor.sql.BasicExtractor   : extracted value ([term_ma14_11_] : [INTEGER]) - [12]
2022-08-15 21:28:49.448 TRACE 22132 --- [    Test worker] o.h.type.descriptor.sql.BasicExtractor   : extracted value ([term_mi15_11_] : [INTEGER]) - [12]
2022-08-15 21:28:49.449 TRACE 22132 --- [    Test worker] o.h.type.descriptor.sql.BasicExtractor   : extracted value ([col_0_0_] : [INTEGER]) - [50]
2022-08-15 21:28:49.449 TRACE 22132 --- [    Test worker] o.h.type.descriptor.sql.BasicExtractor   : extracted value ([col_1_0_] : [FLOAT]) - [2.4]
2022-08-15 21:28:49.449 TRACE 22132 --- [    Test worker] o.h.type.descriptor.sql.BasicExtractor   : extracted value ([col_2_0_] : [INTEGER]) - [116]
2022-08-15 21:28:49.449 TRACE 22132 --- [    Test worker] o.h.type.descriptor.sql.BasicExtractor   : extracted value ([product_1_11_] : [INTEGER]) - [3]
2022-08-15 21:28:49.449 TRACE 22132 --- [    Test worker] o.h.type.descriptor.sql.BasicExtractor   : extracted value ([age_max2_11_] : [INTEGER]) - [null]
2022-08-15 21:28:49.449 TRACE 22132 --- [    Test worker] o.h.type.descriptor.sql.BasicExtractor   : extracted value ([age_min3_11_] : [INTEGER]) - [null]
2022-08-15 21:28:49.449 TRACE 22132 --- [    Test worker] o.h.type.descriptor.sql.BasicExtractor   : extracted value ([bank_id4_11_] : [INTEGER]) - [10001]
2022-08-15 21:28:49.449 TRACE 22132 --- [    Test worker] o.h.type.descriptor.sql.BasicExtractor   : extracted value ([budget_m5_11_] : [BIGINT]) - [500000]
2022-08-15 21:28:49.449 TRACE 22132 --- [    Test worker] o.h.type.descriptor.sql.BasicExtractor   : extracted value ([budget_m6_11_] : [BIGINT]) - [null]
2022-08-15 21:28:49.450 TRACE 22132 --- [    Test worker] o.h.type.descriptor.sql.BasicExtractor   : extracted value ([etc7_11_] : [VARCHAR]) - [-거래실적인정기간:신규일이 포함된 달로부터 만기일이 속한 달의 전전달까지
-우대조건 필수 충족기간 : 1년: 6개월 이상 / 2년: 12개월 이상 / 3년 : 18개월 이상]
2022-08-15 21:28:49.450 TRACE 22132 --- [    Test worker] o.h.type.descriptor.sql.BasicExtractor   : extracted value ([is_depos8_11_] : [BOOLEAN]) - [false]
2022-08-15 21:28:49.450 TRACE 22132 --- [    Test worker] o.h.type.descriptor.sql.BasicExtractor   : extracted value ([is_enabl9_11_] : [BOOLEAN]) - [true]
2022-08-15 21:28:49.450 TRACE 22132 --- [    Test worker] o.h.type.descriptor.sql.BasicExtractor   : extracted value ([name10_11_] : [VARCHAR]) - [우리SUPER주거래적금]
2022-08-15 21:28:49.451 TRACE 22132 --- [    Test worker] o.h.type.descriptor.sql.BasicExtractor   : extracted value ([picture11_11_] : [VARCHAR]) - [https://queant.s3.ap-northeast-2.amazonaws.com/banks/우리은행.png]
2022-08-15 21:28:49.452 TRACE 22132 --- [    Test worker] o.h.type.descriptor.sql.BasicExtractor   : extracted value ([product12_11_] : [VARCHAR]) - [WR0001F]
2022-08-15 21:28:49.456 TRACE 22132 --- [    Test worker] o.h.type.descriptor.sql.BasicExtractor   : extracted value ([scode_i13_11_] : [VARCHAR]) - [D001]
2022-08-15 21:28:49.457 TRACE 22132 --- [    Test worker] o.h.type.descriptor.sql.BasicExtractor   : extracted value ([term_ma14_11_] : [INTEGER]) - [36]
2022-08-15 21:28:49.459 TRACE 22132 --- [    Test worker] o.h.type.descriptor.sql.BasicExtractor   : extracted value ([term_mi15_11_] : [INTEGER]) - [12]
2022-08-15 21:28:49.460 TRACE 22132 --- [    Test worker] o.h.type.descriptor.sql.BasicExtractor   : extracted value ([col_0_0_] : [INTEGER]) - [3]
2022-08-15 21:28:49.461 TRACE 22132 --- [    Test worker] o.h.type.descriptor.sql.BasicExtractor   : extracted value ([col_1_0_] : [FLOAT]) - [2.35]
2022-08-15 21:28:49.461 TRACE 22132 --- [    Test worker] o.h.type.descriptor.sql.BasicExtractor   : extracted value ([col_2_0_] : [INTEGER]) - [1]
2022-08-15 21:28:49.462 TRACE 22132 --- [    Test worker] o.h.type.descriptor.sql.BasicExtractor   : extracted value ([product_1_11_] : [INTEGER]) - [34]
2022-08-15 21:28:49.462 TRACE 22132 --- [    Test worker] o.h.type.descriptor.sql.BasicExtractor   : extracted value ([age_max2_11_] : [INTEGER]) - [null]
2022-08-15 21:28:49.462 TRACE 22132 --- [    Test worker] o.h.type.descriptor.sql.BasicExtractor   : extracted value ([age_min3_11_] : [INTEGER]) - [null]
2022-08-15 21:28:49.463 TRACE 22132 --- [    Test worker] o.h.type.descriptor.sql.BasicExtractor   : extracted value ([bank_id4_11_] : [INTEGER]) - [10026]
2022-08-15 21:28:49.463 TRACE 22132 --- [    Test worker] o.h.type.descriptor.sql.BasicExtractor   : extracted value ([budget_m5_11_] : [BIGINT]) - [200000]
2022-08-15 21:28:49.463 TRACE 22132 --- [    Test worker] o.h.type.descriptor.sql.BasicExtractor   : extracted value ([budget_m6_11_] : [BIGINT]) - [null]
2022-08-15 21:28:49.465 TRACE 22132 --- [    Test worker] o.h.type.descriptor.sql.BasicExtractor   : extracted value ([etc7_11_] : [VARCHAR]) - [1인당 3계좌 가입가능하며, 계좌당 월적립금액 20만원 이하로 제한]
2022-08-15 21:28:49.466 TRACE 22132 --- [    Test worker] o.h.type.descriptor.sql.BasicExtractor   : extracted value ([is_depos8_11_] : [BOOLEAN]) - [false]
2022-08-15 21:28:49.467 TRACE 22132 --- [    Test worker] o.h.type.descriptor.sql.BasicExtractor   : extracted value ([is_enabl9_11_] : [BOOLEAN]) - [true]
2022-08-15 21:28:49.467 TRACE 22132 --- [    Test worker] o.h.type.descriptor.sql.BasicExtractor   : extracted value ([name10_11_] : [VARCHAR]) - [IBK D-day적금 (자유적립식)]
2022-08-15 21:28:49.468 TRACE 22132 --- [    Test worker] o.h.type.descriptor.sql.BasicExtractor   : extracted value ([picture11_11_] : [VARCHAR]) - [https://queant.s3.ap-northeast-2.amazonaws.com/banks/IBK.png]
2022-08-15 21:28:49.469 TRACE 22132 --- [    Test worker] o.h.type.descriptor.sql.BasicExtractor   : extracted value ([product12_11_] : [VARCHAR]) - [01211210113]
2022-08-15 21:28:49.470 TRACE 22132 --- [    Test worker] o.h.type.descriptor.sql.BasicExtractor   : extracted value ([scode_i13_11_] : [VARCHAR]) - [D001]
2022-08-15 21:28:49.471 TRACE 22132 --- [    Test worker] o.h.type.descriptor.sql.BasicExtractor   : extracted value ([term_ma14_11_] : [INTEGER]) - [12]
2022-08-15 21:28:49.472 TRACE 22132 --- [    Test worker] o.h.type.descriptor.sql.BasicExtractor   : extracted value ([term_mi15_11_] : [INTEGER]) - [6]
2022-08-15 21:28:49.472 TRACE 22132 --- [    Test worker] o.h.type.descriptor.sql.BasicExtractor   : extracted value ([col_0_0_] : [INTEGER]) - [34]
2022-08-15 21:28:49.472 TRACE 22132 --- [    Test worker] o.h.type.descriptor.sql.BasicExtractor   : extracted value ([col_1_0_] : [FLOAT]) - [2.25]
2022-08-15 21:28:49.472 TRACE 22132 --- [    Test worker] o.h.type.descriptor.sql.BasicExtractor   : extracted value ([col_2_0_] : [INTEGER]) - [80]
2022-08-15 21:28:49.472 TRACE 22132 --- [    Test worker] o.h.type.descriptor.sql.BasicExtractor   : extracted value ([product_1_11_] : [INTEGER]) - [43]
2022-08-15 21:28:49.473 TRACE 22132 --- [    Test worker] o.h.type.descriptor.sql.BasicExtractor   : extracted value ([age_max2_11_] : [INTEGER]) - [38]
2022-08-15 21:28:49.473 TRACE 22132 --- [    Test worker] o.h.type.descriptor.sql.BasicExtractor   : extracted value ([age_min3_11_] : [INTEGER]) - [18]
2022-08-15 21:28:49.473 TRACE 22132 --- [    Test worker] o.h.type.descriptor.sql.BasicExtractor   : extracted value ([bank_id4_11_] : [INTEGER]) - [10927]
2022-08-15 21:28:49.473 TRACE 22132 --- [    Test worker] o.h.type.descriptor.sql.BasicExtractor   : extracted value ([budget_m5_11_] : [BIGINT]) - [500000]
2022-08-15 21:28:49.473 TRACE 22132 --- [    Test worker] o.h.type.descriptor.sql.BasicExtractor   : extracted value ([budget_m6_11_] : [BIGINT]) - [null]
2022-08-15 21:28:49.476 TRACE 22132 --- [    Test worker] o.h.type.descriptor.sql.BasicExtractor   : extracted value ([etc7_11_] : [VARCHAR]) - [개인사업자 및 공동명의 가입 불가]
2022-08-15 21:28:49.476 TRACE 22132 --- [    Test worker] o.h.type.descriptor.sql.BasicExtractor   : extracted value ([is_depos8_11_] : [BOOLEAN]) - [false]
2022-08-15 21:28:49.476 TRACE 22132 --- [    Test worker] o.h.type.descriptor.sql.BasicExtractor   : extracted value ([is_enabl9_11_] : [BOOLEAN]) - [true]
2022-08-15 21:28:49.476 TRACE 22132 --- [    Test worker] o.h.type.descriptor.sql.BasicExtractor   : extracted value ([name10_11_] : [VARCHAR]) - [KB마이핏적금]
2022-08-15 21:28:49.476 TRACE 22132 --- [    Test worker] o.h.type.descriptor.sql.BasicExtractor   : extracted value ([picture11_11_] : [VARCHAR]) - [https://queant.s3.ap-northeast-2.amazonaws.com/banks/국민은행.png]
2022-08-15 21:28:49.476 TRACE 22132 --- [    Test worker] o.h.type.descriptor.sql.BasicExtractor   : extracted value ([product12_11_] : [VARCHAR]) - [010200100087]
2022-08-15 21:28:49.476 TRACE 22132 --- [    Test worker] o.h.type.descriptor.sql.BasicExtractor   : extracted value ([scode_i13_11_] : [VARCHAR]) - [D001]
2022-08-15 21:28:49.476 TRACE 22132 --- [    Test worker] o.h.type.descriptor.sql.BasicExtractor   : extracted value ([term_ma14_11_] : [INTEGER]) - [12]
2022-08-15 21:28:49.476 TRACE 22132 --- [    Test worker] o.h.type.descriptor.sql.BasicExtractor   : extracted value ([term_mi15_11_] : [INTEGER]) - [12]
2022-08-15 21:28:49.476 TRACE 22132 --- [    Test worker] o.h.type.descriptor.sql.BasicExtractor   : extracted value ([col_0_0_] : [INTEGER]) - [43]
2022-08-15 21:28:49.476 TRACE 22132 --- [    Test worker] o.h.type.descriptor.sql.BasicExtractor   : extracted value ([col_1_0_] : [FLOAT]) - [2.25]
2022-08-15 21:28:49.476 TRACE 22132 --- [    Test worker] o.h.type.descriptor.sql.BasicExtractor   : extracted value ([col_2_0_] : [INTEGER]) - [105]
2022-08-15 21:28:49.476 TRACE 22132 --- [    Test worker] o.h.type.descriptor.sql.BasicExtractor   : extracted value ([product_1_11_] : [INTEGER]) - [4]
2022-08-15 21:28:49.477 TRACE 22132 --- [    Test worker] o.h.type.descriptor.sql.BasicExtractor   : extracted value ([age_max2_11_] : [INTEGER]) - [null]
2022-08-15 21:28:49.480 TRACE 22132 --- [    Test worker] o.h.type.descriptor.sql.BasicExtractor   : extracted value ([age_min3_11_] : [INTEGER]) - [null]
2022-08-15 21:28:49.483 TRACE 22132 --- [    Test worker] o.h.type.descriptor.sql.BasicExtractor   : extracted value ([bank_id4_11_] : [INTEGER]) - [10001]
2022-08-15 21:28:49.486 TRACE 22132 --- [    Test worker] o.h.type.descriptor.sql.BasicExtractor   : extracted value ([budget_m5_11_] : [BIGINT]) - [500000]
2022-08-15 21:28:49.486 TRACE 22132 --- [    Test worker] o.h.type.descriptor.sql.BasicExtractor   : extracted value ([budget_m6_11_] : [BIGINT]) - [null]
2022-08-15 21:28:49.487 TRACE 22132 --- [    Test worker] o.h.type.descriptor.sql.BasicExtractor   : extracted value ([etc7_11_] : [VARCHAR]) - [스마트 뱅킹에서만 가입가능]
2022-08-15 21:28:49.490 TRACE 22132 --- [    Test worker] o.h.type.descriptor.sql.BasicExtractor   : extracted value ([is_depos8_11_] : [BOOLEAN]) - [false]
2022-08-15 21:28:49.490 TRACE 22132 --- [    Test worker] o.h.type.descriptor.sql.BasicExtractor   : extracted value ([is_enabl9_11_] : [BOOLEAN]) - [true]
2022-08-15 21:28:49.490 TRACE 22132 --- [    Test worker] o.h.type.descriptor.sql.BasicExtractor   : extracted value ([name10_11_] : [VARCHAR]) - [WON적금]
2022-08-15 21:28:49.491 TRACE 22132 --- [    Test worker] o.h.type.descriptor.sql.BasicExtractor   : extracted value ([picture11_11_] : [VARCHAR]) - [https://queant.s3.ap-northeast-2.amazonaws.com/banks/우리은행.png]
2022-08-15 21:28:49.491 TRACE 22132 --- [    Test worker] o.h.type.descriptor.sql.BasicExtractor   : extracted value ([product12_11_] : [VARCHAR]) - [WR0001L]
2022-08-15 21:28:49.491 TRACE 22132 --- [    Test worker] o.h.type.descriptor.sql.BasicExtractor   : extracted value ([scode_i13_11_] : [VARCHAR]) - [D001]
2022-08-15 21:28:49.493 TRACE 22132 --- [    Test worker] o.h.type.descriptor.sql.BasicExtractor   : extracted value ([term_ma14_11_] : [INTEGER]) - [12]
2022-08-15 21:28:49.494 TRACE 22132 --- [    Test worker] o.h.type.descriptor.sql.BasicExtractor   : extracted value ([term_mi15_11_] : [INTEGER]) - [12]
2022-08-15 21:28:49.495 TRACE 22132 --- [    Test worker] o.h.type.descriptor.sql.BasicExtractor   : extracted value ([col_0_0_] : [INTEGER]) - [4]
2022-08-15 21:28:49.496 TRACE 22132 --- [    Test worker] o.h.type.descriptor.sql.BasicExtractor   : extracted value ([col_1_0_] : [FLOAT]) - [2.2]
2022-08-15 21:28:49.498 TRACE 22132 --- [    Test worker] o.h.type.descriptor.sql.BasicExtractor   : extracted value ([col_2_0_] : [INTEGER]) - [2]
2022-08-15 21:28:49.498 TRACE 22132 --- [    Test worker] o.h.type.descriptor.sql.BasicExtractor   : extracted value ([product_1_11_] : [INTEGER]) - [19]
2022-08-15 21:28:49.499 TRACE 22132 --- [    Test worker] o.h.type.descriptor.sql.BasicExtractor   : extracted value ([age_max2_11_] : [INTEGER]) - [null]
2022-08-15 21:28:49.499 TRACE 22132 --- [    Test worker] o.h.type.descriptor.sql.BasicExtractor   : extracted value ([age_min3_11_] : [INTEGER]) - [null]
2022-08-15 21:28:49.499 TRACE 22132 --- [    Test worker] o.h.type.descriptor.sql.BasicExtractor   : extracted value ([bank_id4_11_] : [INTEGER]) - [10020]
2022-08-15 21:28:49.499 TRACE 22132 --- [    Test worker] o.h.type.descriptor.sql.BasicExtractor   : extracted value ([budget_m5_11_] : [BIGINT]) - [1000000]
2022-08-15 21:28:49.499 TRACE 22132 --- [    Test worker] o.h.type.descriptor.sql.BasicExtractor   : extracted value ([budget_m6_11_] : [BIGINT]) - [null]
2022-08-15 21:28:49.500 TRACE 22132 --- [    Test worker] o.h.type.descriptor.sql.BasicExtractor   : extracted value ([etc7_11_] : [VARCHAR]) - [1. 1인 1계좌
2. 가입금액 : 월불입 100만원이하]
2022-08-15 21:28:49.500 TRACE 22132 --- [    Test worker] o.h.type.descriptor.sql.BasicExtractor   : extracted value ([is_depos8_11_] : [BOOLEAN]) - [false]
2022-08-15 21:28:49.500 TRACE 22132 --- [    Test worker] o.h.type.descriptor.sql.BasicExtractor   : extracted value ([is_enabl9_11_] : [BOOLEAN]) - [true]
2022-08-15 21:28:49.500 TRACE 22132 --- [    Test worker] o.h.type.descriptor.sql.BasicExtractor   : extracted value ([name10_11_] : [VARCHAR]) - [행복을 가꾸는통장]
2022-08-15 21:28:49.500 TRACE 22132 --- [    Test worker] o.h.type.descriptor.sql.BasicExtractor   : extracted value ([picture11_11_] : [VARCHAR]) - [https://queant.s3.ap-northeast-2.amazonaws.com/banks/제주은행.png]
2022-08-15 21:28:49.500 TRACE 22132 --- [    Test worker] o.h.type.descriptor.sql.BasicExtractor   : extracted value ([product12_11_] : [VARCHAR]) - [220000701]
2022-08-15 21:28:49.500 TRACE 22132 --- [    Test worker] o.h.type.descriptor.sql.BasicExtractor   : extracted value ([scode_i13_11_] : [VARCHAR]) - [D001]
2022-08-15 21:28:49.501 TRACE 22132 --- [    Test worker] o.h.type.descriptor.sql.BasicExtractor   : extracted value ([term_ma14_11_] : [INTEGER]) - [36]
2022-08-15 21:28:49.501 TRACE 22132 --- [    Test worker] o.h.type.descriptor.sql.BasicExtractor   : extracted value ([term_mi15_11_] : [INTEGER]) - [12]
2022-08-15 21:28:49.502 TRACE 22132 --- [    Test worker] o.h.type.descriptor.sql.BasicExtractor   : extracted value ([col_0_0_] : [INTEGER]) - [19]
2022-08-15 21:28:49.502 TRACE 22132 --- [    Test worker] o.h.type.descriptor.sql.BasicExtractor   : extracted value ([col_1_0_] : [FLOAT]) - [2.05]
2022-08-15 21:28:49.502 TRACE 22132 --- [    Test worker] o.h.type.descriptor.sql.BasicExtractor   : extracted value ([col_2_0_] : [INTEGER]) - [42]
2022-08-15 21:28:49.502 TRACE 22132 --- [    Test worker] o.h.type.descriptor.sql.BasicExtractor   : extracted value ([product_1_11_] : [INTEGER]) - [44]
2022-08-15 21:28:49.503 TRACE 22132 --- [    Test worker] o.h.type.descriptor.sql.BasicExtractor   : extracted value ([age_max2_11_] : [INTEGER]) - [null]
2022-08-15 21:28:49.503 TRACE 22132 --- [    Test worker] o.h.type.descriptor.sql.BasicExtractor   : extracted value ([age_min3_11_] : [INTEGER]) - [null]
2022-08-15 21:28:49.503 TRACE 22132 --- [    Test worker] o.h.type.descriptor.sql.BasicExtractor   : extracted value ([bank_id4_11_] : [INTEGER]) - [10927]
2022-08-15 21:28:49.503 TRACE 22132 --- [    Test worker] o.h.type.descriptor.sql.BasicExtractor   : extracted value ([budget_m5_11_] : [BIGINT]) - [null]
2022-08-15 21:28:49.503 TRACE 22132 --- [    Test worker] o.h.type.descriptor.sql.BasicExtractor   : extracted value ([budget_m6_11_] : [BIGINT]) - [null]
2022-08-15 21:28:49.503 TRACE 22132 --- [    Test worker] o.h.type.descriptor.sql.BasicExtractor   : extracted value ([etc7_11_] : [VARCHAR]) - [KB스타뱅킹 전용상품]
2022-08-15 21:28:49.503 TRACE 22132 --- [    Test worker] o.h.type.descriptor.sql.BasicExtractor   : extracted value ([is_depos8_11_] : [BOOLEAN]) - [false]
2022-08-15 21:28:49.503 TRACE 22132 --- [    Test worker] o.h.type.descriptor.sql.BasicExtractor   : extracted value ([is_enabl9_11_] : [BOOLEAN]) - [true]
2022-08-15 21:28:49.503 TRACE 22132 --- [    Test worker] o.h.type.descriptor.sql.BasicExtractor   : extracted value ([name10_11_] : [VARCHAR]) - [KB반려행복적금]
2022-08-15 21:28:49.504 TRACE 22132 --- [    Test worker] o.h.type.descriptor.sql.BasicExtractor   : extracted value ([picture11_11_] : [VARCHAR]) - [https://queant.s3.ap-northeast-2.amazonaws.com/banks/국민은행.png]
2022-08-15 21:28:49.507 TRACE 22132 --- [    Test worker] o.h.type.descriptor.sql.BasicExtractor   : extracted value ([product12_11_] : [VARCHAR]) - [010200100092]
2022-08-15 21:28:49.507 TRACE 22132 --- [    Test worker] o.h.type.descriptor.sql.BasicExtractor   : extracted value ([scode_i13_11_] : [VARCHAR]) - [D001]
2022-08-15 21:28:49.507 TRACE 22132 --- [    Test worker] o.h.type.descriptor.sql.BasicExtractor   : extracted value ([term_ma14_11_] : [INTEGER]) - [36]
2022-08-15 21:28:49.507 TRACE 22132 --- [    Test worker] o.h.type.descriptor.sql.BasicExtractor   : extracted value ([term_mi15_11_] : [INTEGER]) - [12]
2022-08-15 21:28:49.507 TRACE 22132 --- [    Test worker] o.h.type.descriptor.sql.BasicExtractor   : extracted value ([col_0_0_] : [INTEGER]) - [44]
2022-08-15 21:28:49.507 TRACE 22132 --- [    Test worker] o.h.type.descriptor.sql.BasicExtractor   : extracted value ([col_1_0_] : [FLOAT]) - [1.85]
2022-08-15 21:28:49.508 TRACE 22132 --- [    Test worker] o.h.type.descriptor.sql.BasicExtractor   : extracted value ([col_2_0_] : [INTEGER]) - [108]
2022-08-15 21:28:49.508 TRACE 22132 --- [    Test worker] o.h.type.descriptor.sql.BasicExtractor   : extracted value ([product_1_11_] : [INTEGER]) - [5]
2022-08-15 21:28:49.508 TRACE 22132 --- [    Test worker] o.h.type.descriptor.sql.BasicExtractor   : extracted value ([age_max2_11_] : [INTEGER]) - [null]
2022-08-15 21:28:49.508 TRACE 22132 --- [    Test worker] o.h.type.descriptor.sql.BasicExtractor   : extracted value ([age_min3_11_] : [INTEGER]) - [null]
2022-08-15 21:28:49.508 TRACE 22132 --- [    Test worker] o.h.type.descriptor.sql.BasicExtractor   : extracted value ([bank_id4_11_] : [INTEGER]) - [10002]
2022-08-15 21:28:49.508 TRACE 22132 --- [    Test worker] o.h.type.descriptor.sql.BasicExtractor   : extracted value ([budget_m5_11_] : [BIGINT]) - [10000000]
2022-08-15 21:28:49.508 TRACE 22132 --- [    Test worker] o.h.type.descriptor.sql.BasicExtractor   : extracted value ([budget_m6_11_] : [BIGINT]) - [null]
2022-08-15 21:28:49.508 TRACE 22132 --- [    Test worker] o.h.type.descriptor.sql.BasicExtractor   : extracted value ([etc7_11_] : [VARCHAR]) - [해당없음]
2022-08-15 21:28:49.508 TRACE 22132 --- [    Test worker] o.h.type.descriptor.sql.BasicExtractor   : extracted value ([is_depos8_11_] : [BOOLEAN]) - [false]
2022-08-15 21:28:49.508 TRACE 22132 --- [    Test worker] o.h.type.descriptor.sql.BasicExtractor   : extracted value ([is_enabl9_11_] : [BOOLEAN]) - [true]
2022-08-15 21:28:49.508 TRACE 22132 --- [    Test worker] o.h.type.descriptor.sql.BasicExtractor   : extracted value ([name10_11_] : [VARCHAR]) - [퍼스트가계적금]
2022-08-15 21:28:49.510 TRACE 22132 --- [    Test worker] o.h.type.descriptor.sql.BasicExtractor   : extracted value ([picture11_11_] : [VARCHAR]) - [https://queant.s3.ap-northeast-2.amazonaws.com/banks/SC제일.png]
2022-08-15 21:28:49.510 TRACE 22132 --- [    Test worker] o.h.type.descriptor.sql.BasicExtractor   : extracted value ([product12_11_] : [VARCHAR]) - [00266451]
2022-08-15 21:28:49.510 TRACE 22132 --- [    Test worker] o.h.type.descriptor.sql.BasicExtractor   : extracted value ([scode_i13_11_] : [VARCHAR]) - [D001]
2022-08-15 21:28:49.512 TRACE 22132 --- [    Test worker] o.h.type.descriptor.sql.BasicExtractor   : extracted value ([term_ma14_11_] : [INTEGER]) - [36]
2022-08-15 21:28:49.512 TRACE 22132 --- [    Test worker] o.h.type.descriptor.sql.BasicExtractor   : extracted value ([term_mi15_11_] : [INTEGER]) - [6]
2022-08-15 21:28:49.513 TRACE 22132 --- [    Test worker] o.h.type.descriptor.sql.BasicExtractor   : extracted value ([col_0_0_] : [INTEGER]) - [5]
2022-08-15 21:28:49.513 TRACE 22132 --- [    Test worker] o.h.type.descriptor.sql.BasicExtractor   : extracted value ([col_1_0_] : [FLOAT]) - [1.85]
2022-08-15 21:28:49.514 TRACE 22132 --- [    Test worker] o.h.type.descriptor.sql.BasicExtractor   : extracted value ([col_2_0_] : [INTEGER]) - [3]
2022-08-15 21:28:49.515 TRACE 22132 --- [    Test worker] o.h.type.descriptor.sql.BasicExtractor   : extracted value ([product_1_11_] : [INTEGER]) - [51]
2022-08-15 21:28:49.515 TRACE 22132 --- [    Test worker] o.h.type.descriptor.sql.BasicExtractor   : extracted value ([age_max2_11_] : [INTEGER]) - [null]
2022-08-15 21:28:49.515 TRACE 22132 --- [    Test worker] o.h.type.descriptor.sql.BasicExtractor   : extracted value ([age_min3_11_] : [INTEGER]) - [null]
2022-08-15 21:28:49.515 TRACE 22132 --- [    Test worker] o.h.type.descriptor.sql.BasicExtractor   : extracted value ([bank_id4_11_] : [INTEGER]) - [11625]
2022-08-15 21:28:49.515 TRACE 22132 --- [    Test worker] o.h.type.descriptor.sql.BasicExtractor   : extracted value ([budget_m5_11_] : [BIGINT]) - [null]
2022-08-15 21:28:49.515 TRACE 22132 --- [    Test worker] o.h.type.descriptor.sql.BasicExtractor   : extracted value ([budget_m6_11_] : [BIGINT]) - [null]
2022-08-15 21:28:49.515 TRACE 22132 --- [    Test worker] o.h.type.descriptor.sql.BasicExtractor   : extracted value ([etc7_11_] : [VARCHAR]) - [1. 우대이율은 12개월이상 만기해지계좌에 한함]
2022-08-15 21:28:49.518 TRACE 22132 --- [    Test worker] o.h.type.descriptor.sql.BasicExtractor   : extracted value ([is_depos8_11_] : [BOOLEAN]) - [false]
2022-08-15 21:28:49.520 TRACE 22132 --- [    Test worker] o.h.type.descriptor.sql.BasicExtractor   : extracted value ([is_enabl9_11_] : [BOOLEAN]) - [true]
2022-08-15 21:28:49.523 TRACE 22132 --- [    Test worker] o.h.type.descriptor.sql.BasicExtractor   : extracted value ([name10_11_] : [VARCHAR]) - [신한 S드림(DREAM) 적금]
2022-08-15 21:28:49.524 TRACE 22132 --- [    Test worker] o.h.type.descriptor.sql.BasicExtractor   : extracted value ([picture11_11_] : [VARCHAR]) - [https://queant.s3.ap-northeast-2.amazonaws.com/banks/신한은행.png]
2022-08-15 21:28:49.524 TRACE 22132 --- [    Test worker] o.h.type.descriptor.sql.BasicExtractor   : extracted value ([product12_11_] : [VARCHAR]) - [230-0120-01]
2022-08-15 21:28:49.524 TRACE 22132 --- [    Test worker] o.h.type.descriptor.sql.BasicExtractor   : extracted value ([scode_i13_11_] : [VARCHAR]) - [D001]
2022-08-15 21:28:49.524 TRACE 22132 --- [    Test worker] o.h.type.descriptor.sql.BasicExtractor   : extracted value ([term_ma14_11_] : [INTEGER]) - [36]
2022-08-15 21:28:49.524 TRACE 22132 --- [    Test worker] o.h.type.descriptor.sql.BasicExtractor   : extracted value ([term_mi15_11_] : [INTEGER]) - [6]
2022-08-15 21:28:49.524 TRACE 22132 --- [    Test worker] o.h.type.descriptor.sql.BasicExtractor   : extracted value ([col_0_0_] : [INTEGER]) - [51]
2022-08-15 21:28:49.525 TRACE 22132 --- [    Test worker] o.h.type.descriptor.sql.BasicExtractor   : extracted value ([col_1_0_] : [FLOAT]) - [1.6]
2022-08-15 21:28:49.526 TRACE 22132 --- [    Test worker] o.h.type.descriptor.sql.BasicExtractor   : extracted value ([col_2_0_] : [INTEGER]) - [119]
2022-08-15 21:28:49.526 TRACE 22132 --- [    Test worker] o.h.type.descriptor.sql.BasicExtractor   : extracted value ([product_1_11_] : [INTEGER]) - [47]
2022-08-15 21:28:49.526 TRACE 22132 --- [    Test worker] o.h.type.descriptor.sql.BasicExtractor   : extracted value ([age_max2_11_] : [INTEGER]) - [null]
2022-08-15 21:28:49.526 TRACE 22132 --- [    Test worker] o.h.type.descriptor.sql.BasicExtractor   : extracted value ([age_min3_11_] : [INTEGER]) - [null]
2022-08-15 21:28:49.526 TRACE 22132 --- [    Test worker] o.h.type.descriptor.sql.BasicExtractor   : extracted value ([bank_id4_11_] : [INTEGER]) - [11625]
2022-08-15 21:28:49.526 TRACE 22132 --- [    Test worker] o.h.type.descriptor.sql.BasicExtractor   : extracted value ([budget_m5_11_] : [BIGINT]) - [200000]
2022-08-15 21:28:49.526 TRACE 22132 --- [    Test worker] o.h.type.descriptor.sql.BasicExtractor   : extracted value ([budget_m6_11_] : [BIGINT]) - [null]
2022-08-15 21:28:49.527 TRACE 22132 --- [    Test worker] o.h.type.descriptor.sql.BasicExtractor   : extracted value ([etc7_11_] : [VARCHAR]) - [1. 가입한도 : 
월 20만원 이하
2. 1인 1계좌]
2022-08-15 21:28:49.529 TRACE 22132 --- [    Test worker] o.h.type.descriptor.sql.BasicExtractor   : extracted value ([is_depos8_11_] : [BOOLEAN]) - [false]
2022-08-15 21:28:49.535 TRACE 22132 --- [    Test worker] o.h.type.descriptor.sql.BasicExtractor   : extracted value ([is_enabl9_11_] : [BOOLEAN]) - [true]
2022-08-15 21:28:49.536 TRACE 22132 --- [    Test worker] o.h.type.descriptor.sql.BasicExtractor   : extracted value ([name10_11_] : [VARCHAR]) - [신한 새희망적금]
2022-08-15 21:28:49.538 TRACE 22132 --- [    Test worker] o.h.type.descriptor.sql.BasicExtractor   : extracted value ([picture11_11_] : [VARCHAR]) - [https://queant.s3.ap-northeast-2.amazonaws.com/banks/신한은행.png]
2022-08-15 21:28:49.538 TRACE 22132 --- [    Test worker] o.h.type.descriptor.sql.BasicExtractor   : extracted value ([product12_11_] : [VARCHAR]) - [230-0119-20]
2022-08-15 21:28:49.539 TRACE 22132 --- [    Test worker] o.h.type.descriptor.sql.BasicExtractor   : extracted value ([scode_i13_11_] : [VARCHAR]) - [D001]
2022-08-15 21:28:49.540 TRACE 22132 --- [    Test worker] o.h.type.descriptor.sql.BasicExtractor   : extracted value ([term_ma14_11_] : [INTEGER]) - [36]
2022-08-15 21:28:49.540 TRACE 22132 --- [    Test worker] o.h.type.descriptor.sql.BasicExtractor   : extracted value ([term_mi15_11_] : [INTEGER]) - [36]
2022-08-15 21:28:49.541 TRACE 22132 --- [    Test worker] o.h.type.descriptor.sql.BasicExtractor   : extracted value ([col_0_0_] : [INTEGER]) - [47]
2022-08-15 21:28:49.542 TRACE 22132 --- [    Test worker] o.h.type.descriptor.sql.BasicExtractor   : extracted value ([col_1_0_] : [FLOAT]) - [1.6]
2022-08-15 21:28:49.542 TRACE 22132 --- [    Test worker] o.h.type.descriptor.sql.BasicExtractor   : extracted value ([col_2_0_] : [INTEGER]) - [113]
2022-08-15 21:28:49.564  INFO 22132 --- [    Test worker] c.s.q.m.r.p.SearchRepositoryImplTest     : [[Product(productId=37, productCode=03202, bankId=10030, name=KDB Hi 자유적금, scodeId=D001, isDeposit=false, ageMin=null, ageMax=null, budgetMin=null, budgetMax=3000000, termMin=12, termMax=36, etc=해당없음, isEnabled=true, picture=https://queant.s3.ap-northeast-2.amazonaws.com/banks/KDB.png), 3.61, 84], [Product(productId=36, productCode=03100, bankId=10030, name=정기적금, scodeId=D001, isDeposit=false, ageMin=null, ageMax=null, budgetMin=null, budgetMax=null, termMin=6, termMax=36, etc=해당없음, isEnabled=true, picture=https://queant.s3.ap-northeast-2.amazonaws.com/banks/KDB.png), 3.1, 82], [Product(productId=35, productCode=03010, bankId=10030, name=KDBdream 자유적금, scodeId=D001, isDeposit=false, ageMin=null, ageMax=null, budgetMin=null, budgetMax=5000000, termMin=12, termMax=36, etc=이자율 적용방식 선택 가능
1) 최초납입일 고정금리식
2) 수시납입일 고정금리식, isEnabled=true, picture=https://queant.s3.ap-northeast-2.amazonaws.com/banks/KDB.png), 3.05, 81], [Product(productId=32, productCode=01211210110, bankId=10026, name=IBK썸통장 (자유적립식), scodeId=D001, isDeposit=false, ageMin=null, ageMax=null, budgetMin=null, budgetMax=300000, termMin=12, termMax=12, etc=1인당 1계좌 가입가능하며, 계좌당 월적립금액 30만원 이하로 제한, isEnabled=true, picture=https://queant.s3.ap-northeast-2.amazonaws.com/banks/IBK.png), 3.0, 74], [Product(productId=48, productCode=230-0119-85, bankId=11625, name=신한 알.쏠 적금, scodeId=D001, isDeposit=false, ageMin=null, ageMax=null, budgetMin=null, budgetMax=3000000, termMin=12, termMax=36, etc=1. 가입한도: 
월300만원 이하
2. 1인 1계좌, isEnabled=true, picture=https://queant.s3.ap-northeast-2.amazonaws.com/banks/신한은행.png), 3.0, 114], [Product(productId=62, productCode=10140110400011, bankId=14807, name=Sh평생주거래우대적금, scodeId=D001, isDeposit=false, ageMin=null, ageMax=null, budgetMin=null, budgetMax=1000000, termMin=12, termMax=36, etc=- 1인 1계좌 
- 월 가입한도 : 100만원, isEnabled=true, picture=https://queant.s3.ap-northeast-2.amazonaws.com/banks/수협은행.png), 2.9, 146], [Product(productId=45, productCode=230-0109-67, bankId=11625, name=신한 마이홈 적금, scodeId=D001, isDeposit=false, ageMin=null, ageMax=null, budgetMin=null, budgetMax=200000, termMin=12, termMax=12, etc=1. 가입한도: 
월20만원이하
2. 1인 1계좌
3. 청약통장 가입일자가 상이하거나, 청약종합저축 가입 전 이 적금의 가입은 불가, isEnabled=true, picture=https://queant.s3.ap-northeast-2.amazonaws.com/banks/신한은행.png), 2.8, 109], [Product(productId=23, productCode=230000202, bankId=10020, name=사이버우대매일부금, scodeId=D001, isDeposit=false, ageMin=null, ageMax=null, budgetMin=null, budgetMax=null, termMin=6, termMax=36, etc="해당 없음", isEnabled=true, picture=https://queant.s3.ap-northeast-2.amazonaws.com/banks/제주은행.png), 2.7, 51], [Product(productId=63, productCode=10140111600061 10141111600051, bankId=14807, name=Sh보고싶다!명태야적금Ⅱ(개인), scodeId=D001, isDeposit=false, ageMin=null, ageMax=null, budgetMin=null, budgetMax=1000000, termMin=12, termMax=36, etc=- 1인 1계좌 
- 월 가입한도 : 100만원, isEnabled=true, picture=https://queant.s3.ap-northeast-2.amazonaws.com/banks/수협은행.png), 2.6, 153], [Product(productId=21, productCode=220002101, bankId=10020, name=jBANK 저금통적금, scodeId=D001, isDeposit=false, ageMin=null, ageMax=null, budgetMin=null, budgetMax=500000, termMin=6, termMax=12, etc=월 납입한도 50만원 이하, isEnabled=true, picture=https://queant.s3.ap-northeast-2.amazonaws.com/banks/제주은행.png), 2.5, 47], [Product(productId=46, productCode=230-0118-07, bankId=11625, name=신한스마트적금, scodeId=D001, isDeposit=false, ageMin=null, ageMax=null, budgetMin=null, budgetMax=1000000, termMin=12, termMax=12, etc=1. 가입한도 : 
월 100만원 이하
2. 가입방법 : 
스마트폰
3. 1인 1계좌, isEnabled=true, picture=https://queant.s3.ap-northeast-2.amazonaws.com/banks/신한은행.png), 2.4, 110], [Product(productId=50, productCode=230-0119-87, bankId=11625, name=아름다운 용기 적금, scodeId=D001, isDeposit=false, ageMin=null, ageMax=null, budgetMin=null, budgetMax=500000, termMin=12, termMax=12, etc=1. 가입한도: 
월50만원이하
2. 1인 1계좌, isEnabled=true, picture=https://queant.s3.ap-northeast-2.amazonaws.com/banks/신한은행.png), 2.4, 116], [Product(productId=3, productCode=WR0001F, bankId=10001, name=우리SUPER주거래적금, scodeId=D001, isDeposit=false, ageMin=null, ageMax=null, budgetMin=null, budgetMax=500000, termMin=12, termMax=36, etc=-거래실적인정기간:신규일이 포함된 달로부터 만기일이 속한 달의 전전달까지
-우대조건 필수 충족기간 : 1년: 6개월 이상 / 2년: 12개월 이상 / 3년 : 18개월 이상, isEnabled=true, picture=https://queant.s3.ap-northeast-2.amazonaws.com/banks/우리은행.png), 2.35, 1], [Product(productId=34, productCode=01211210113, bankId=10026, name=IBK D-day적금 (자유적립식), scodeId=D001, isDeposit=false, ageMin=null, ageMax=null, budgetMin=null, budgetMax=200000, termMin=6, termMax=12, etc=1인당 3계좌 가입가능하며, 계좌당 월적립금액 20만원 이하로 제한, isEnabled=true, picture=https://queant.s3.ap-northeast-2.amazonaws.com/banks/IBK.png), 2.25, 80], [Product(productId=43, productCode=010200100087, bankId=10927, name=KB마이핏적금, scodeId=D001, isDeposit=false, ageMin=18, ageMax=38, budgetMin=null, budgetMax=500000, termMin=12, termMax=12, etc=개인사업자 및 공동명의 가입 불가, isEnabled=true, picture=https://queant.s3.ap-northeast-2.amazonaws.com/banks/국민은행.png), 2.25, 105], [Product(productId=4, productCode=WR0001L, bankId=10001, name=WON적금, scodeId=D001, isDeposit=false, ageMin=null, ageMax=null, budgetMin=null, budgetMax=500000, termMin=12, termMax=12, etc=스마트 뱅킹에서만 가입가능, isEnabled=true, picture=https://queant.s3.ap-northeast-2.amazonaws.com/banks/우리은행.png), 2.2, 2], [Product(productId=19, productCode=220000701, bankId=10020, name=행복을 가꾸는통장, scodeId=D001, isDeposit=false, ageMin=null, ageMax=null, budgetMin=null, budgetMax=1000000, termMin=12, termMax=36, etc=1. 1인 1계좌
2. 가입금액 : 월불입 100만원이하, isEnabled=true, picture=https://queant.s3.ap-northeast-2.amazonaws.com/banks/제주은행.png), 2.05, 42], [Product(productId=44, productCode=010200100092, bankId=10927, name=KB반려행복적금, scodeId=D001, isDeposit=false, ageMin=null, ageMax=null, budgetMin=null, budgetMax=null, termMin=12, termMax=36, etc=KB스타뱅킹 전용상품, isEnabled=true, picture=https://queant.s3.ap-northeast-2.amazonaws.com/banks/국민은행.png), 1.85, 108], [Product(productId=5, productCode=00266451, bankId=10002, name=퍼스트가계적금, scodeId=D001, isDeposit=false, ageMin=null, ageMax=null, budgetMin=null, budgetMax=10000000, termMin=6, termMax=36, etc=해당없음, isEnabled=true, picture=https://queant.s3.ap-northeast-2.amazonaws.com/banks/SC제일.png), 1.85, 3], [Product(productId=51, productCode=230-0120-01, bankId=11625, name=신한 S드림(DREAM) 적금, scodeId=D001, isDeposit=false, ageMin=null, ageMax=null, budgetMin=null, budgetMax=null, termMin=6, termMax=36, etc=1. 우대이율은 12개월이상 만기해지계좌에 한함, isEnabled=true, picture=https://queant.s3.ap-northeast-2.amazonaws.com/banks/신한은행.png), 1.6, 119], [Product(productId=47, productCode=230-0119-20, bankId=11625, name=신한 새희망적금, scodeId=D001, isDeposit=false, ageMin=null, ageMax=null, budgetMin=null, budgetMax=200000, termMin=36, termMax=36, etc=1. 가입한도 : 
월 20만원 이하
2. 1인 1계좌, isEnabled=true, picture=https://queant.s3.ap-northeast-2.amazonaws.com/banks/신한은행.png), 1.6, 113]]
2022-08-15 21:28:49.597  INFO 22132 --- [    Test worker] c.s.q.m.r.p.SearchRepositoryImplTest     : [TUPLE]: [Product(productId=37, productCode=03202, bankId=10030, name=KDB Hi 자유적금, scodeId=D001, isDeposit=false, ageMin=null, ageMax=null, budgetMin=null, budgetMax=3000000, termMin=12, termMax=36, etc=해당없음, isEnabled=true, picture=https://queant.s3.ap-northeast-2.amazonaws.com/banks/KDB.png), 3.61, 84]
2022-08-15 21:28:49.600  INFO 22132 --- [    Test worker] c.s.q.m.r.p.SearchRepositoryImplTest     : [TUPLE]: [Product(productId=36, productCode=03100, bankId=10030, name=정기적금, scodeId=D001, isDeposit=false, ageMin=null, ageMax=null, budgetMin=null, budgetMax=null, termMin=6, termMax=36, etc=해당없음, isEnabled=true, picture=https://queant.s3.ap-northeast-2.amazonaws.com/banks/KDB.png), 3.1, 82]
2022-08-15 21:28:49.600  INFO 22132 --- [    Test worker] c.s.q.m.r.p.SearchRepositoryImplTest     : [TUPLE]: [Product(productId=35, productCode=03010, bankId=10030, name=KDBdream 자유적금, scodeId=D001, isDeposit=false, ageMin=null, ageMax=null, budgetMin=null, budgetMax=5000000, termMin=12, termMax=36, etc=이자율 적용방식 선택 가능
1) 최초납입일 고정금리식
2) 수시납입일 고정금리식, isEnabled=true, picture=https://queant.s3.ap-northeast-2.amazonaws.com/banks/KDB.png), 3.05, 81]
2022-08-15 21:28:49.600  INFO 22132 --- [    Test worker] c.s.q.m.r.p.SearchRepositoryImplTest     : [TUPLE]: [Product(productId=32, productCode=01211210110, bankId=10026, name=IBK썸통장 (자유적립식), scodeId=D001, isDeposit=false, ageMin=null, ageMax=null, budgetMin=null, budgetMax=300000, termMin=12, termMax=12, etc=1인당 1계좌 가입가능하며, 계좌당 월적립금액 30만원 이하로 제한, isEnabled=true, picture=https://queant.s3.ap-northeast-2.amazonaws.com/banks/IBK.png), 3.0, 74]
2022-08-15 21:28:49.601  INFO 22132 --- [    Test worker] c.s.q.m.r.p.SearchRepositoryImplTest     : [TUPLE]: [Product(productId=48, productCode=230-0119-85, bankId=11625, name=신한 알.쏠 적금, scodeId=D001, isDeposit=false, ageMin=null, ageMax=null, budgetMin=null, budgetMax=3000000, termMin=12, termMax=36, etc=1. 가입한도: 
월300만원 이하
2. 1인 1계좌, isEnabled=true, picture=https://queant.s3.ap-northeast-2.amazonaws.com/banks/신한은행.png), 3.0, 114]
2022-08-15 21:28:49.601  INFO 22132 --- [    Test worker] c.s.q.m.r.p.SearchRepositoryImplTest     : [TUPLE]: [Product(productId=62, productCode=10140110400011, bankId=14807, name=Sh평생주거래우대적금, scodeId=D001, isDeposit=false, ageMin=null, ageMax=null, budgetMin=null, budgetMax=1000000, termMin=12, termMax=36, etc=- 1인 1계좌 
- 월 가입한도 : 100만원, isEnabled=true, picture=https://queant.s3.ap-northeast-2.amazonaws.com/banks/수협은행.png), 2.9, 146]
2022-08-15 21:28:49.601  INFO 22132 --- [    Test worker] c.s.q.m.r.p.SearchRepositoryImplTest     : [TUPLE]: [Product(productId=45, productCode=230-0109-67, bankId=11625, name=신한 마이홈 적금, scodeId=D001, isDeposit=false, ageMin=null, ageMax=null, budgetMin=null, budgetMax=200000, termMin=12, termMax=12, etc=1. 가입한도: 
월20만원이하
2. 1인 1계좌
3. 청약통장 가입일자가 상이하거나, 청약종합저축 가입 전 이 적금의 가입은 불가, isEnabled=true, picture=https://queant.s3.ap-northeast-2.amazonaws.com/banks/신한은행.png), 2.8, 109]
2022-08-15 21:28:49.601  INFO 22132 --- [    Test worker] c.s.q.m.r.p.SearchRepositoryImplTest     : [TUPLE]: [Product(productId=23, productCode=230000202, bankId=10020, name=사이버우대매일부금, scodeId=D001, isDeposit=false, ageMin=null, ageMax=null, budgetMin=null, budgetMax=null, termMin=6, termMax=36, etc="해당 없음", isEnabled=true, picture=https://queant.s3.ap-northeast-2.amazonaws.com/banks/제주은행.png), 2.7, 51]
2022-08-15 21:28:49.601  INFO 22132 --- [    Test worker] c.s.q.m.r.p.SearchRepositoryImplTest     : [TUPLE]: [Product(productId=63, productCode=10140111600061 10141111600051, bankId=14807, name=Sh보고싶다!명태야적금Ⅱ(개인), scodeId=D001, isDeposit=false, ageMin=null, ageMax=null, budgetMin=null, budgetMax=1000000, termMin=12, termMax=36, etc=- 1인 1계좌 
- 월 가입한도 : 100만원, isEnabled=true, picture=https://queant.s3.ap-northeast-2.amazonaws.com/banks/수협은행.png), 2.6, 153]
2022-08-15 21:28:49.602  INFO 22132 --- [    Test worker] c.s.q.m.r.p.SearchRepositoryImplTest     : [TUPLE]: [Product(productId=21, productCode=220002101, bankId=10020, name=jBANK 저금통적금, scodeId=D001, isDeposit=false, ageMin=null, ageMax=null, budgetMin=null, budgetMax=500000, termMin=6, termMax=12, etc=월 납입한도 50만원 이하, isEnabled=true, picture=https://queant.s3.ap-northeast-2.amazonaws.com/banks/제주은행.png), 2.5, 47]
2022-08-15 21:28:49.602  INFO 22132 --- [    Test worker] c.s.q.m.r.p.SearchRepositoryImplTest     : [TUPLE]: [Product(productId=46, productCode=230-0118-07, bankId=11625, name=신한스마트적금, scodeId=D001, isDeposit=false, ageMin=null, ageMax=null, budgetMin=null, budgetMax=1000000, termMin=12, termMax=12, etc=1. 가입한도 : 
월 100만원 이하
2. 가입방법 : 
스마트폰
3. 1인 1계좌, isEnabled=true, picture=https://queant.s3.ap-northeast-2.amazonaws.com/banks/신한은행.png), 2.4, 110]
2022-08-15 21:28:49.602  INFO 22132 --- [    Test worker] c.s.q.m.r.p.SearchRepositoryImplTest     : [TUPLE]: [Product(productId=50, productCode=230-0119-87, bankId=11625, name=아름다운 용기 적금, scodeId=D001, isDeposit=false, ageMin=null, ageMax=null, budgetMin=null, budgetMax=500000, termMin=12, termMax=12, etc=1. 가입한도: 
월50만원이하
2. 1인 1계좌, isEnabled=true, picture=https://queant.s3.ap-northeast-2.amazonaws.com/banks/신한은행.png), 2.4, 116]
2022-08-15 21:28:49.603  INFO 22132 --- [    Test worker] c.s.q.m.r.p.SearchRepositoryImplTest     : [TUPLE]: [Product(productId=3, productCode=WR0001F, bankId=10001, name=우리SUPER주거래적금, scodeId=D001, isDeposit=false, ageMin=null, ageMax=null, budgetMin=null, budgetMax=500000, termMin=12, termMax=36, etc=-거래실적인정기간:신규일이 포함된 달로부터 만기일이 속한 달의 전전달까지
-우대조건 필수 충족기간 : 1년: 6개월 이상 / 2년: 12개월 이상 / 3년 : 18개월 이상, isEnabled=true, picture=https://queant.s3.ap-northeast-2.amazonaws.com/banks/우리은행.png), 2.35, 1]
2022-08-15 21:28:49.603  INFO 22132 --- [    Test worker] c.s.q.m.r.p.SearchRepositoryImplTest     : [TUPLE]: [Product(productId=34, productCode=01211210113, bankId=10026, name=IBK D-day적금 (자유적립식), scodeId=D001, isDeposit=false, ageMin=null, ageMax=null, budgetMin=null, budgetMax=200000, termMin=6, termMax=12, etc=1인당 3계좌 가입가능하며, 계좌당 월적립금액 20만원 이하로 제한, isEnabled=true, picture=https://queant.s3.ap-northeast-2.amazonaws.com/banks/IBK.png), 2.25, 80]
2022-08-15 21:28:49.603  INFO 22132 --- [    Test worker] c.s.q.m.r.p.SearchRepositoryImplTest     : [TUPLE]: [Product(productId=43, productCode=010200100087, bankId=10927, name=KB마이핏적금, scodeId=D001, isDeposit=false, ageMin=18, ageMax=38, budgetMin=null, budgetMax=500000, termMin=12, termMax=12, etc=개인사업자 및 공동명의 가입 불가, isEnabled=true, picture=https://queant.s3.ap-northeast-2.amazonaws.com/banks/국민은행.png), 2.25, 105]
2022-08-15 21:28:49.604  INFO 22132 --- [    Test worker] c.s.q.m.r.p.SearchRepositoryImplTest     : [TUPLE]: [Product(productId=4, productCode=WR0001L, bankId=10001, name=WON적금, scodeId=D001, isDeposit=false, ageMin=null, ageMax=null, budgetMin=null, budgetMax=500000, termMin=12, termMax=12, etc=스마트 뱅킹에서만 가입가능, isEnabled=true, picture=https://queant.s3.ap-northeast-2.amazonaws.com/banks/우리은행.png), 2.2, 2]
2022-08-15 21:28:49.604  INFO 22132 --- [    Test worker] c.s.q.m.r.p.SearchRepositoryImplTest     : [TUPLE]: [Product(productId=19, productCode=220000701, bankId=10020, name=행복을 가꾸는통장, scodeId=D001, isDeposit=false, ageMin=null, ageMax=null, budgetMin=null, budgetMax=1000000, termMin=12, termMax=36, etc=1. 1인 1계좌
2. 가입금액 : 월불입 100만원이하, isEnabled=true, picture=https://queant.s3.ap-northeast-2.amazonaws.com/banks/제주은행.png), 2.05, 42]
2022-08-15 21:28:49.604  INFO 22132 --- [    Test worker] c.s.q.m.r.p.SearchRepositoryImplTest     : [TUPLE]: [Product(productId=44, productCode=010200100092, bankId=10927, name=KB반려행복적금, scodeId=D001, isDeposit=false, ageMin=null, ageMax=null, budgetMin=null, budgetMax=null, termMin=12, termMax=36, etc=KB스타뱅킹 전용상품, isEnabled=true, picture=https://queant.s3.ap-northeast-2.amazonaws.com/banks/국민은행.png), 1.85, 108]
2022-08-15 21:28:49.607  INFO 22132 --- [    Test worker] c.s.q.m.r.p.SearchRepositoryImplTest     : [TUPLE]: [Product(productId=5, productCode=00266451, bankId=10002, name=퍼스트가계적금, scodeId=D001, isDeposit=false, ageMin=null, ageMax=null, budgetMin=null, budgetMax=10000000, termMin=6, termMax=36, etc=해당없음, isEnabled=true, picture=https://queant.s3.ap-northeast-2.amazonaws.com/banks/SC제일.png), 1.85, 3]
2022-08-15 21:28:49.608  INFO 22132 --- [    Test worker] c.s.q.m.r.p.SearchRepositoryImplTest     : [TUPLE]: [Product(productId=51, productCode=230-0120-01, bankId=11625, name=신한 S드림(DREAM) 적금, scodeId=D001, isDeposit=false, ageMin=null, ageMax=null, budgetMin=null, budgetMax=null, termMin=6, termMax=36, etc=1. 우대이율은 12개월이상 만기해지계좌에 한함, isEnabled=true, picture=https://queant.s3.ap-northeast-2.amazonaws.com/banks/신한은행.png), 1.6, 119]
2022-08-15 21:28:49.608  INFO 22132 --- [    Test worker] c.s.q.m.r.p.SearchRepositoryImplTest     : [TUPLE]: [Product(productId=47, productCode=230-0119-20, bankId=11625, name=신한 새희망적금, scodeId=D001, isDeposit=false, ageMin=null, ageMax=null, budgetMin=null, budgetMax=200000, termMin=36, termMax=36, etc=1. 가입한도 : 
월 20만원 이하
2. 1인 1계좌, isEnabled=true, picture=https://queant.s3.ap-northeast-2.amazonaws.com/banks/신한은행.png), 1.6, 113]
2022-08-15 21:28:49.608  INFO 22132 --- [    Test worker] c.s.q.m.r.p.SearchRepositoryImplTest     : 21
]]></system-out>
  <system-err><![CDATA[]]></system-err>
</testsuite>
